<?xml version="1.0" encoding="UTF-8"?>
<coverage generated="1771207431215" clover="3.2.0">
  <project timestamp="1771207431215" name="All files">
    <metrics statements="1228" coveredstatements="1228" conditionals="652" coveredconditionals="652" methods="140" coveredmethods="140" elements="2020" coveredelements="2020" complexity="0" loc="1228" ncloc="1228" packages="4" files="19" classes="19"/>
    <package name="bot">
      <metrics statements="78" coveredstatements="78" conditionals="32" coveredconditionals="32" methods="24" coveredmethods="24"/>
      <file name="telegramBot.js" path="/Users/moseslee/Desktop/Bird-Sighting-Bot/src/bot/telegramBot.js">
        <metrics statements="78" coveredstatements="78" conditionals="32" coveredconditionals="32" methods="24" coveredmethods="24"/>
        <line num="8" count="1" type="stmt"/>
        <line num="9" count="1" type="stmt"/>
        <line num="10" count="1" type="stmt"/>
        <line num="11" count="1" type="stmt"/>
        <line num="24" count="1" type="stmt"/>
        <line num="28" count="54" type="stmt"/>
        <line num="29" count="54" type="stmt"/>
        <line num="30" count="54" type="cond" truecount="2" falsecount="0"/>
        <line num="32" count="54" type="stmt"/>
        <line num="34" count="54" type="stmt"/>
        <line num="35" count="54" type="stmt"/>
        <line num="36" count="54" type="stmt"/>
        <line num="37" count="54" type="stmt"/>
        <line num="38" count="54" type="stmt"/>
        <line num="39" count="54" type="stmt"/>
        <line num="42" count="54" type="stmt"/>
        <line num="43" count="54" type="stmt"/>
        <line num="44" count="54" type="stmt"/>
        <line num="47" count="54" type="stmt"/>
        <line num="48" count="54" type="stmt"/>
        <line num="50" count="54" type="stmt"/>
        <line num="51" count="54" type="stmt"/>
        <line num="59" count="54" type="cond" truecount="2" falsecount="0"/>
        <line num="60" count="1" type="stmt"/>
        <line num="62" count="53" type="stmt"/>
        <line num="67" count="54" type="stmt"/>
        <line num="68" count="2" type="cond" truecount="2" falsecount="0"/>
        <line num="70" count="54" type="stmt"/>
        <line num="71" count="2" type="cond" truecount="2" falsecount="0"/>
        <line num="77" count="1" type="stmt"/>
        <line num="82" count="54" type="stmt"/>
        <line num="97" count="594" type="stmt"/>
        <line num="98" count="17" type="stmt"/>
        <line num="100" count="17" type="stmt"/>
        <line num="101" count="17" type="cond" truecount="3" falsecount="0"/>
        <line num="102" count="17" type="cond" truecount="4" falsecount="0"/>
        <line num="103" count="2" type="stmt"/>
        <line num="104" count="2" type="stmt"/>
        <line num="105" count="2" type="stmt"/>
        <line num="107" count="15" type="stmt"/>
        <line num="109" count="5" type="stmt"/>
        <line num="111" count="5" type="stmt"/>
        <line num="112" count="5" type="stmt"/>
        <line num="113" count="5" type="cond" truecount="3" falsecount="0"/>
        <line num="116" count="5" type="cond" truecount="2" falsecount="0"/>
        <line num="117" count="3" type="stmt"/>
        <line num="134" count="54" type="stmt"/>
        <line num="135" count="54" type="stmt"/>
        <line num="136" count="54" type="stmt"/>
        <line num="137" count="54" type="stmt"/>
        <line num="138" count="54" type="stmt"/>
        <line num="139" count="54" type="stmt"/>
        <line num="140" count="54" type="stmt"/>
        <line num="141" count="54" type="stmt"/>
        <line num="144" count="54" type="stmt"/>
        <line num="147" count="54" type="stmt"/>
        <line num="150" count="54" type="stmt"/>
        <line num="152" count="54" type="stmt"/>
        <line num="158" count="20" type="stmt"/>
        <line num="159" count="20" type="stmt"/>
        <line num="164" count="4" type="stmt"/>
        <line num="166" count="4" type="cond" truecount="2" falsecount="0"/>
        <line num="167" count="1" type="stmt"/>
        <line num="176" count="4" type="cond" truecount="2" falsecount="0"/>
        <line num="177" count="2" type="stmt"/>
        <line num="178" count="2" type="stmt"/>
        <line num="183" count="1" type="stmt"/>
        <line num="191" count="111" type="stmt"/>
        <line num="192" count="111" type="stmt"/>
        <line num="194" count="111" type="cond" truecount="4" falsecount="0"/>
        <line num="196" count="22" type="stmt"/>
        <line num="197" count="22" type="stmt"/>
        <line num="200" count="89" type="stmt"/>
        <line num="201" count="89" type="cond" truecount="2" falsecount="0"/>
        <line num="202" count="5" type="stmt"/>
        <line num="204" count="84" type="stmt"/>
        <line num="210" count="1" type="stmt"/>
        <line num="222" count="1" type="stmt"/>
      </file>
    </package>
    <package name="bot.handlers">
      <metrics statements="713" coveredstatements="713" conditionals="369" coveredconditionals="369" methods="41" coveredmethods="41"/>
      <file name="callbackHandlers.js" path="/Users/moseslee/Desktop/Bird-Sighting-Bot/src/bot/handlers/callbackHandlers.js">
        <metrics statements="197" coveredstatements="197" conditionals="107" coveredconditionals="107" methods="4" coveredmethods="4"/>
        <line num="4" count="2" type="stmt"/>
        <line num="13" count="2" type="stmt"/>
        <line num="15" count="2" type="stmt"/>
        <line num="17" count="35" type="stmt"/>
        <line num="18" count="35" type="stmt"/>
        <line num="19" count="35" type="stmt"/>
        <line num="22" count="35" type="stmt"/>
        <line num="25" count="34" type="cond" truecount="2" falsecount="0"/>
        <line num="26" count="1" type="stmt"/>
        <line num="27" count="1" type="stmt"/>
        <line num="31" count="33" type="cond" truecount="2" falsecount="0"/>
        <line num="33" count="2" type="stmt"/>
        <line num="36" count="31" type="cond" truecount="2" falsecount="0"/>
        <line num="37" count="3" type="stmt"/>
        <line num="38" count="3" type="stmt"/>
        <line num="39" count="3" type="stmt"/>
        <line num="41" count="3" type="stmt"/>
        <line num="42" count="3" type="stmt"/>
        <line num="44" count="3" type="cond" truecount="2" falsecount="0"/>
        <line num="46" count="2" type="stmt"/>
        <line num="48" count="3" type="stmt"/>
        <line num="52" count="28" type="cond" truecount="2" falsecount="0"/>
        <line num="53" count="2" type="stmt"/>
        <line num="54" count="2" type="stmt"/>
        <line num="55" count="2" type="stmt"/>
        <line num="57" count="2" type="cond" truecount="2" falsecount="0"/>
        <line num="58" count="1" type="stmt"/>
        <line num="59" count="1" type="stmt"/>
        <line num="65" count="1" type="stmt"/>
        <line num="67" count="2" type="stmt"/>
        <line num="71" count="26" type="cond" truecount="2" falsecount="0"/>
        <line num="72" count="2" type="stmt"/>
        <line num="73" count="2" type="stmt"/>
        <line num="74" count="2" type="stmt"/>
        <line num="76" count="2" type="cond" truecount="2" falsecount="0"/>
        <line num="77" count="1" type="stmt"/>
        <line num="78" count="1" type="stmt"/>
        <line num="79" count="1" type="stmt"/>
        <line num="81" count="1" type="stmt"/>
        <line num="83" count="2" type="stmt"/>
        <line num="87" count="24" type="cond" truecount="2" falsecount="0"/>
        <line num="88" count="2" type="stmt"/>
        <line num="89" count="2" type="stmt"/>
        <line num="90" count="2" type="stmt"/>
        <line num="92" count="2" type="cond" truecount="2" falsecount="0"/>
        <line num="93" count="1" type="stmt"/>
        <line num="94" count="1" type="stmt"/>
        <line num="95" count="1" type="stmt"/>
        <line num="97" count="1" type="stmt"/>
        <line num="99" count="2" type="stmt"/>
        <line num="103" count="22" type="cond" truecount="2" falsecount="0"/>
        <line num="104" count="2" type="stmt"/>
        <line num="105" count="2" type="stmt"/>
        <line num="107" count="2" type="stmt"/>
        <line num="108" count="2" type="stmt"/>
        <line num="110" count="2" type="cond" truecount="2" falsecount="0"/>
        <line num="112" count="1" type="stmt"/>
        <line num="114" count="1" type="stmt"/>
        <line num="119" count="1" type="stmt"/>
        <line num="123" count="1" type="stmt"/>
        <line num="125" count="2" type="stmt"/>
        <line num="129" count="20" type="cond" truecount="2" falsecount="0"/>
        <line num="130" count="2" type="stmt"/>
        <line num="131" count="2" type="stmt"/>
        <line num="132" count="2" type="stmt"/>
        <line num="134" count="2" type="cond" truecount="2" falsecount="0"/>
        <line num="135" count="1" type="stmt"/>
        <line num="136" count="1" type="stmt"/>
        <line num="137" count="1" type="stmt"/>
        <line num="139" count="1" type="stmt"/>
        <line num="141" count="2" type="stmt"/>
        <line num="145" count="18" type="cond" truecount="2" falsecount="0"/>
        <line num="146" count="1" type="stmt"/>
        <line num="147" count="1" type="stmt"/>
        <line num="150" count="17" type="cond" truecount="2" falsecount="0"/>
        <line num="151" count="1" type="stmt"/>
        <line num="152" count="1" type="stmt"/>
        <line num="153" count="16" type="cond" truecount="2" falsecount="0"/>
        <line num="154" count="1" type="stmt"/>
        <line num="155" count="1" type="stmt"/>
        <line num="156" count="15" type="cond" truecount="2" falsecount="0"/>
        <line num="158" count="2" type="stmt"/>
        <line num="159" count="2" type="stmt"/>
        <line num="160" count="2" type="stmt"/>
        <line num="163" count="2" type="stmt"/>
        <line num="164" count="2" type="stmt"/>
        <line num="166" count="2" type="cond" truecount="2" falsecount="0"/>
        <line num="167" count="1" type="stmt"/>
        <line num="172" count="1" type="stmt"/>
        <line num="174" count="13" type="cond" truecount="2" falsecount="0"/>
        <line num="175" count="1" type="stmt"/>
        <line num="176" count="12" type="cond" truecount="2" falsecount="0"/>
        <line num="177" count="1" type="stmt"/>
        <line num="181" count="17" type="cond" truecount="2" falsecount="0"/>
        <line num="182" count="2" type="stmt"/>
        <line num="183" count="2" type="stmt"/>
        <line num="184" count="2" type="cond" truecount="4" falsecount="0"/>
        <line num="185" count="1" type="stmt"/>
        <line num="186" count="1" type="stmt"/>
        <line num="187" count="1" type="stmt"/>
        <line num="189" count="1" type="stmt"/>
        <line num="191" count="2" type="stmt"/>
        <line num="195" count="15" type="cond" truecount="2" falsecount="0"/>
        <line num="196" count="1" type="stmt"/>
        <line num="197" count="1" type="stmt"/>
        <line num="200" count="1" type="stmt"/>
        <line num="213" count="1" type="stmt"/>
        <line num="216" count="1" type="stmt"/>
        <line num="220" count="14" type="cond" truecount="2" falsecount="0"/>
        <line num="221" count="1" type="stmt"/>
        <line num="222" count="1" type="stmt"/>
        <line num="224" count="13" type="cond" truecount="2" falsecount="0"/>
        <line num="225" count="1" type="stmt"/>
        <line num="226" count="1" type="stmt"/>
        <line num="228" count="12" type="cond" truecount="2" falsecount="0"/>
        <line num="229" count="1" type="stmt"/>
        <line num="230" count="1" type="stmt"/>
        <line num="232" count="11" type="cond" truecount="2" falsecount="0"/>
        <line num="233" count="1" type="stmt"/>
        <line num="234" count="1" type="stmt"/>
        <line num="236" count="10" type="cond" truecount="2" falsecount="0"/>
        <line num="237" count="1" type="stmt"/>
        <line num="238" count="1" type="stmt"/>
        <line num="240" count="9" type="cond" truecount="2" falsecount="0"/>
        <line num="241" count="1" type="stmt"/>
        <line num="242" count="1" type="stmt"/>
        <line num="246" count="8" type="cond" truecount="2" falsecount="0"/>
        <line num="247" count="2" type="stmt"/>
        <line num="248" count="2" type="stmt"/>
        <line num="249" count="2" type="stmt"/>
        <line num="258" count="12" type="stmt"/>
        <line num="260" count="12" type="stmt"/>
        <line num="266" count="12" type="cond" truecount="2" falsecount="0"/>
        <line num="267" count="1" type="stmt"/>
        <line num="268" count="1" type="stmt"/>
        <line num="269" count="11" type="cond" truecount="2" falsecount="0"/>
        <line num="271" count="3" type="stmt"/>
        <line num="272" count="3" type="cond" truecount="4" falsecount="0"/>
        <line num="273" count="2" type="stmt"/>
        <line num="274" count="2" type="stmt"/>
        <line num="277" count="1" type="stmt"/>
        <line num="281" count="8" type="stmt"/>
        <line num="282" count="8" type="stmt"/>
        <line num="286" count="12" type="stmt"/>
        <line num="287" count="12" type="cond" truecount="2" falsecount="0"/>
        <line num="288" count="12" type="cond" truecount="2" falsecount="0"/>
        <line num="291" count="12" type="stmt"/>
        <line num="293" count="12" type="cond" truecount="2" falsecount="0"/>
        <line num="295" count="1" type="stmt"/>
        <line num="303" count="1" type="stmt"/>
        <line num="322" count="1" type="stmt"/>
        <line num="331" count="1" type="stmt"/>
        <line num="332" count="1" type="stmt"/>
        <line num="336" count="11" type="stmt"/>
        <line num="339" count="11" type="cond" truecount="2" falsecount="0"/>
        <line num="340" count="5" type="stmt"/>
        <line num="341" count="6" type="cond" truecount="2" falsecount="0"/>
        <line num="342" count="1" type="stmt"/>
        <line num="343" count="5" type="cond" truecount="2" falsecount="0"/>
        <line num="344" count="4" type="stmt"/>
        <line num="345" count="4" type="cond" truecount="2" falsecount="0"/>
        <line num="346" count="2" type="stmt"/>
        <line num="355" count="10" type="cond" truecount="1" falsecount="0"/>
        <line num="360" count="10" type="cond" truecount="2" falsecount="0"/>
        <line num="361" count="3" type="stmt"/>
        <line num="362" count="3" type="stmt"/>
        <line num="363" count="3" type="stmt"/>
        <line num="365" count="3" type="cond" truecount="4" falsecount="0"/>
        <line num="366" count="1" type="stmt"/>
        <line num="369" count="1" type="stmt"/>
        <line num="373" count="2" type="cond" truecount="2" falsecount="0"/>
        <line num="374" count="1" type="stmt"/>
        <line num="377" count="2" type="stmt"/>
        <line num="380" count="7" type="stmt"/>
        <line num="382" count="7" type="cond" truecount="2" falsecount="0"/>
        <line num="383" count="1" type="stmt"/>
        <line num="386" count="1" type="stmt"/>
        <line num="389" count="6" type="stmt"/>
        <line num="390" count="6" type="stmt"/>
        <line num="394" count="8" type="stmt"/>
        <line num="395" count="8" type="stmt"/>
        <line num="396" count="8" type="stmt"/>
        <line num="397" count="8" type="stmt"/>
        <line num="399" count="8" type="cond" truecount="2" falsecount="0"/>
        <line num="400" count="1" type="stmt"/>
        <line num="403" count="1" type="stmt"/>
        <line num="407" count="7" type="stmt"/>
        <line num="408" count="7" type="stmt"/>
        <line num="411" count="7" type="stmt"/>
        <line num="413" count="7" type="stmt"/>
        <line num="421" count="7" type="stmt"/>
        <line num="424" count="7" type="cond" truecount="2" falsecount="0"/>
        <line num="425" count="3" type="stmt"/>
        <line num="426" count="4" type="cond" truecount="2" falsecount="0"/>
        <line num="427" count="1" type="stmt"/>
        <line num="428" count="3" type="cond" truecount="4" falsecount="0"/>
        <line num="429" count="2" type="stmt"/>
      </file>
      <file name="commandHandlers.js" path="/Users/moseslee/Desktop/Bird-Sighting-Bot/src/bot/handlers/commandHandlers.js">
        <metrics statements="12" coveredstatements="12" conditionals="2" coveredconditionals="2" methods="3" coveredmethods="3"/>
        <line num="5" count="2" type="stmt"/>
        <line num="7" count="2" type="stmt"/>
        <line num="9" count="8" type="stmt"/>
        <line num="10" count="7" type="cond" truecount="2" falsecount="0"/>
        <line num="12" count="7" type="stmt"/>
        <line num="35" count="7" type="stmt"/>
        <line num="39" count="4" type="stmt"/>
        <line num="41" count="4" type="stmt"/>
        <line num="77" count="4" type="stmt"/>
        <line num="81" count="4" type="stmt"/>
        <line num="83" count="4" type="stmt"/>
        <line num="125" count="4" type="stmt"/>
      </file>
      <file name="displayHandlers.js" path="/Users/moseslee/Desktop/Bird-Sighting-Bot/src/bot/handlers/displayHandlers.js">
        <metrics statements="144" coveredstatements="144" conditionals="58" coveredconditionals="58" methods="8" coveredmethods="8"/>
        <line num="4" count="2" type="stmt"/>
        <line num="5" count="2" type="stmt"/>
        <line num="7" count="2" type="stmt"/>
        <line num="9" count="19" type="cond" truecount="4" falsecount="0"/>
        <line num="10" count="2" type="stmt"/>
        <line num="11" count="2" type="stmt"/>
        <line num="14" count="17" type="stmt"/>
        <line num="15" count="17" type="stmt"/>
        <line num="16" count="17" type="stmt"/>
        <line num="17" count="17" type="stmt"/>
        <line num="20" count="17" type="cond" truecount="2" falsecount="0"/>
        <line num="21" count="1" type="stmt"/>
        <line num="22" count="16" type="cond" truecount="2" falsecount="0"/>
        <line num="23" count="1" type="stmt"/>
        <line num="24" count="15" type="cond" truecount="2" falsecount="0"/>
        <line num="25" count="1" type="stmt"/>
        <line num="27" count="14" type="stmt"/>
        <line num="30" count="17" type="stmt"/>
        <line num="31" count="17" type="stmt"/>
        <line num="32" count="17" type="stmt"/>
        <line num="33" count="17" type="stmt"/>
        <line num="35" count="17" type="stmt"/>
        <line num="36" count="69" type="stmt"/>
        <line num="40" count="17" type="stmt"/>
        <line num="43" count="17" type="stmt"/>
        <line num="46" count="17" type="cond" truecount="2" falsecount="0"/>
        <line num="47" count="4" type="stmt"/>
        <line num="48" count="4" type="stmt"/>
        <line num="51" count="17" type="stmt"/>
        <line num="54" count="17" type="cond" truecount="2" falsecount="0"/>
        <line num="55" count="12" type="stmt"/>
        <line num="56" count="12" type="stmt"/>
        <line num="59" count="17" type="stmt"/>
        <line num="62" count="17" type="cond" truecount="2" falsecount="0"/>
        <line num="63" count="13" type="stmt"/>
        <line num="67" count="17" type="stmt"/>
        <line num="70" count="17" type="stmt"/>
        <line num="76" count="17" type="stmt"/>
        <line num="81" count="17" type="cond" truecount="2" falsecount="0"/>
        <line num="82" count="2" type="stmt"/>
        <line num="83" count="2" type="stmt"/>
        <line num="90" count="1" type="stmt"/>
        <line num="92" count="1" type="stmt"/>
        <line num="97" count="16" type="stmt"/>
        <line num="107" count="35" type="cond" truecount="2" falsecount="0"/>
        <line num="108" count="34" type="cond" truecount="2" falsecount="0"/>
        <line num="109" count="33" type="cond" truecount="2" falsecount="0"/>
        <line num="110" count="32" type="stmt"/>
        <line num="118" count="14" type="stmt"/>
        <line num="119" count="14" type="stmt"/>
        <line num="120" count="14" type="stmt"/>
        <line num="123" count="14" type="stmt"/>
        <line num="124" count="14" type="stmt"/>
        <line num="125" count="351" type="cond" truecount="2" falsecount="0"/>
        <line num="126" count="351" type="cond" truecount="2" falsecount="0"/>
        <line num="127" count="300" type="stmt"/>
        <line num="129" count="351" type="stmt"/>
        <line num="130" count="351" type="cond" truecount="2" falsecount="0"/>
        <line num="132" count="351" type="stmt"/>
        <line num="133" count="351" type="cond" truecount="2" falsecount="0"/>
        <line num="134" count="349" type="stmt"/>
        <line num="136" count="351" type="stmt"/>
        <line num="137" count="351" type="cond" truecount="2" falsecount="0"/>
        <line num="140" count="351" type="cond" truecount="2" falsecount="0"/>
        <line num="141" count="350" type="stmt"/>
        <line num="142" count="350" type="stmt"/>
        <line num="143" count="350" type="cond" truecount="2" falsecount="0"/>
        <line num="144" count="350" type="stmt"/>
        <line num="145" count="350" type="stmt"/>
        <line num="147" count="350" type="cond" truecount="2" falsecount="0"/>
        <line num="148" count="348" type="stmt"/>
        <line num="150" count="350" type="cond" truecount="2" falsecount="0"/>
        <line num="151" count="349" type="stmt"/>
        <line num="156" count="14" type="stmt"/>
        <line num="157" count="14" type="stmt"/>
        <line num="158" count="14" type="stmt"/>
        <line num="159" count="14" type="stmt"/>
        <line num="161" count="14" type="stmt"/>
        <line num="162" count="14" type="stmt"/>
        <line num="163" count="68" type="stmt"/>
        <line num="165" count="68" type="stmt"/>
        <line num="166" count="117" type="stmt"/>
        <line num="169" count="117" type="stmt"/>
        <line num="170" count="116" type="stmt"/>
        <line num="171" count="116" type="cond" truecount="2" falsecount="0"/>
        <line num="172" count="115" type="stmt"/>
        <line num="174" count="1" type="stmt"/>
        <line num="179" count="68" type="stmt"/>
        <line num="180" count="68" type="stmt"/>
        <line num="183" count="68" type="cond" truecount="2" falsecount="0"/>
        <line num="184" count="3" type="stmt"/>
        <line num="185" count="3" type="cond" truecount="2" falsecount="0"/>
        <line num="186" count="2" type="stmt"/>
        <line num="188" count="3" type="stmt"/>
        <line num="192" count="14" type="stmt"/>
        <line num="193" count="14" type="stmt"/>
        <line num="195" count="14" type="stmt"/>
        <line num="202" count="8" type="stmt"/>
        <line num="203" count="8" type="stmt"/>
        <line num="205" count="8" type="stmt"/>
        <line num="206" count="8" type="stmt"/>
        <line num="207" count="8" type="stmt"/>
        <line num="208" count="8" type="stmt"/>
        <line num="210" count="8" type="stmt"/>
        <line num="211" count="96" type="stmt"/>
        <line num="214" count="8" type="stmt"/>
        <line num="215" count="8" type="stmt"/>
        <line num="216" count="8" type="stmt"/>
        <line num="218" count="8" type="stmt"/>
        <line num="219" count="96" type="cond" truecount="2" falsecount="0"/>
        <line num="220" count="7" type="stmt"/>
        <line num="221" count="7" type="stmt"/>
        <line num="222" count="7" type="stmt"/>
        <line num="223" count="7" type="stmt"/>
        <line num="225" count="96" type="stmt"/>
        <line num="228" count="8" type="stmt"/>
        <line num="229" count="8" type="stmt"/>
        <line num="230" count="8" type="stmt"/>
        <line num="232" count="8" type="stmt"/>
        <line num="233" count="15" type="stmt"/>
        <line num="241" count="8" type="stmt"/>
        <line num="242" count="8" type="stmt"/>
        <line num="244" count="8" type="stmt"/>
        <line num="245" count="8" type="stmt"/>
        <line num="246" count="8" type="stmt"/>
        <line num="247" count="8" type="stmt"/>
        <line num="249" count="8" type="stmt"/>
        <line num="250" count="73" type="stmt"/>
        <line num="253" count="8" type="stmt"/>
        <line num="254" count="8" type="stmt"/>
        <line num="255" count="8" type="stmt"/>
        <line num="257" count="8" type="stmt"/>
        <line num="258" count="73" type="cond" truecount="2" falsecount="0"/>
        <line num="259" count="4" type="stmt"/>
        <line num="260" count="4" type="stmt"/>
        <line num="261" count="4" type="stmt"/>
        <line num="262" count="4" type="stmt"/>
        <line num="264" count="73" type="stmt"/>
        <line num="267" count="8" type="stmt"/>
        <line num="268" count="8" type="stmt"/>
        <line num="269" count="8" type="stmt"/>
        <line num="270" count="8" type="stmt"/>
        <line num="272" count="8" type="stmt"/>
        <line num="273" count="12" type="stmt"/>
      </file>
      <file name="hotspotHandlers.js" path="/Users/moseslee/Desktop/Bird-Sighting-Bot/src/bot/handlers/hotspotHandlers.js">
        <metrics statements="30" coveredstatements="30" conditionals="10" coveredconditionals="10" methods="3" coveredmethods="3"/>
        <line num="4" count="2" type="stmt"/>
        <line num="5" count="2" type="stmt"/>
        <line num="7" count="2" type="stmt"/>
        <line num="9" count="15" type="stmt"/>
        <line num="10" count="15" type="stmt"/>
        <line num="12" count="15" type="cond" truecount="2" falsecount="0"/>
        <line num="13" count="3" type="stmt"/>
        <line num="14" count="3" type="stmt"/>
        <line num="23" count="3" type="stmt"/>
        <line num="26" count="12" type="stmt"/>
        <line num="27" count="12" type="stmt"/>
        <line num="29" count="12" type="stmt"/>
        <line num="30" count="12" type="stmt"/>
        <line num="32" count="11" type="cond" truecount="4" falsecount="0"/>
        <line num="33" count="3" type="stmt"/>
        <line num="34" count="3" type="stmt"/>
        <line num="37" count="8" type="stmt"/>
        <line num="38" count="8" type="stmt"/>
        <line num="39" count="8" type="stmt"/>
        <line num="41" count="8" type="stmt"/>
        <line num="42" count="26" type="stmt"/>
        <line num="43" count="26" type="cond" truecount="2" falsecount="0"/>
        <line num="44" count="25" type="stmt"/>
        <line num="46" count="26" type="stmt"/>
        <line num="49" count="8" type="stmt"/>
        <line num="50" count="8" type="stmt"/>
        <line num="53" count="8" type="stmt"/>
        <line num="56" count="18" type="stmt"/>
        <line num="61" count="8" type="stmt"/>
        <line num="65" count="1" type="stmt"/>
      </file>
      <file name="index.js" path="/Users/moseslee/Desktop/Bird-Sighting-Bot/src/bot/handlers/index.js">
        <metrics statements="1" coveredstatements="1" conditionals="0" coveredconditionals="0" methods="0" coveredmethods="0"/>
        <line num="7" count="1" type="stmt"/>
      </file>
      <file name="messageHandler.js" path="/Users/moseslee/Desktop/Bird-Sighting-Bot/src/bot/handlers/messageHandler.js">
        <metrics statements="41" coveredstatements="41" conditionals="28" coveredconditionals="28" methods="1" coveredmethods="1"/>
        <line num="4" count="2" type="stmt"/>
        <line num="6" count="2" type="stmt"/>
        <line num="9" count="20" type="cond" truecount="4" falsecount="0"/>
        <line num="11" count="18" type="stmt"/>
        <line num="12" count="18" type="stmt"/>
        <line num="14" count="18" type="cond" truecount="2" falsecount="0"/>
        <line num="16" count="16" type="stmt"/>
        <line num="17" count="16" type="cond" truecount="2" falsecount="0"/>
        <line num="20" count="14" type="stmt"/>
        <line num="22" count="14" type="cond" truecount="7" falsecount="0"/>
        <line num="24" count="2" type="stmt"/>
        <line num="26" count="2" type="cond" truecount="2" falsecount="0"/>
        <line num="27" count="1" type="stmt"/>
        <line num="29" count="1" type="stmt"/>
        <line num="31" count="2" type="stmt"/>
        <line num="33" count="2" type="stmt"/>
        <line num="35" count="2" type="cond" truecount="2" falsecount="0"/>
        <line num="36" count="1" type="stmt"/>
        <line num="38" count="1" type="stmt"/>
        <line num="40" count="2" type="stmt"/>
        <line num="42" count="1" type="stmt"/>
        <line num="43" count="1" type="stmt"/>
        <line num="45" count="1" type="stmt"/>
        <line num="46" count="1" type="stmt"/>
        <line num="47" count="1" type="stmt"/>
        <line num="49" count="2" type="stmt"/>
        <line num="51" count="2" type="cond" truecount="2" falsecount="0"/>
        <line num="52" count="1" type="stmt"/>
        <line num="54" count="1" type="stmt"/>
        <line num="56" count="2" type="stmt"/>
        <line num="59" count="1" type="stmt"/>
        <line num="60" count="1" type="stmt"/>
        <line num="63" count="5" type="stmt"/>
        <line num="64" count="5" type="stmt"/>
        <line num="65" count="5" type="cond" truecount="5" falsecount="0"/>
        <line num="66" count="3" type="stmt"/>
        <line num="68" count="2" type="stmt"/>
        <line num="69" count="2" type="stmt"/>
        <line num="70" count="2" type="cond" truecount="2" falsecount="0"/>
        <line num="71" count="1" type="stmt"/>
        <line num="74" count="5" type="stmt"/>
      </file>
      <file name="nearbyHandlers.js" path="/Users/moseslee/Desktop/Bird-Sighting-Bot/src/bot/handlers/nearbyHandlers.js">
        <metrics statements="44" coveredstatements="44" conditionals="22" coveredconditionals="22" methods="4" coveredmethods="4"/>
        <line num="5" count="2" type="stmt"/>
        <line num="6" count="2" type="stmt"/>
        <line num="7" count="2" type="stmt"/>
        <line num="9" count="2" type="stmt"/>
        <line num="11" count="6" type="stmt"/>
        <line num="12" count="6" type="cond" truecount="3" falsecount="0"/>
        <line num="14" count="6" type="stmt"/>
        <line num="29" count="8" type="stmt"/>
        <line num="30" count="8" type="cond" truecount="3" falsecount="0"/>
        <line num="31" count="8" type="stmt"/>
        <line num="32" count="8" type="stmt"/>
        <line num="35" count="8" type="stmt"/>
        <line num="41" count="8" type="stmt"/>
        <line num="43" count="8" type="stmt"/>
        <line num="57" count="8" type="stmt"/>
        <line num="69" count="20" type="stmt"/>
        <line num="71" count="20" type="stmt"/>
        <line num="72" count="20" type="stmt"/>
        <line num="73" count="20" type="stmt"/>
        <line num="75" count="20" type="stmt"/>
        <line num="76" count="20" type="cond" truecount="2" falsecount="0"/>
        <line num="78" count="4" type="stmt"/>
        <line num="81" count="20" type="stmt"/>
        <line num="82" count="20" type="cond" truecount="2" falsecount="0"/>
        <line num="84" count="4" type="stmt"/>
        <line num="87" count="20" type="stmt"/>
        <line num="89" count="20" type="cond" truecount="2" falsecount="0"/>
        <line num="92" count="20" type="cond" truecount="2" falsecount="0"/>
        <line num="93" count="11" type="stmt"/>
        <line num="94" count="11" type="stmt"/>
        <line num="102" count="11" type="stmt"/>
        <line num="111" count="11" type="stmt"/>
        <line num="113" count="9" type="stmt"/>
        <line num="117" count="19" type="cond" truecount="4" falsecount="0"/>
        <line num="118" count="6" type="stmt"/>
        <line num="119" count="6" type="stmt"/>
        <line num="120" count="10" type="stmt"/>
        <line num="121" count="10" type="cond" truecount="2" falsecount="0"/>
        <line num="122" count="9" type="stmt"/>
        <line num="124" count="10" type="stmt"/>
        <line num="126" count="6" type="stmt"/>
        <line num="130" count="19" type="stmt"/>
        <line num="142" count="1" type="stmt"/>
        <line num="143" count="1" type="stmt"/>
      </file>
      <file name="notableHandlers.js" path="/Users/moseslee/Desktop/Bird-Sighting-Bot/src/bot/handlers/notableHandlers.js">
        <metrics statements="50" coveredstatements="50" conditionals="39" coveredconditionals="39" methods="2" coveredmethods="2"/>
        <line num="5" count="2" type="stmt"/>
        <line num="6" count="2" type="stmt"/>
        <line num="7" count="2" type="stmt"/>
        <line num="8" count="2" type="stmt"/>
        <line num="10" count="2" type="stmt"/>
        <line num="12" count="10" type="stmt"/>
        <line num="13" count="10" type="cond" truecount="3" falsecount="0"/>
        <line num="14" count="10" type="stmt"/>
        <line num="16" count="10" type="cond" truecount="2" falsecount="0"/>
        <line num="17" count="7" type="stmt"/>
        <line num="18" count="7" type="stmt"/>
        <line num="27" count="7" type="stmt"/>
        <line num="28" count="7" type="stmt"/>
        <line num="29" count="7" type="stmt"/>
        <line num="33" count="3" type="cond" truecount="2" falsecount="0"/>
        <line num="34" count="2" type="stmt"/>
        <line num="36" count="1" type="stmt"/>
        <line num="37" count="1" type="stmt"/>
        <line num="42" count="16" type="cond" truecount="2" falsecount="0"/>
        <line num="43" count="16" type="stmt"/>
        <line num="46" count="16" type="stmt"/>
        <line num="47" count="16" type="stmt"/>
        <line num="50" count="16" type="cond" truecount="4" falsecount="0"/>
        <line num="51" count="2" type="stmt"/>
        <line num="52" count="2" type="stmt"/>
        <line num="53" count="2" type="cond" truecount="2" falsecount="0"/>
        <line num="56" count="14" type="cond" truecount="2" falsecount="0"/>
        <line num="57" count="14" type="cond" truecount="2" falsecount="0"/>
        <line num="59" count="14" type="cond" truecount="2" falsecount="0"/>
        <line num="60" count="14" type="stmt"/>
        <line num="62" count="14" type="stmt"/>
        <line num="66" count="14" type="cond" truecount="2" falsecount="0"/>
        <line num="67" count="2" type="stmt"/>
        <line num="69" count="12" type="stmt"/>
        <line num="73" count="13" type="cond" truecount="4" falsecount="0"/>
        <line num="74" count="2" type="stmt"/>
        <line num="84" count="13" type="stmt"/>
        <line num="94" count="1" type="stmt"/>
        <line num="95" count="1" type="stmt"/>
        <line num="99" count="1" type="stmt"/>
        <line num="100" count="1" type="stmt"/>
        <line num="104" count="15" type="cond" truecount="4" falsecount="0"/>
        <line num="105" count="2" type="stmt"/>
        <line num="106" count="2" type="stmt"/>
        <line num="107" count="2" type="stmt"/>
        <line num="108" count="2" type="stmt"/>
        <line num="111" count="13" type="stmt"/>
        <line num="112" count="13" type="cond" truecount="2" falsecount="0"/>
        <line num="115" count="13" type="stmt"/>
        <line num="124" count="13" type="stmt"/>
      </file>
      <file name="sightingsHandlers.js" path="/Users/moseslee/Desktop/Bird-Sighting-Bot/src/bot/handlers/sightingsHandlers.js">
        <metrics statements="100" coveredstatements="100" conditionals="62" coveredconditionals="62" methods="9" coveredmethods="9"/>
        <line num="5" count="2" type="stmt"/>
        <line num="6" count="2" type="stmt"/>
        <line num="7" count="2" type="stmt"/>
        <line num="8" count="2" type="stmt"/>
        <line num="9" count="2" type="stmt"/>
        <line num="11" count="2" type="stmt"/>
        <line num="13" count="8" type="stmt"/>
        <line num="14" count="8" type="cond" truecount="3" falsecount="0"/>
        <line num="15" count="8" type="stmt"/>
        <line num="17" count="8" type="cond" truecount="2" falsecount="0"/>
        <line num="18" count="6" type="stmt"/>
        <line num="19" count="6" type="stmt"/>
        <line num="29" count="6" type="stmt"/>
        <line num="30" count="6" type="stmt"/>
        <line num="31" count="6" type="stmt"/>
        <line num="35" count="2" type="cond" truecount="2" falsecount="0"/>
        <line num="36" count="1" type="stmt"/>
        <line num="38" count="1" type="stmt"/>
        <line num="39" count="1" type="stmt"/>
        <line num="48" count="24" type="stmt"/>
        <line num="49" count="12" type="stmt"/>
        <line num="50" count="12" type="stmt"/>
        <line num="52" count="12" type="cond" truecount="4" falsecount="0"/>
        <line num="53" count="2" type="stmt"/>
        <line num="56" count="2" type="stmt"/>
        <line num="59" count="10" type="stmt"/>
        <line num="61" count="10" type="stmt"/>
        <line num="63" count="10" type="stmt"/>
        <line num="64" count="10" type="stmt"/>
        <line num="65" count="8" type="stmt"/>
        <line num="67" count="8" type="cond" truecount="4" falsecount="0"/>
        <line num="69" count="6" type="stmt"/>
        <line num="71" count="6" type="stmt"/>
        <line num="73" count="6" type="cond" truecount="4" falsecount="0"/>
        <line num="74" count="2" type="stmt"/>
        <line num="75" count="2" type="stmt"/>
        <line num="76" count="3" type="stmt"/>
        <line num="77" count="3" type="cond" truecount="2" falsecount="0"/>
        <line num="78" count="3" type="stmt"/>
        <line num="80" count="2" type="stmt"/>
        <line num="82" count="4" type="stmt"/>
        <line num="85" count="6" type="stmt"/>
        <line num="88" count="6" type="stmt"/>
        <line num="89" count="6" type="stmt"/>
        <line num="92" count="2" type="cond" truecount="2" falsecount="0"/>
        <line num="94" count="1" type="stmt"/>
        <line num="95" count="1" type="stmt"/>
        <line num="101" count="1" type="stmt"/>
        <line num="104" count="2" type="stmt"/>
        <line num="105" count="2" type="stmt"/>
        <line num="108" count="2" type="stmt"/>
        <line num="116" count="3" type="stmt"/>
        <line num="117" count="3" type="stmt"/>
        <line num="119" count="3" type="stmt"/>
        <line num="120" count="11" type="cond" truecount="2" falsecount="0"/>
        <line num="121" count="11" type="stmt"/>
        <line num="128" count="3" type="stmt"/>
        <line num="134" count="3" type="stmt"/>
        <line num="143" count="2" type="stmt"/>
        <line num="144" count="2" type="cond" truecount="2" falsecount="0"/>
        <line num="145" count="1" type="stmt"/>
        <line num="146" count="1" type="stmt"/>
        <line num="154" count="5" type="cond" truecount="2" falsecount="0"/>
        <line num="156" count="5" type="stmt"/>
        <line num="163" count="5" type="stmt"/>
        <line num="182" count="5" type="stmt"/>
        <line num="192" count="5" type="stmt"/>
        <line num="200" count="5" type="stmt"/>
        <line num="206" count="16" type="cond" truecount="2" falsecount="0"/>
        <line num="207" count="16" type="stmt"/>
        <line num="210" count="16" type="stmt"/>
        <line num="211" count="16" type="stmt"/>
        <line num="214" count="16" type="cond" truecount="4" falsecount="0"/>
        <line num="215" count="2" type="stmt"/>
        <line num="216" count="2" type="stmt"/>
        <line num="217" count="2" type="cond" truecount="2" falsecount="0"/>
        <line num="220" count="14" type="cond" truecount="2" falsecount="0"/>
        <line num="221" count="14" type="cond" truecount="2" falsecount="0"/>
        <line num="223" count="14" type="cond" truecount="2" falsecount="0"/>
        <line num="224" count="14" type="stmt"/>
        <line num="226" count="14" type="stmt"/>
        <line num="228" count="14" type="cond" truecount="2" falsecount="0"/>
        <line num="229" count="2" type="stmt"/>
        <line num="231" count="12" type="stmt"/>
        <line num="235" count="13" type="cond" truecount="4" falsecount="0"/>
        <line num="236" count="2" type="stmt"/>
        <line num="243" count="13" type="stmt"/>
        <line num="248" count="13" type="stmt"/>
        <line num="258" count="1" type="stmt"/>
        <line num="259" count="1" type="stmt"/>
        <line num="263" count="1" type="stmt"/>
        <line num="264" count="1" type="stmt"/>
        <line num="268" count="15" type="cond" truecount="4" falsecount="0"/>
        <line num="269" count="2" type="stmt"/>
        <line num="270" count="2" type="stmt"/>
        <line num="271" count="2" type="stmt"/>
        <line num="272" count="2" type="stmt"/>
        <line num="275" count="13" type="cond" truecount="2" falsecount="0"/>
        <line num="278" count="13" type="stmt"/>
        <line num="287" count="13" type="stmt"/>
      </file>
      <file name="speciesHandlers.js" path="/Users/moseslee/Desktop/Bird-Sighting-Bot/src/bot/handlers/speciesHandlers.js">
        <metrics statements="94" coveredstatements="94" conditionals="41" coveredconditionals="41" methods="7" coveredmethods="7"/>
        <line num="5" count="2" type="stmt"/>
        <line num="6" count="2" type="stmt"/>
        <line num="7" count="2" type="stmt"/>
        <line num="8" count="2" type="stmt"/>
        <line num="9" count="2" type="stmt"/>
        <line num="11" count="2" type="stmt"/>
        <line num="13" count="8" type="stmt"/>
        <line num="14" count="8" type="cond" truecount="3" falsecount="0"/>
        <line num="15" count="8" type="stmt"/>
        <line num="17" count="8" type="cond" truecount="2" falsecount="0"/>
        <line num="18" count="6" type="stmt"/>
        <line num="19" count="6" type="stmt"/>
        <line num="34" count="6" type="stmt"/>
        <line num="38" count="2" type="cond" truecount="2" falsecount="0"/>
        <line num="39" count="1" type="stmt"/>
        <line num="42" count="1" type="stmt"/>
        <line num="47" count="6" type="stmt"/>
        <line num="49" count="6" type="stmt"/>
        <line num="51" count="6" type="stmt"/>
        <line num="52" count="5" type="stmt"/>
        <line num="54" count="5" type="cond" truecount="4" falsecount="0"/>
        <line num="55" count="1" type="stmt"/>
        <line num="58" count="1" type="stmt"/>
        <line num="61" count="4" type="stmt"/>
        <line num="64" count="4" type="stmt"/>
        <line num="73" count="4" type="stmt"/>
        <line num="74" count="4" type="stmt"/>
        <line num="75" count="4" type="stmt"/>
        <line num="77" count="4" type="cond" truecount="2" falsecount="0"/>
        <line num="78" count="1" type="stmt"/>
        <line num="79" count="1" type="stmt"/>
        <line num="80" count="2" type="stmt"/>
        <line num="82" count="1" type="stmt"/>
        <line num="85" count="4" type="stmt"/>
        <line num="86" count="4" type="stmt"/>
        <line num="87" count="4" type="stmt"/>
        <line num="88" count="4" type="stmt"/>
        <line num="89" count="4" type="stmt"/>
        <line num="90" count="4" type="stmt"/>
        <line num="91" count="4" type="stmt"/>
        <line num="93" count="4" type="stmt"/>
        <line num="95" count="1" type="stmt"/>
        <line num="96" count="1" type="stmt"/>
        <line num="102" count="12" type="stmt"/>
        <line num="103" count="6" type="stmt"/>
        <line num="104" count="6" type="stmt"/>
        <line num="106" count="6" type="cond" truecount="4" falsecount="0"/>
        <line num="107" count="2" type="stmt"/>
        <line num="110" count="2" type="stmt"/>
        <line num="114" count="4" type="stmt"/>
        <line num="116" count="4" type="stmt"/>
        <line num="117" count="4" type="stmt"/>
        <line num="119" count="3" type="cond" truecount="4" falsecount="0"/>
        <line num="120" count="1" type="stmt"/>
        <line num="123" count="1" type="stmt"/>
        <line num="126" count="2" type="stmt"/>
        <line num="129" count="2" type="stmt"/>
        <line num="135" count="1" type="stmt"/>
        <line num="136" count="1" type="stmt"/>
        <line num="141" count="14" type="stmt"/>
        <line num="144" count="14" type="cond" truecount="2" falsecount="0"/>
        <line num="145" count="14" type="cond" truecount="2" falsecount="0"/>
        <line num="147" count="14" type="stmt"/>
        <line num="149" count="14" type="stmt"/>
        <line num="152" count="14" type="cond" truecount="2" falsecount="0"/>
        <line num="154" count="11" type="stmt"/>
        <line num="155" count="10" type="stmt"/>
        <line num="158" count="3" type="stmt"/>
        <line num="160" count="3" type="cond" truecount="2" falsecount="0"/>
        <line num="161" count="1" type="stmt"/>
        <line num="162" count="1" type="stmt"/>
        <line num="165" count="1" type="stmt"/>
        <line num="168" count="2" type="stmt"/>
        <line num="169" count="2" type="stmt"/>
        <line num="173" count="12" type="cond" truecount="4" falsecount="0"/>
        <line num="174" count="2" type="stmt"/>
        <line num="181" count="12" type="cond" truecount="4" falsecount="0"/>
        <line num="182" count="2" type="stmt"/>
        <line num="183" count="2" type="stmt"/>
        <line num="186" count="2" type="stmt"/>
        <line num="189" count="10" type="stmt"/>
        <line num="191" count="10" type="stmt"/>
        <line num="192" count="10" type="stmt"/>
        <line num="193" count="10" type="stmt"/>
        <line num="203" count="10" type="stmt"/>
        <line num="212" count="10" type="stmt"/>
        <line num="214" count="1" type="stmt"/>
        <line num="215" count="1" type="stmt"/>
        <line num="216" count="1" type="stmt"/>
        <line num="226" count="4" type="stmt"/>
        <line num="228" count="4" type="stmt"/>
        <line num="233" count="4" type="stmt"/>
        <line num="252" count="4" type="stmt"/>
        <line num="260" count="4" type="stmt"/>
      </file>
    </package>
    <package name="services">
      <metrics statements="280" coveredstatements="280" conditionals="160" coveredconditionals="160" methods="42" coveredmethods="42"/>
      <file name="ebirdService.js" path="/Users/moseslee/Desktop/Bird-Sighting-Bot/src/services/ebirdService.js">
        <metrics statements="187" coveredstatements="187" conditionals="118" coveredconditionals="118" methods="28" coveredmethods="28"/>
        <line num="1" count="1" type="stmt"/>
        <line num="2" count="1" type="stmt"/>
        <line num="3" count="1" type="stmt"/>
        <line num="4" count="1" type="stmt"/>
        <line num="8" count="104" type="stmt"/>
        <line num="9" count="104" type="stmt"/>
        <line num="10" count="104" type="stmt"/>
        <line num="18" count="104" type="stmt"/>
        <line num="19" count="104" type="stmt"/>
        <line num="20" count="104" type="stmt"/>
        <line num="27" count="3" type="stmt"/>
        <line num="28" count="3" type="stmt"/>
        <line num="29" count="3" type="stmt"/>
        <line num="32" count="2" type="stmt"/>
        <line num="33" count="2" type="stmt"/>
        <line num="34" count="2" type="stmt"/>
        <line num="36" count="1" type="stmt"/>
        <line num="45" count="20" type="stmt"/>
        <line num="46" count="20" type="cond" truecount="5" falsecount="0"/>
        <line num="47" count="11" type="stmt"/>
        <line num="50" count="9" type="stmt"/>
        <line num="53" count="8" type="stmt"/>
        <line num="54" count="8" type="stmt"/>
        <line num="55" count="8" type="stmt"/>
        <line num="66" count="6" type="stmt"/>
        <line num="68" count="6" type="stmt"/>
        <line num="69" count="6" type="stmt"/>
        <line num="71" count="6" type="stmt"/>
        <line num="77" count="4" type="stmt"/>
        <line num="79" count="2" type="stmt"/>
        <line num="80" count="2" type="cond" truecount="2" falsecount="0"/>
        <line num="81" count="1" type="stmt"/>
        <line num="83" count="2" type="stmt"/>
        <line num="95" count="3" type="stmt"/>
        <line num="96" count="3" type="stmt"/>
        <line num="103" count="2" type="stmt"/>
        <line num="105" count="1" type="stmt"/>
        <line num="106" count="1" type="stmt"/>
        <line num="118" count="6" type="stmt"/>
        <line num="119" count="6" type="stmt"/>
        <line num="124" count="4" type="stmt"/>
        <line num="126" count="2" type="stmt"/>
        <line num="127" count="2" type="stmt"/>
        <line num="141" count="3" type="stmt"/>
        <line num="142" count="3" type="stmt"/>
        <line num="151" count="2" type="stmt"/>
        <line num="153" count="1" type="stmt"/>
        <line num="154" count="1" type="stmt"/>
        <line num="167" count="2" type="stmt"/>
        <line num="168" count="2" type="stmt"/>
        <line num="177" count="1" type="stmt"/>
        <line num="179" count="1" type="stmt"/>
        <line num="180" count="1" type="stmt"/>
        <line num="190" count="16" type="stmt"/>
        <line num="192" count="16" type="stmt"/>
        <line num="194" count="15" type="stmt"/>
        <line num="197" count="15" type="stmt"/>
        <line num="198" count="88" type="cond" truecount="2" falsecount="0"/>
        <line num="199" count="88" type="cond" truecount="2" falsecount="0"/>
        <line num="200" count="88" type="cond" truecount="2" falsecount="0"/>
        <line num="204" count="15" type="stmt"/>
        <line num="205" count="212" type="stmt"/>
        <line num="206" count="212" type="stmt"/>
        <line num="207" count="212" type="cond" truecount="4" falsecount="0"/>
        <line num="208" count="210" type="cond" truecount="4" falsecount="0"/>
        <line num="209" count="208" type="stmt"/>
        <line num="212" count="15" type="stmt"/>
        <line num="214" count="1" type="stmt"/>
        <line num="215" count="1" type="stmt"/>
        <line num="228" count="5" type="stmt"/>
        <line num="230" count="5" type="stmt"/>
        <line num="232" count="5" type="cond" truecount="4" falsecount="0"/>
        <line num="233" count="1" type="stmt"/>
        <line num="237" count="4" type="stmt"/>
        <line num="238" count="4" type="stmt"/>
        <line num="241" count="4" type="stmt"/>
        <line num="243" count="3" type="stmt"/>
        <line num="253" count="1" type="stmt"/>
        <line num="254" count="1" type="stmt"/>
        <line num="264" count="30" type="stmt"/>
        <line num="265" count="30" type="stmt"/>
        <line num="266" count="27" type="stmt"/>
        <line num="268" count="3" type="stmt"/>
        <line num="269" count="3" type="stmt"/>
        <line num="282" count="22" type="stmt"/>
        <line num="283" count="22" type="stmt"/>
        <line num="285" count="21" type="cond" truecount="4" falsecount="0"/>
        <line num="286" count="2" type="stmt"/>
        <line num="290" count="19" type="stmt"/>
        <line num="291" count="19" type="stmt"/>
        <line num="294" count="27" type="stmt"/>
        <line num="297" count="19" type="stmt"/>
        <line num="298" count="73" type="cond" truecount="2" falsecount="0"/>
        <line num="299" count="73" type="stmt"/>
        <line num="302" count="73" type="cond" truecount="2" falsecount="0"/>
        <line num="303" count="58" type="stmt"/>
        <line num="307" count="15" type="cond" truecount="2" falsecount="0"/>
        <line num="308" count="14" type="stmt"/>
        <line num="309" count="20" type="stmt"/>
        <line num="312" count="14" type="stmt"/>
        <line num="315" count="1" type="stmt"/>
        <line num="319" count="19" type="stmt"/>
        <line num="326" count="57" type="stmt"/>
        <line num="327" count="57" type="stmt"/>
        <line num="328" count="57" type="cond" truecount="4" falsecount="0"/>
        <line num="329" count="53" type="cond" truecount="4" falsecount="0"/>
        <line num="332" count="49" type="stmt"/>
        <line num="333" count="49" type="stmt"/>
        <line num="334" count="49" type="cond" truecount="4" falsecount="0"/>
        <line num="335" count="45" type="cond" truecount="4" falsecount="0"/>
        <line num="338" count="43" type="stmt"/>
        <line num="339" count="43" type="stmt"/>
        <line num="340" count="43" type="cond" truecount="4" falsecount="0"/>
        <line num="341" count="41" type="cond" truecount="4" falsecount="0"/>
        <line num="344" count="40" type="cond" truecount="2" falsecount="0"/>
        <line num="345" count="40" type="cond" truecount="2" falsecount="0"/>
        <line num="346" count="40" type="stmt"/>
        <line num="349" count="19" type="stmt"/>
        <line num="351" count="1" type="stmt"/>
        <line num="352" count="1" type="stmt"/>
        <line num="363" count="6" type="stmt"/>
        <line num="364" count="6" type="stmt"/>
        <line num="366" count="5" type="cond" truecount="4" falsecount="0"/>
        <line num="367" count="1" type="stmt"/>
        <line num="371" count="4" type="stmt"/>
        <line num="372" count="28" type="cond" truecount="2" falsecount="0"/>
        <line num="373" count="28" type="cond" truecount="2" falsecount="0"/>
        <line num="374" count="28" type="stmt"/>
        <line num="377" count="4" type="stmt"/>
        <line num="379" count="1" type="stmt"/>
        <line num="380" count="1" type="stmt"/>
        <line num="392" count="3" type="stmt"/>
        <line num="393" count="3" type="stmt"/>
        <line num="394" count="3" type="stmt"/>
        <line num="400" count="2" type="stmt"/>
        <line num="402" count="1" type="stmt"/>
        <line num="403" count="1" type="stmt"/>
        <line num="415" count="3" type="stmt"/>
        <line num="416" count="3" type="stmt"/>
        <line num="423" count="2" type="stmt"/>
        <line num="425" count="1" type="stmt"/>
        <line num="426" count="1" type="stmt"/>
        <line num="437" count="48" type="cond" truecount="2" falsecount="0"/>
        <line num="440" count="46" type="stmt"/>
        <line num="441" count="46" type="stmt"/>
        <line num="442" count="46" type="cond" truecount="2" falsecount="0"/>
        <line num="445" count="46" type="stmt"/>
        <line num="448" count="46" type="stmt"/>
        <line num="449" count="46" type="cond" truecount="2" falsecount="0"/>
        <line num="459" count="44" type="stmt"/>
        <line num="460" count="44" type="stmt"/>
        <line num="461" count="44" type="stmt"/>
        <line num="462" count="44" type="stmt"/>
        <line num="463" count="44" type="stmt"/>
        <line num="464" count="44" type="stmt"/>
        <line num="467" count="44" type="cond" truecount="2" falsecount="0"/>
        <line num="468" count="38" type="cond" truecount="2" falsecount="0"/>
        <line num="469" count="38" type="stmt"/>
        <line num="473" count="44" type="cond" truecount="2" falsecount="0"/>
        <line num="474" count="37" type="stmt"/>
        <line num="477" count="44" type="stmt"/>
        <line num="486" count="10" type="cond" truecount="4" falsecount="0"/>
        <line num="487" count="2" type="stmt"/>
        <line num="490" count="8" type="stmt"/>
        <line num="491" count="8" type="stmt"/>
        <line num="493" count="56" type="cond" truecount="4" falsecount="0"/>
        <line num="494" count="56" type="cond" truecount="2" falsecount="0"/>
        <line num="495" count="2" type="stmt"/>
        <line num="497" count="54" type="stmt"/>
        <line num="498" count="54" type="stmt"/>
        <line num="510" count="8" type="cond" truecount="4" falsecount="0"/>
        <line num="511" count="2" type="stmt"/>
        <line num="515" count="6" type="stmt"/>
        <line num="518" count="6" type="stmt"/>
        <line num="519" count="6" type="stmt"/>
        <line num="520" count="6" type="stmt"/>
        <line num="521" count="6" type="stmt"/>
        <line num="523" count="6" type="stmt"/>
        <line num="524" count="50" type="stmt"/>
        <line num="527" count="50" type="cond" truecount="2" falsecount="0"/>
        <line num="528" count="3" type="stmt"/>
        <line num="529" count="3" type="stmt"/>
        <line num="531" count="50" type="stmt"/>
        <line num="535" count="6" type="cond" truecount="1" falsecount="0"/>
        <line num="536" count="6" type="stmt"/>
        <line num="539" count="6" type="stmt"/>
        <line num="543" count="1" type="stmt"/>
      </file>
      <file name="sessionStore.js" path="/Users/moseslee/Desktop/Bird-Sighting-Bot/src/services/sessionStore.js">
        <metrics statements="43" coveredstatements="43" conditionals="14" coveredconditionals="14" methods="9" coveredmethods="9"/>
        <line num="10" count="19" type="stmt"/>
        <line num="11" count="19" type="stmt"/>
        <line num="12" count="19" type="stmt"/>
        <line num="14" count="19" type="stmt"/>
        <line num="15" count="19" type="stmt"/>
        <line num="19" count="19" type="stmt"/>
        <line num="27" count="4" type="stmt"/>
        <line num="29" count="4" type="cond" truecount="2" falsecount="0"/>
        <line num="30" count="4" type="stmt"/>
        <line num="34" count="43" type="cond" truecount="2" falsecount="0"/>
        <line num="35" count="3" type="stmt"/>
        <line num="36" count="3" type="stmt"/>
        <line num="44" count="7" type="stmt"/>
        <line num="45" count="7" type="stmt"/>
        <line num="53" count="7" type="stmt"/>
        <line num="54" count="6" type="stmt"/>
        <line num="56" count="1" type="stmt"/>
        <line num="64" count="7" type="stmt"/>
        <line num="65" count="7" type="cond" truecount="2" falsecount="0"/>
        <line num="67" count="6" type="stmt"/>
        <line num="68" count="6" type="stmt"/>
        <line num="71" count="5" type="stmt"/>
        <line num="72" count="5" type="stmt"/>
        <line num="73" count="5" type="cond" truecount="2" falsecount="0"/>
        <line num="74" count="1" type="stmt"/>
        <line num="75" count="1" type="stmt"/>
        <line num="76" count="1" type="stmt"/>
        <line num="79" count="4" type="cond" truecount="2" falsecount="0"/>
        <line num="80" count="3" type="stmt"/>
        <line num="82" count="4" type="cond" truecount="2" falsecount="0"/>
        <line num="83" count="3" type="stmt"/>
        <line num="86" count="4" type="stmt"/>
        <line num="91" count="1" type="stmt"/>
        <line num="92" count="1" type="stmt"/>
        <line num="98" count="4" type="stmt"/>
        <line num="99" count="4" type="cond" truecount="2" falsecount="0"/>
        <line num="107" count="14" type="stmt"/>
        <line num="108" count="14" type="stmt"/>
        <line num="109" count="8" type="stmt"/>
        <line num="111" count="14" type="stmt"/>
        <line num="115" count="6" type="stmt"/>
        <line num="116" count="8" type="stmt"/>
        <line num="121" count="19" type="stmt"/>
      </file>
      <file name="sheetsService.js" path="/Users/moseslee/Desktop/Bird-Sighting-Bot/src/services/sheetsService.js">
        <metrics statements="50" coveredstatements="50" conditionals="28" coveredconditionals="28" methods="5" coveredmethods="5"/>
        <line num="10" count="26" type="stmt"/>
        <line num="11" count="26" type="stmt"/>
        <line num="12" count="26" type="stmt"/>
        <line num="16" count="26" type="stmt"/>
        <line num="17" count="26" type="stmt"/>
        <line num="18" count="26" type="stmt"/>
        <line num="19" count="26" type="stmt"/>
        <line num="26" count="71" type="cond" truecount="2" falsecount="0"/>
        <line num="27" count="67" type="cond" truecount="4" falsecount="0"/>
        <line num="28" count="48" type="stmt"/>
        <line num="29" count="48" type="stmt"/>
        <line num="32" count="19" type="stmt"/>
        <line num="33" count="19" type="stmt"/>
        <line num="34" count="19" type="stmt"/>
        <line num="38" count="18" type="stmt"/>
        <line num="39" count="18" type="stmt"/>
        <line num="41" count="18" type="stmt"/>
        <line num="42" count="18" type="stmt"/>
        <line num="43" count="18" type="stmt"/>
        <line num="45" count="1" type="stmt"/>
        <line num="53" count="18" type="stmt"/>
        <line num="64" count="18" type="stmt"/>
        <line num="66" count="18" type="stmt"/>
        <line num="67" count="18" type="stmt"/>
        <line num="72" count="15" type="cond" truecount="2" falsecount="0"/>
        <line num="73" count="15" type="cond" truecount="2" falsecount="0"/>
        <line num="74" count="88" type="stmt"/>
        <line num="76" count="15" type="cond" truecount="2" falsecount="0"/>
        <line num="78" count="4" type="stmt"/>
        <line num="82" count="4" type="stmt"/>
        <line num="88" count="4" type="stmt"/>
        <line num="91" count="3" type="cond" truecount="2" falsecount="0"/>
        <line num="92" count="2" type="stmt"/>
        <line num="93" count="2" type="stmt"/>
        <line num="101" count="1" type="stmt"/>
        <line num="108" count="1" type="stmt"/>
        <line num="111" count="1" type="stmt"/>
        <line num="128" count="71" type="stmt"/>
        <line num="129" count="71" type="stmt"/>
        <line num="130" count="71" type="cond" truecount="2" falsecount="0"/>
        <line num="131" count="22" type="cond" truecount="4" falsecount="0"/>
        <line num="134" count="20" type="stmt"/>
        <line num="135" count="20" type="stmt"/>
        <line num="136" count="24" type="cond" truecount="2" falsecount="0"/>
        <line num="138" count="20" type="stmt"/>
        <line num="140" count="20" type="stmt"/>
        <line num="151" count="20" type="stmt"/>
        <line num="159" count="19" type="stmt"/>
        <line num="163" count="1" type="stmt"/>
        <line num="169" count="26" type="stmt"/>
      </file>
    </package>
    <package name="utils">
      <metrics statements="157" coveredstatements="157" conditionals="91" coveredconditionals="91" methods="33" coveredmethods="33"/>
      <file name="dateUtils.js" path="/Users/moseslee/Desktop/Bird-Sighting-Bot/src/utils/dateUtils.js">
        <metrics statements="98" coveredstatements="98" conditionals="47" coveredconditionals="47" methods="22" coveredmethods="22"/>
        <line num="11" count="8" type="stmt"/>
        <line num="202" count="168" type="cond" truecount="2" falsecount="0"/>
        <line num="203" count="157" type="stmt"/>
        <line num="204" count="157" type="cond" truecount="2" falsecount="0"/>
        <line num="206" count="4" type="stmt"/>
        <line num="207" count="4" type="cond" truecount="2" falsecount="0"/>
        <line num="210" count="12" type="stmt"/>
        <line num="220" count="106" type="stmt"/>
        <line num="221" count="106" type="stmt"/>
        <line num="222" count="106" type="stmt"/>
        <line num="223" count="738" type="stmt"/>
        <line num="224" count="106" type="cond" truecount="2" falsecount="0"/>
        <line num="233" count="41" type="stmt"/>
        <line num="234" count="41" type="stmt"/>
        <line num="235" count="41" type="stmt"/>
        <line num="241" count="41" type="cond" truecount="2" falsecount="0"/>
        <line num="242" count="121" type="cond" truecount="2" falsecount="0"/>
        <line num="243" count="41" type="stmt"/>
        <line num="251" count="49" type="stmt"/>
        <line num="260" count="104" type="stmt"/>
        <line num="261" count="104" type="stmt"/>
        <line num="262" count="104" type="stmt"/>
        <line num="271" count="9" type="stmt"/>
        <line num="272" count="9" type="stmt"/>
        <line num="273" count="9" type="stmt"/>
        <line num="283" count="4" type="stmt"/>
        <line num="284" count="4" type="stmt"/>
        <line num="290" count="4" type="cond" truecount="2" falsecount="0"/>
        <line num="291" count="9" type="cond" truecount="2" falsecount="0"/>
        <line num="292" count="4" type="stmt"/>
        <line num="302" count="38" type="stmt"/>
        <line num="303" count="38" type="stmt"/>
        <line num="304" count="38" type="stmt"/>
        <line num="307" count="38" type="stmt"/>
        <line num="309" count="38" type="cond" truecount="7" falsecount="0"/>
        <line num="311" count="13" type="stmt"/>
        <line num="319" count="5" type="stmt"/>
        <line num="320" count="5" type="stmt"/>
        <line num="321" count="5" type="stmt"/>
        <line num="329" count="5" type="stmt"/>
        <line num="330" count="5" type="stmt"/>
        <line num="331" count="5" type="stmt"/>
        <line num="339" count="5" type="stmt"/>
        <line num="340" count="5" type="stmt"/>
        <line num="341" count="5" type="stmt"/>
        <line num="349" count="5" type="stmt"/>
        <line num="350" count="5" type="stmt"/>
        <line num="351" count="5" type="stmt"/>
        <line num="359" count="4" type="stmt"/>
        <line num="360" count="4" type="stmt"/>
        <line num="361" count="4" type="stmt"/>
        <line num="369" count="1" type="stmt"/>
        <line num="385" count="22" type="cond" truecount="2" falsecount="0"/>
        <line num="387" count="20" type="stmt"/>
        <line num="390" count="20" type="stmt"/>
        <line num="391" count="20" type="cond" truecount="2" falsecount="0"/>
        <line num="392" count="14" type="stmt"/>
        <line num="393" count="14" type="stmt"/>
        <line num="397" count="6" type="stmt"/>
        <line num="398" count="6" type="cond" truecount="2" falsecount="0"/>
        <line num="399" count="1" type="stmt"/>
        <line num="400" count="1" type="stmt"/>
        <line num="404" count="5" type="stmt"/>
        <line num="405" count="5" type="cond" truecount="2" falsecount="0"/>
        <line num="406" count="1" type="stmt"/>
        <line num="407" count="1" type="stmt"/>
        <line num="410" count="4" type="stmt"/>
        <line num="420" count="5" type="stmt"/>
        <line num="421" count="5" type="stmt"/>
        <line num="430" count="9" type="stmt"/>
        <line num="431" count="9" type="stmt"/>
        <line num="432" count="9" type="stmt"/>
        <line num="433" count="9" type="stmt"/>
        <line num="442" count="18" type="stmt"/>
        <line num="443" count="18" type="stmt"/>
        <line num="444" count="18" type="stmt"/>
        <line num="445" count="18" type="stmt"/>
        <line num="456" count="29" type="stmt"/>
        <line num="457" count="29" type="cond" truecount="2" falsecount="0"/>
        <line num="466" count="28" type="cond" truecount="2" falsecount="0"/>
        <line num="468" count="26" type="stmt"/>
        <line num="469" count="26" type="stmt"/>
        <line num="470" count="26" type="cond" truecount="2" falsecount="0"/>
        <line num="472" count="26" type="stmt"/>
        <line num="473" count="26" type="stmt"/>
        <line num="475" count="26" type="stmt"/>
        <line num="486" count="11" type="cond" truecount="4" falsecount="0"/>
        <line num="488" count="9" type="stmt"/>
        <line num="489" count="27" type="cond" truecount="2" falsecount="0"/>
        <line num="490" count="24" type="stmt"/>
        <line num="491" count="24" type="cond" truecount="2" falsecount="0"/>
        <line num="503" count="4" type="stmt"/>
        <line num="504" count="4" type="stmt"/>
        <line num="505" count="4" type="stmt"/>
        <line num="507" count="4" type="cond" truecount="2" falsecount="0"/>
        <line num="508" count="1" type="stmt"/>
        <line num="511" count="3" type="stmt"/>
        <line num="514" count="8" type="stmt"/>
      </file>
      <file name="logger.js" path="/Users/moseslee/Desktop/Bird-Sighting-Bot/src/utils/logger.js">
        <metrics statements="6" coveredstatements="6" conditionals="8" coveredconditionals="8" methods="1" coveredmethods="1"/>
        <line num="13" count="9" type="stmt"/>
        <line num="15" count="9" type="stmt"/>
        <line num="17" count="9" type="stmt"/>
        <line num="29" count="62" type="cond" truecount="2" falsecount="0"/>
        <line num="30" count="62" type="stmt"/>
        <line num="36" count="9" type="stmt"/>
      </file>
      <file name="markdown.js" path="/Users/moseslee/Desktop/Bird-Sighting-Bot/src/utils/markdown.js">
        <metrics statements="4" coveredstatements="4" conditionals="2" coveredconditionals="2" methods="1" coveredmethods="1"/>
        <line num="22" count="666" type="cond" truecount="2" falsecount="0"/>
        <line num="23" count="663" type="stmt"/>
        <line num="27" count="10" type="stmt"/>
        <line num="29" count="10" type="stmt"/>
      </file>
      <file name="regionCodes.js" path="/Users/moseslee/Desktop/Bird-Sighting-Bot/src/utils/regionCodes.js">
        <metrics statements="19" coveredstatements="19" conditionals="12" coveredconditionals="12" methods="3" coveredmethods="3"/>
        <line num="2" count="8" type="stmt"/>
        <line num="290" count="77" type="cond" truecount="2" falsecount="0"/>
        <line num="292" count="75" type="stmt"/>
        <line num="295" count="75" type="cond" truecount="2" falsecount="0"/>
        <line num="296" count="9" type="stmt"/>
        <line num="300" count="66" type="stmt"/>
        <line num="301" count="66" type="cond" truecount="2" falsecount="0"/>
        <line num="302" count="52" type="stmt"/>
        <line num="306" count="14" type="stmt"/>
        <line num="307" count="2635" type="cond" truecount="4" falsecount="0"/>
        <line num="308" count="4" type="stmt"/>
        <line num="313" count="10" type="stmt"/>
        <line num="322" count="5" type="stmt"/>
        <line num="323" count="5" type="stmt"/>
        <line num="324" count="409" type="cond" truecount="2" falsecount="0"/>
        <line num="325" count="4" type="stmt"/>
        <line num="328" count="1" type="stmt"/>
        <line num="336" count="9" type="stmt"/>
        <line num="351" count="8" type="stmt"/>
      </file>
      <file name="speciesCodes.js" path="/Users/moseslee/Desktop/Bird-Sighting-Bot/src/utils/speciesCodes.js">
        <metrics statements="30" coveredstatements="30" conditionals="22" coveredconditionals="22" methods="6" coveredmethods="6"/>
        <line num="6" count="1" type="stmt"/>
        <line num="302" count="14" type="cond" truecount="2" falsecount="0"/>
        <line num="304" count="12" type="stmt"/>
        <line num="307" count="12" type="cond" truecount="4" falsecount="0"/>
        <line num="308" count="4" type="stmt"/>
        <line num="312" count="8" type="cond" truecount="2" falsecount="0"/>
        <line num="313" count="4" type="stmt"/>
        <line num="317" count="4" type="stmt"/>
        <line num="318" count="238" type="cond" truecount="4" falsecount="0"/>
        <line num="319" count="3" type="stmt"/>
        <line num="324" count="1" type="stmt"/>
        <line num="331" count="5" type="cond" truecount="2" falsecount="0"/>
        <line num="332" count="3" type="stmt"/>
        <line num="334" count="3" type="stmt"/>
        <line num="335" count="357" type="cond" truecount="2" falsecount="0"/>
        <line num="337" count="4" type="stmt"/>
        <line num="340" count="1" type="stmt"/>
        <line num="347" count="6" type="cond" truecount="2" falsecount="0"/>
        <line num="349" count="4" type="stmt"/>
        <line num="350" count="4" type="stmt"/>
        <line num="352" count="4" type="stmt"/>
        <line num="353" count="940" type="cond" truecount="2" falsecount="0"/>
        <line num="354" count="180" type="stmt"/>
        <line num="359" count="4" type="stmt"/>
        <line num="360" count="4" type="stmt"/>
        <line num="361" count="180" type="cond" truecount="2" falsecount="0"/>
        <line num="362" count="124" type="stmt"/>
        <line num="363" count="124" type="stmt"/>
        <line num="371" count="3" type="stmt"/>
        <line num="380" count="1" type="stmt"/>
      </file>
    </package>
  </project>
</coverage>
