{"/Users/moseslee/Desktop/Bird-Sighting-Bot/src/bot/telegramBot.js": {"path":"/Users/moseslee/Desktop/Bird-Sighting-Bot/src/bot/telegramBot.js","statementMap":{"0":{"start":{"line":8,"column":20},"end":{"line":8,"column":52}},"1":{"start":{"line":9,"column":21},"end":{"line":9,"column":56}},"2":{"start":{"line":10,"column":15},"end":{"line":10,"column":41}},"3":{"start":{"line":11,"column":21},"end":{"line":11,"column":56}},"4":{"start":{"line":24,"column":4},"end":{"line":24,"column":25}},"5":{"start":{"line":28,"column":4},"end":{"line":28,"column":39}},"6":{"start":{"line":29,"column":4},"end":{"line":29,"column":35}},"7":{"start":{"line":30,"column":4},"end":{"line":30,"column":50}},"8":{"start":{"line":32,"column":4},"end":{"line":32,"column":20}},"9":{"start":{"line":34,"column":4},"end":{"line":34,"column":54}},"10":{"start":{"line":35,"column":4},"end":{"line":35,"column":32}},"11":{"start":{"line":36,"column":4},"end":{"line":36,"column":31}},"12":{"start":{"line":37,"column":4},"end":{"line":37,"column":39}},"13":{"start":{"line":38,"column":4},"end":{"line":38,"column":33}},"14":{"start":{"line":39,"column":4},"end":{"line":39,"column":28}},"15":{"start":{"line":42,"column":4},"end":{"line":42,"column":32}},"16":{"start":{"line":43,"column":4},"end":{"line":43,"column":29}},"17":{"start":{"line":44,"column":4},"end":{"line":44,"column":39}},"18":{"start":{"line":47,"column":4},"end":{"line":47,"column":31}},"19":{"start":{"line":48,"column":4},"end":{"line":48,"column":37}},"20":{"start":{"line":50,"column":4},"end":{"line":50,"column":25}},"21":{"start":{"line":51,"column":4},"end":{"line":51,"column":25}},"22":{"start":{"line":59,"column":4},"end":{"line":65,"column":5}},"23":{"start":{"line":60,"column":6},"end":{"line":60,"column":72}},"24":{"start":{"line":62,"column":6},"end":{"line":64,"column":9}},"25":{"start":{"line":67,"column":4},"end":{"line":69,"column":7}},"26":{"start":{"line":68,"column":6},"end":{"line":68,"column":75}},"27":{"start":{"line":70,"column":4},"end":{"line":72,"column":7}},"28":{"start":{"line":71,"column":6},"end":{"line":71,"column":71}},"29":{"start":{"line":77,"column":4},"end":{"line":77,"column":35}},"30":{"start":{"line":82,"column":4},"end":{"line":91,"column":7}},"31":{"start":{"line":97,"column":17},"end":{"line":131,"column":5}},"32":{"start":{"line":97,"column":25},"end":{"line":131,"column":5}},"33":{"start":{"line":98,"column":6},"end":{"line":130,"column":7}},"34":{"start":{"line":100,"column":20},"end":{"line":100,"column":27}},"35":{"start":{"line":101,"column":23},"end":{"line":101,"column":70}},"36":{"start":{"line":102,"column":8},"end":{"line":106,"column":9}},"37":{"start":{"line":103,"column":10},"end":{"line":103,"column":50}},"38":{"start":{"line":104,"column":10},"end":{"line":104,"column":117}},"39":{"start":{"line":105,"column":10},"end":{"line":105,"column":17}},"40":{"start":{"line":107,"column":8},"end":{"line":107,"column":26}},"41":{"start":{"line":109,"column":8},"end":{"line":109,"column":90}},"42":{"start":{"line":111,"column":8},"end":{"line":129,"column":48}},"43":{"start":{"line":112,"column":22},"end":{"line":112,"column":29}},"44":{"start":{"line":113,"column":25},"end":{"line":115,"column":19}},"45":{"start":{"line":116,"column":10},"end":{"line":128,"column":11}},"46":{"start":{"line":117,"column":12},"end":{"line":127,"column":14}},"47":{"start":{"line":134,"column":4},"end":{"line":134,"column":69}},"48":{"start":{"line":134,"column":45},"end":{"line":134,"column":66}},"49":{"start":{"line":135,"column":4},"end":{"line":135,"column":67}},"50":{"start":{"line":135,"column":44},"end":{"line":135,"column":64}},"51":{"start":{"line":136,"column":4},"end":{"line":136,"column":95}},"52":{"start":{"line":136,"column":60},"end":{"line":136,"column":92}},"53":{"start":{"line":137,"column":4},"end":{"line":137,"column":91}},"54":{"start":{"line":137,"column":58},"end":{"line":137,"column":88}},"55":{"start":{"line":138,"column":4},"end":{"line":138,"column":71}},"56":{"start":{"line":138,"column":46},"end":{"line":138,"column":68}},"57":{"start":{"line":139,"column":4},"end":{"line":139,"column":93}},"58":{"start":{"line":139,"column":59},"end":{"line":139,"column":90}},"59":{"start":{"line":140,"column":4},"end":{"line":140,"column":91}},"60":{"start":{"line":140,"column":58},"end":{"line":140,"column":88}},"61":{"start":{"line":141,"column":4},"end":{"line":141,"column":73}},"62":{"start":{"line":141,"column":47},"end":{"line":141,"column":70}},"63":{"start":{"line":144,"column":4},"end":{"line":144,"column":69}},"64":{"start":{"line":144,"column":42},"end":{"line":144,"column":66}},"65":{"start":{"line":147,"column":4},"end":{"line":147,"column":95}},"66":{"start":{"line":147,"column":58},"end":{"line":147,"column":92}},"67":{"start":{"line":150,"column":4},"end":{"line":150,"column":67}},"68":{"start":{"line":150,"column":41},"end":{"line":150,"column":64}},"69":{"start":{"line":152,"column":4},"end":{"line":152,"column":57}},"70":{"start":{"line":158,"column":4},"end":{"line":169,"column":5}},"71":{"start":{"line":159,"column":6},"end":{"line":162,"column":9}},"72":{"start":{"line":164,"column":6},"end":{"line":164,"column":78}},"73":{"start":{"line":166,"column":6},"end":{"line":168,"column":7}},"74":{"start":{"line":167,"column":8},"end":{"line":167,"column":87}},"75":{"start":{"line":176,"column":4},"end":{"line":176,"column":27}},"76":{"start":{"line":176,"column":20},"end":{"line":176,"column":27}},"77":{"start":{"line":177,"column":4},"end":{"line":179,"column":32}},"78":{"start":{"line":178,"column":6},"end":{"line":178,"column":54}},"79":{"start":{"line":183,"column":4},"end":{"line":183,"column":20}},"80":{"start":{"line":191,"column":16},"end":{"line":191,"column":26}},"81":{"start":{"line":192,"column":18},"end":{"line":192,"column":45}},"82":{"start":{"line":194,"column":4},"end":{"line":198,"column":5}},"83":{"start":{"line":196,"column":6},"end":{"line":196,"column":89}},"84":{"start":{"line":197,"column":6},"end":{"line":197,"column":19}},"85":{"start":{"line":200,"column":4},"end":{"line":200,"column":18}},"86":{"start":{"line":201,"column":4},"end":{"line":203,"column":5}},"87":{"start":{"line":202,"column":6},"end":{"line":202,"column":18}},"88":{"start":{"line":204,"column":4},"end":{"line":204,"column":17}},"89":{"start":{"line":210,"column":0},"end":{"line":220,"column":2}},"90":{"start":{"line":222,"column":0},"end":{"line":222,"column":25}}},"fnMap":{"0":{"name":"(anonymous_0)","decl":{"start":{"line":27,"column":2},"end":{"line":27,"column":3}},"loc":{"start":{"line":27,"column":56},"end":{"line":52,"column":3}},"line":27},"1":{"name":"(anonymous_1)","decl":{"start":{"line":58,"column":2},"end":{"line":58,"column":3}},"loc":{"start":{"line":58,"column":13},"end":{"line":73,"column":3}},"line":58},"2":{"name":"(anonymous_2)","decl":{"start":{"line":67,"column":33},"end":{"line":67,"column":34}},"loc":{"start":{"line":67,"column":42},"end":{"line":69,"column":5}},"line":67},"3":{"name":"(anonymous_3)","decl":{"start":{"line":70,"column":25},"end":{"line":70,"column":26}},"loc":{"start":{"line":70,"column":34},"end":{"line":72,"column":5}},"line":70},"4":{"name":"(anonymous_4)","decl":{"start":{"line":76,"column":2},"end":{"line":76,"column":3}},"loc":{"start":{"line":76,"column":24},"end":{"line":78,"column":3}},"line":76},"5":{"name":"(anonymous_5)","decl":{"start":{"line":80,"column":2},"end":{"line":80,"column":3}},"loc":{"start":{"line":80,"column":18},"end":{"line":92,"column":3}},"line":80},"6":{"name":"(anonymous_6)","decl":{"start":{"line":94,"column":2},"end":{"line":94,"column":3}},"loc":{"start":{"line":94,"column":18},"end":{"line":153,"column":3}},"line":94},"7":{"name":"(anonymous_7)","decl":{"start":{"line":97,"column":17},"end":{"line":97,"column":18}},"loc":{"start":{"line":97,"column":25},"end":{"line":131,"column":5}},"line":97},"8":{"name":"(anonymous_8)","decl":{"start":{"line":97,"column":25},"end":{"line":97,"column":26}},"loc":{"start":{"line":97,"column":44},"end":{"line":131,"column":5}},"line":97},"9":{"name":"(anonymous_9)","decl":{"start":{"line":134,"column":36},"end":{"line":134,"column":37}},"loc":{"start":{"line":134,"column":45},"end":{"line":134,"column":66}},"line":134},"10":{"name":"(anonymous_10)","decl":{"start":{"line":135,"column":35},"end":{"line":135,"column":36}},"loc":{"start":{"line":135,"column":44},"end":{"line":135,"column":64}},"line":135},"11":{"name":"(anonymous_11)","decl":{"start":{"line":136,"column":44},"end":{"line":136,"column":45}},"loc":{"start":{"line":136,"column":60},"end":{"line":136,"column":92}},"line":136},"12":{"name":"(anonymous_12)","decl":{"start":{"line":137,"column":42},"end":{"line":137,"column":43}},"loc":{"start":{"line":137,"column":58},"end":{"line":137,"column":88}},"line":137},"13":{"name":"(anonymous_13)","decl":{"start":{"line":138,"column":37},"end":{"line":138,"column":38}},"loc":{"start":{"line":138,"column":46},"end":{"line":138,"column":68}},"line":138},"14":{"name":"(anonymous_14)","decl":{"start":{"line":139,"column":43},"end":{"line":139,"column":44}},"loc":{"start":{"line":139,"column":59},"end":{"line":139,"column":90}},"line":139},"15":{"name":"(anonymous_15)","decl":{"start":{"line":140,"column":42},"end":{"line":140,"column":43}},"loc":{"start":{"line":140,"column":58},"end":{"line":140,"column":88}},"line":140},"16":{"name":"(anonymous_16)","decl":{"start":{"line":141,"column":38},"end":{"line":141,"column":39}},"loc":{"start":{"line":141,"column":47},"end":{"line":141,"column":70}},"line":141},"17":{"name":"(anonymous_17)","decl":{"start":{"line":144,"column":33},"end":{"line":144,"column":34}},"loc":{"start":{"line":144,"column":42},"end":{"line":144,"column":66}},"line":144},"18":{"name":"(anonymous_18)","decl":{"start":{"line":147,"column":39},"end":{"line":147,"column":40}},"loc":{"start":{"line":147,"column":58},"end":{"line":147,"column":92}},"line":147},"19":{"name":"(anonymous_19)","decl":{"start":{"line":150,"column":32},"end":{"line":150,"column":33}},"loc":{"start":{"line":150,"column":41},"end":{"line":150,"column":64}},"line":150},"20":{"name":"(anonymous_20)","decl":{"start":{"line":157,"column":2},"end":{"line":157,"column":3}},"loc":{"start":{"line":157,"column":48},"end":{"line":170,"column":3}},"line":157},"21":{"name":"(anonymous_21)","decl":{"start":{"line":175,"column":2},"end":{"line":175,"column":3}},"loc":{"start":{"line":175,"column":37},"end":{"line":180,"column":3}},"line":175},"22":{"name":"(anonymous_22)","decl":{"start":{"line":182,"column":2},"end":{"line":182,"column":3}},"loc":{"start":{"line":182,"column":11},"end":{"line":184,"column":3}},"line":182},"23":{"name":"(anonymous_23)","decl":{"start":{"line":190,"column":2},"end":{"line":190,"column":3}},"loc":{"start":{"line":190,"column":25},"end":{"line":205,"column":3}},"line":190}},"branchMap":{"0":{"loc":{"start":{"line":27,"column":42},"end":{"line":27,"column":54}},"type":"default-arg","locations":[{"start":{"line":27,"column":52},"end":{"line":27,"column":54}}],"line":27},"1":{"loc":{"start":{"line":30,"column":22},"end":{"line":30,"column":49}},"type":"binary-expr","locations":[{"start":{"line":30,"column":22},"end":{"line":30,"column":40}},{"start":{"line":30,"column":44},"end":{"line":30,"column":49}}],"line":30},"2":{"loc":{"start":{"line":59,"column":4},"end":{"line":65,"column":5}},"type":"if","locations":[{"start":{"line":59,"column":4},"end":{"line":65,"column":5}},{"start":{"line":61,"column":11},"end":{"line":65,"column":5}}],"line":59},"3":{"loc":{"start":{"line":68,"column":45},"end":{"line":68,"column":71}},"type":"binary-expr","locations":[{"start":{"line":68,"column":45},"end":{"line":68,"column":56}},{"start":{"line":68,"column":60},"end":{"line":68,"column":71}}],"line":68},"4":{"loc":{"start":{"line":71,"column":41},"end":{"line":71,"column":67}},"type":"binary-expr","locations":[{"start":{"line":71,"column":41},"end":{"line":71,"column":52}},{"start":{"line":71,"column":56},"end":{"line":71,"column":67}}],"line":71},"5":{"loc":{"start":{"line":101,"column":23},"end":{"line":101,"column":70}},"type":"binary-expr","locations":[{"start":{"line":101,"column":23},"end":{"line":101,"column":36}},{"start":{"line":101,"column":40},"end":{"line":101,"column":62}},{"start":{"line":101,"column":66},"end":{"line":101,"column":70}}],"line":101},"6":{"loc":{"start":{"line":102,"column":8},"end":{"line":106,"column":9}},"type":"if","locations":[{"start":{"line":102,"column":8},"end":{"line":106,"column":9}},{"start":{},"end":{}}],"line":102},"7":{"loc":{"start":{"line":102,"column":12},"end":{"line":102,"column":49}},"type":"binary-expr","locations":[{"start":{"line":102,"column":12},"end":{"line":102,"column":18}},{"start":{"line":102,"column":22},"end":{"line":102,"column":49}}],"line":102},"8":{"loc":{"start":{"line":113,"column":25},"end":{"line":115,"column":19}},"type":"binary-expr","locations":[{"start":{"line":113,"column":25},"end":{"line":113,"column":38}},{"start":{"line":114,"column":15},"end":{"line":114,"column":37}},{"start":{"line":115,"column":15},"end":{"line":115,"column":19}}],"line":113},"9":{"loc":{"start":{"line":116,"column":10},"end":{"line":128,"column":11}},"type":"if","locations":[{"start":{"line":116,"column":10},"end":{"line":128,"column":11}},{"start":{},"end":{}}],"line":116},"10":{"loc":{"start":{"line":157,"column":34},"end":{"line":157,"column":46}},"type":"default-arg","locations":[{"start":{"line":157,"column":44},"end":{"line":157,"column":46}}],"line":157},"11":{"loc":{"start":{"line":166,"column":6},"end":{"line":168,"column":7}},"type":"if","locations":[{"start":{"line":166,"column":6},"end":{"line":168,"column":7}},{"start":{},"end":{}}],"line":166},"12":{"loc":{"start":{"line":176,"column":4},"end":{"line":176,"column":27}},"type":"if","locations":[{"start":{"line":176,"column":4},"end":{"line":176,"column":27}},{"start":{},"end":{}}],"line":176},"13":{"loc":{"start":{"line":194,"column":4},"end":{"line":198,"column":5}},"type":"if","locations":[{"start":{"line":194,"column":4},"end":{"line":198,"column":5}},{"start":{},"end":{}}],"line":194},"14":{"loc":{"start":{"line":194,"column":8},"end":{"line":194,"column":39}},"type":"binary-expr","locations":[{"start":{"line":194,"column":8},"end":{"line":194,"column":14}},{"start":{"line":194,"column":18},"end":{"line":194,"column":39}}],"line":194},"15":{"loc":{"start":{"line":201,"column":4},"end":{"line":203,"column":5}},"type":"if","locations":[{"start":{"line":201,"column":4},"end":{"line":203,"column":5}},{"start":{},"end":{}}],"line":201}},"s":{"0":1,"1":1,"2":1,"3":1,"4":1,"5":54,"6":54,"7":54,"8":54,"9":54,"10":54,"11":54,"12":54,"13":54,"14":54,"15":54,"16":54,"17":54,"18":54,"19":54,"20":54,"21":54,"22":54,"23":1,"24":53,"25":54,"26":2,"27":54,"28":2,"29":1,"30":54,"31":54,"32":594,"33":17,"34":17,"35":17,"36":17,"37":2,"38":2,"39":2,"40":15,"41":5,"42":5,"43":5,"44":5,"45":5,"46":3,"47":54,"48":5,"49":54,"50":1,"51":54,"52":1,"53":54,"54":1,"55":54,"56":1,"57":54,"58":1,"59":54,"60":1,"61":54,"62":1,"63":54,"64":1,"65":54,"66":1,"67":54,"68":1,"69":54,"70":20,"71":20,"72":4,"73":4,"74":1,"75":4,"76":2,"77":2,"78":2,"79":1,"80":111,"81":111,"82":111,"83":22,"84":22,"85":89,"86":89,"87":5,"88":84,"89":1,"90":1},"f":{"0":54,"1":54,"2":2,"3":2,"4":1,"5":54,"6":54,"7":594,"8":17,"9":5,"10":1,"11":1,"12":1,"13":1,"14":1,"15":1,"16":1,"17":1,"18":1,"19":1,"20":20,"21":4,"22":1,"23":111},"b":{"0":[52],"1":[54,53],"2":[1,53],"3":[2,1],"4":[2,1],"5":[17,4,2],"6":[2,15],"7":[17,15],"8":[5,3,2],"9":[3,2],"10":[14],"11":[1,3],"12":[2,2],"13":[22,89],"14":[111,90],"15":[5,84]},"_coverageSchema":"1a1c01bbd47fc00a2c39e90264f33305004495a9","hash":"688df3a37c88773866da375f85b00b6fe371a315"}
,"/Users/moseslee/Desktop/Bird-Sighting-Bot/src/bot/handlers/callbackHandlers.js": {"path":"/Users/moseslee/Desktop/Bird-Sighting-Bot/src/bot/handlers/callbackHandlers.js","statementMap":{"0":{"start":{"line":4,"column":25},"end":{"line":4,"column":59}},"1":{"start":{"line":13,"column":4},"end":{"line":13,"column":36}},"2":{"start":{"line":15,"column":0},"end":{"line":432,"column":2}},"3":{"start":{"line":17,"column":19},"end":{"line":17,"column":48}},"4":{"start":{"line":18,"column":22},"end":{"line":18,"column":54}},"5":{"start":{"line":19,"column":17},"end":{"line":19,"column":35}},"6":{"start":{"line":22,"column":4},"end":{"line":22,"column":57}},"7":{"start":{"line":25,"column":4},"end":{"line":28,"column":5}},"8":{"start":{"line":26,"column":6},"end":{"line":26,"column":61}},"9":{"start":{"line":27,"column":6},"end":{"line":27,"column":13}},"10":{"start":{"line":31,"column":4},"end":{"line":34,"column":5}},"11":{"start":{"line":33,"column":6},"end":{"line":33,"column":13}},"12":{"start":{"line":36,"column":4},"end":{"line":49,"column":5}},"13":{"start":{"line":37,"column":20},"end":{"line":37,"column":35}},"14":{"start":{"line":38,"column":19},"end":{"line":38,"column":27}},"15":{"start":{"line":39,"column":19},"end":{"line":39,"column":37}},"16":{"start":{"line":41,"column":23},"end":{"line":41,"column":42}},"17":{"start":{"line":42,"column":21},"end":{"line":42,"column":57}},"18":{"start":{"line":44,"column":6},"end":{"line":47,"column":7}},"19":{"start":{"line":46,"column":8},"end":{"line":46,"column":136}},"20":{"start":{"line":48,"column":6},"end":{"line":48,"column":13}},"21":{"start":{"line":52,"column":4},"end":{"line":68,"column":5}},"22":{"start":{"line":53,"column":19},"end":{"line":53,"column":37}},"23":{"start":{"line":54,"column":23},"end":{"line":54,"column":42}},"24":{"start":{"line":55,"column":21},"end":{"line":55,"column":57}},"25":{"start":{"line":57,"column":6},"end":{"line":66,"column":7}},"26":{"start":{"line":58,"column":27},"end":{"line":58,"column":86}},"27":{"start":{"line":59,"column":8},"end":{"line":64,"column":11}},"28":{"start":{"line":65,"column":8},"end":{"line":65,"column":86}},"29":{"start":{"line":67,"column":6},"end":{"line":67,"column":13}},"30":{"start":{"line":71,"column":4},"end":{"line":84,"column":5}},"31":{"start":{"line":72,"column":19},"end":{"line":72,"column":51}},"32":{"start":{"line":73,"column":23},"end":{"line":73,"column":42}},"33":{"start":{"line":74,"column":21},"end":{"line":74,"column":57}},"34":{"start":{"line":76,"column":6},"end":{"line":82,"column":7}},"35":{"start":{"line":77,"column":27},"end":{"line":77,"column":95}},"36":{"start":{"line":78,"column":8},"end":{"line":78,"column":112}},"37":{"start":{"line":79,"column":8},"end":{"line":79,"column":61}},"38":{"start":{"line":81,"column":8},"end":{"line":81,"column":98}},"39":{"start":{"line":83,"column":6},"end":{"line":83,"column":13}},"40":{"start":{"line":87,"column":4},"end":{"line":100,"column":5}},"41":{"start":{"line":88,"column":19},"end":{"line":88,"column":48}},"42":{"start":{"line":89,"column":23},"end":{"line":89,"column":42}},"43":{"start":{"line":90,"column":21},"end":{"line":90,"column":57}},"44":{"start":{"line":92,"column":6},"end":{"line":98,"column":7}},"45":{"start":{"line":93,"column":28},"end":{"line":93,"column":90}},"46":{"start":{"line":94,"column":8},"end":{"line":94,"column":113}},"47":{"start":{"line":95,"column":8},"end":{"line":95,"column":62}},"48":{"start":{"line":97,"column":8},"end":{"line":97,"column":98}},"49":{"start":{"line":99,"column":6},"end":{"line":99,"column":13}},"50":{"start":{"line":103,"column":4},"end":{"line":126,"column":5}},"51":{"start":{"line":104,"column":20},"end":{"line":104,"column":35}},"52":{"start":{"line":105,"column":19},"end":{"line":105,"column":27}},"53":{"start":{"line":107,"column":23},"end":{"line":107,"column":42}},"54":{"start":{"line":108,"column":21},"end":{"line":108,"column":57}},"55":{"start":{"line":110,"column":6},"end":{"line":124,"column":7}},"56":{"start":{"line":112,"column":29},"end":{"line":112,"column":188}},"57":{"start":{"line":114,"column":29},"end":{"line":117,"column":9}},"58":{"start":{"line":119,"column":8},"end":{"line":121,"column":11}},"59":{"start":{"line":123,"column":8},"end":{"line":123,"column":90}},"60":{"start":{"line":125,"column":6},"end":{"line":125,"column":13}},"61":{"start":{"line":129,"column":4},"end":{"line":142,"column":5}},"62":{"start":{"line":130,"column":19},"end":{"line":130,"column":54}},"63":{"start":{"line":131,"column":23},"end":{"line":131,"column":42}},"64":{"start":{"line":132,"column":21},"end":{"line":132,"column":57}},"65":{"start":{"line":134,"column":6},"end":{"line":140,"column":7}},"66":{"start":{"line":135,"column":29},"end":{"line":135,"column":166}},"67":{"start":{"line":136,"column":8},"end":{"line":136,"column":116}},"68":{"start":{"line":137,"column":8},"end":{"line":137,"column":63}},"69":{"start":{"line":139,"column":8},"end":{"line":139,"column":90}},"70":{"start":{"line":141,"column":6},"end":{"line":141,"column":13}},"71":{"start":{"line":145,"column":4},"end":{"line":148,"column":5}},"72":{"start":{"line":146,"column":6},"end":{"line":146,"column":59}},"73":{"start":{"line":147,"column":6},"end":{"line":147,"column":13}},"74":{"start":{"line":150,"column":4},"end":{"line":178,"column":5}},"75":{"start":{"line":151,"column":25},"end":{"line":151,"column":55}},"76":{"start":{"line":152,"column":6},"end":{"line":152,"column":80}},"77":{"start":{"line":153,"column":11},"end":{"line":178,"column":5}},"78":{"start":{"line":154,"column":25},"end":{"line":154,"column":53}},"79":{"start":{"line":155,"column":6},"end":{"line":155,"column":78}},"80":{"start":{"line":156,"column":11},"end":{"line":178,"column":5}},"81":{"start":{"line":158,"column":20},"end":{"line":158,"column":35}},"82":{"start":{"line":159,"column":19},"end":{"line":159,"column":27}},"83":{"start":{"line":160,"column":20},"end":{"line":160,"column":44}},"84":{"start":{"line":163,"column":24},"end":{"line":163,"column":51}},"85":{"start":{"line":164,"column":22},"end":{"line":164,"column":71}},"86":{"start":{"line":164,"column":53},"end":{"line":164,"column":70}},"87":{"start":{"line":166,"column":6},"end":{"line":173,"column":7}},"88":{"start":{"line":167,"column":8},"end":{"line":170,"column":11}},"89":{"start":{"line":172,"column":8},"end":{"line":172,"column":86}},"90":{"start":{"line":174,"column":11},"end":{"line":178,"column":5}},"91":{"start":{"line":175,"column":6},"end":{"line":175,"column":56}},"92":{"start":{"line":176,"column":11},"end":{"line":178,"column":5}},"93":{"start":{"line":177,"column":6},"end":{"line":177,"column":54}},"94":{"start":{"line":181,"column":4},"end":{"line":192,"column":5}},"95":{"start":{"line":182,"column":19},"end":{"line":182,"column":65}},"96":{"start":{"line":183,"column":20},"end":{"line":183,"column":47}},"97":{"start":{"line":184,"column":6},"end":{"line":190,"column":7}},"98":{"start":{"line":185,"column":40},"end":{"line":185,"column":45}},"99":{"start":{"line":186,"column":8},"end":{"line":186,"column":39}},"100":{"start":{"line":187,"column":8},"end":{"line":187,"column":75}},"101":{"start":{"line":189,"column":8},"end":{"line":189,"column":93}},"102":{"start":{"line":191,"column":6},"end":{"line":191,"column":13}},"103":{"start":{"line":195,"column":4},"end":{"line":217,"column":5}},"104":{"start":{"line":196,"column":6},"end":{"line":196,"column":37}},"105":{"start":{"line":197,"column":28},"end":{"line":199,"column":22}},"106":{"start":{"line":200,"column":28},"end":{"line":212,"column":7}},"107":{"start":{"line":213,"column":6},"end":{"line":215,"column":9}},"108":{"start":{"line":216,"column":6},"end":{"line":216,"column":13}},"109":{"start":{"line":220,"column":4},"end":{"line":223,"column":5}},"110":{"start":{"line":221,"column":6},"end":{"line":221,"column":97}},"111":{"start":{"line":222,"column":6},"end":{"line":222,"column":13}},"112":{"start":{"line":224,"column":4},"end":{"line":227,"column":5}},"113":{"start":{"line":225,"column":6},"end":{"line":225,"column":95}},"114":{"start":{"line":226,"column":6},"end":{"line":226,"column":13}},"115":{"start":{"line":228,"column":4},"end":{"line":231,"column":5}},"116":{"start":{"line":229,"column":6},"end":{"line":229,"column":95}},"117":{"start":{"line":230,"column":6},"end":{"line":230,"column":13}},"118":{"start":{"line":232,"column":4},"end":{"line":235,"column":5}},"119":{"start":{"line":233,"column":6},"end":{"line":233,"column":56}},"120":{"start":{"line":234,"column":6},"end":{"line":234,"column":13}},"121":{"start":{"line":236,"column":4},"end":{"line":239,"column":5}},"122":{"start":{"line":237,"column":6},"end":{"line":237,"column":70}},"123":{"start":{"line":238,"column":6},"end":{"line":238,"column":13}},"124":{"start":{"line":240,"column":4},"end":{"line":243,"column":5}},"125":{"start":{"line":241,"column":6},"end":{"line":241,"column":81}},"126":{"start":{"line":242,"column":6},"end":{"line":242,"column":13}},"127":{"start":{"line":246,"column":4},"end":{"line":250,"column":5}},"128":{"start":{"line":247,"column":6},"end":{"line":247,"column":96}},"129":{"start":{"line":248,"column":6},"end":{"line":248,"column":37}},"130":{"start":{"line":249,"column":6},"end":{"line":249,"column":13}},"131":{"start":{"line":258,"column":18},"end":{"line":258,"column":33}},"132":{"start":{"line":260,"column":17},"end":{"line":260,"column":25}},"133":{"start":{"line":266,"column":4},"end":{"line":283,"column":5}},"134":{"start":{"line":267,"column":6},"end":{"line":267,"column":24}},"135":{"start":{"line":268,"column":6},"end":{"line":268,"column":44}},"136":{"start":{"line":269,"column":11},"end":{"line":283,"column":5}},"137":{"start":{"line":271,"column":6},"end":{"line":271,"column":41}},"138":{"start":{"line":272,"column":6},"end":{"line":278,"column":7}},"139":{"start":{"line":273,"column":8},"end":{"line":273,"column":55}},"140":{"start":{"line":274,"column":8},"end":{"line":274,"column":46}},"141":{"start":{"line":277,"column":8},"end":{"line":277,"column":46}},"142":{"start":{"line":281,"column":6},"end":{"line":281,"column":24}},"143":{"start":{"line":282,"column":6},"end":{"line":282,"column":44}},"144":{"start":{"line":286,"column":22},"end":{"line":286,"column":49}},"145":{"start":{"line":287,"column":24},"end":{"line":287,"column":60}},"146":{"start":{"line":288,"column":22},"end":{"line":288,"column":51}},"147":{"start":{"line":291,"column":4},"end":{"line":291,"column":35}},"148":{"start":{"line":293,"column":4},"end":{"line":333,"column":5}},"149":{"start":{"line":295,"column":6},"end":{"line":301,"column":9}},"150":{"start":{"line":303,"column":28},"end":{"line":319,"column":52}},"151":{"start":{"line":322,"column":6},"end":{"line":329,"column":9}},"152":{"start":{"line":331,"column":6},"end":{"line":331,"column":52}},"153":{"start":{"line":332,"column":6},"end":{"line":332,"column":13}},"154":{"start":{"line":336,"column":23},"end":{"line":336,"column":56}},"155":{"start":{"line":339,"column":4},"end":{"line":348,"column":5}},"156":{"start":{"line":340,"column":6},"end":{"line":340,"column":98}},"157":{"start":{"line":341,"column":11},"end":{"line":348,"column":5}},"158":{"start":{"line":342,"column":6},"end":{"line":342,"column":96}},"159":{"start":{"line":343,"column":11},"end":{"line":348,"column":5}},"160":{"start":{"line":344,"column":26},"end":{"line":344,"column":44}},"161":{"start":{"line":345,"column":6},"end":{"line":347,"column":7}},"162":{"start":{"line":346,"column":8},"end":{"line":346,"column":117}},"163":{"start":{"line":355,"column":74},"end":{"line":355,"column":83}},"164":{"start":{"line":360,"column":4},"end":{"line":391,"column":5}},"165":{"start":{"line":361,"column":33},"end":{"line":361,"column":56}},"166":{"start":{"line":362,"column":6},"end":{"line":362,"column":38}},"167":{"start":{"line":363,"column":6},"end":{"line":363,"column":34}},"168":{"start":{"line":365,"column":6},"end":{"line":370,"column":7}},"169":{"start":{"line":366,"column":8},"end":{"line":368,"column":10}},"170":{"start":{"line":369,"column":8},"end":{"line":369,"column":15}},"171":{"start":{"line":373,"column":6},"end":{"line":375,"column":7}},"172":{"start":{"line":374,"column":8},"end":{"line":374,"column":52}},"173":{"start":{"line":377,"column":6},"end":{"line":377,"column":70}},"174":{"start":{"line":380,"column":6},"end":{"line":380,"column":34}},"175":{"start":{"line":382,"column":6},"end":{"line":387,"column":7}},"176":{"start":{"line":383,"column":8},"end":{"line":385,"column":10}},"177":{"start":{"line":386,"column":8},"end":{"line":386,"column":15}},"178":{"start":{"line":389,"column":6},"end":{"line":389,"column":26}},"179":{"start":{"line":390,"column":6},"end":{"line":390,"column":44}},"180":{"start":{"line":394,"column":18},"end":{"line":394,"column":28}},"181":{"start":{"line":395,"column":4},"end":{"line":395,"column":31}},"182":{"start":{"line":396,"column":26},"end":{"line":396,"column":41}},"183":{"start":{"line":397,"column":4},"end":{"line":397,"column":56}},"184":{"start":{"line":399,"column":4},"end":{"line":404,"column":5}},"185":{"start":{"line":400,"column":6},"end":{"line":402,"column":8}},"186":{"start":{"line":403,"column":6},"end":{"line":403,"column":13}},"187":{"start":{"line":407,"column":4},"end":{"line":407,"column":41}},"188":{"start":{"line":408,"column":4},"end":{"line":408,"column":35}},"189":{"start":{"line":411,"column":21},"end":{"line":411,"column":49}},"190":{"start":{"line":413,"column":23},"end":{"line":418,"column":5}},"191":{"start":{"line":421,"column":4},"end":{"line":421,"column":35}},"192":{"start":{"line":424,"column":4},"end":{"line":430,"column":5}},"193":{"start":{"line":425,"column":6},"end":{"line":425,"column":98}},"194":{"start":{"line":426,"column":11},"end":{"line":430,"column":5}},"195":{"start":{"line":427,"column":6},"end":{"line":427,"column":96}},"196":{"start":{"line":428,"column":11},"end":{"line":430,"column":5}},"197":{"start":{"line":429,"column":6},"end":{"line":429,"column":107}}},"fnMap":{"0":{"name":"(anonymous_0)","decl":{"start":{"line":16,"column":2},"end":{"line":16,"column":3}},"loc":{"start":{"line":16,"column":38},"end":{"line":251,"column":3}},"line":16},"1":{"name":"(anonymous_1)","decl":{"start":{"line":164,"column":48},"end":{"line":164,"column":49}},"loc":{"start":{"line":164,"column":53},"end":{"line":164,"column":70}},"line":164},"2":{"name":"(anonymous_2)","decl":{"start":{"line":256,"column":2},"end":{"line":256,"column":3}},"loc":{"start":{"line":256,"column":52},"end":{"line":349,"column":3}},"line":256},"3":{"name":"(anonymous_3)","decl":{"start":{"line":354,"column":2},"end":{"line":354,"column":3}},"loc":{"start":{"line":354,"column":55},"end":{"line":431,"column":3}},"line":354}},"branchMap":{"0":{"loc":{"start":{"line":25,"column":4},"end":{"line":28,"column":5}},"type":"if","locations":[{"start":{"line":25,"column":4},"end":{"line":28,"column":5}},{"start":{},"end":{}}],"line":25},"1":{"loc":{"start":{"line":31,"column":4},"end":{"line":34,"column":5}},"type":"if","locations":[{"start":{"line":31,"column":4},"end":{"line":34,"column":5}},{"start":{},"end":{}}],"line":31},"2":{"loc":{"start":{"line":36,"column":4},"end":{"line":49,"column":5}},"type":"if","locations":[{"start":{"line":36,"column":4},"end":{"line":49,"column":5}},{"start":{},"end":{}}],"line":36},"3":{"loc":{"start":{"line":44,"column":6},"end":{"line":47,"column":7}},"type":"if","locations":[{"start":{"line":44,"column":6},"end":{"line":47,"column":7}},{"start":{},"end":{}}],"line":44},"4":{"loc":{"start":{"line":52,"column":4},"end":{"line":68,"column":5}},"type":"if","locations":[{"start":{"line":52,"column":4},"end":{"line":68,"column":5}},{"start":{},"end":{}}],"line":52},"5":{"loc":{"start":{"line":57,"column":6},"end":{"line":66,"column":7}},"type":"if","locations":[{"start":{"line":57,"column":6},"end":{"line":66,"column":7}},{"start":{},"end":{}}],"line":57},"6":{"loc":{"start":{"line":71,"column":4},"end":{"line":84,"column":5}},"type":"if","locations":[{"start":{"line":71,"column":4},"end":{"line":84,"column":5}},{"start":{},"end":{}}],"line":71},"7":{"loc":{"start":{"line":76,"column":6},"end":{"line":82,"column":7}},"type":"if","locations":[{"start":{"line":76,"column":6},"end":{"line":82,"column":7}},{"start":{"line":80,"column":13},"end":{"line":82,"column":7}}],"line":76},"8":{"loc":{"start":{"line":87,"column":4},"end":{"line":100,"column":5}},"type":"if","locations":[{"start":{"line":87,"column":4},"end":{"line":100,"column":5}},{"start":{},"end":{}}],"line":87},"9":{"loc":{"start":{"line":92,"column":6},"end":{"line":98,"column":7}},"type":"if","locations":[{"start":{"line":92,"column":6},"end":{"line":98,"column":7}},{"start":{"line":96,"column":13},"end":{"line":98,"column":7}}],"line":92},"10":{"loc":{"start":{"line":103,"column":4},"end":{"line":126,"column":5}},"type":"if","locations":[{"start":{"line":103,"column":4},"end":{"line":126,"column":5}},{"start":{},"end":{}}],"line":103},"11":{"loc":{"start":{"line":110,"column":6},"end":{"line":124,"column":7}},"type":"if","locations":[{"start":{"line":110,"column":6},"end":{"line":124,"column":7}},{"start":{"line":122,"column":13},"end":{"line":124,"column":7}}],"line":110},"12":{"loc":{"start":{"line":129,"column":4},"end":{"line":142,"column":5}},"type":"if","locations":[{"start":{"line":129,"column":4},"end":{"line":142,"column":5}},{"start":{},"end":{}}],"line":129},"13":{"loc":{"start":{"line":134,"column":6},"end":{"line":140,"column":7}},"type":"if","locations":[{"start":{"line":134,"column":6},"end":{"line":140,"column":7}},{"start":{"line":138,"column":13},"end":{"line":140,"column":7}}],"line":134},"14":{"loc":{"start":{"line":145,"column":4},"end":{"line":148,"column":5}},"type":"if","locations":[{"start":{"line":145,"column":4},"end":{"line":148,"column":5}},{"start":{},"end":{}}],"line":145},"15":{"loc":{"start":{"line":150,"column":4},"end":{"line":178,"column":5}},"type":"if","locations":[{"start":{"line":150,"column":4},"end":{"line":178,"column":5}},{"start":{"line":153,"column":11},"end":{"line":178,"column":5}}],"line":150},"16":{"loc":{"start":{"line":153,"column":11},"end":{"line":178,"column":5}},"type":"if","locations":[{"start":{"line":153,"column":11},"end":{"line":178,"column":5}},{"start":{"line":156,"column":11},"end":{"line":178,"column":5}}],"line":153},"17":{"loc":{"start":{"line":156,"column":11},"end":{"line":178,"column":5}},"type":"if","locations":[{"start":{"line":156,"column":11},"end":{"line":178,"column":5}},{"start":{"line":174,"column":11},"end":{"line":178,"column":5}}],"line":156},"18":{"loc":{"start":{"line":166,"column":6},"end":{"line":173,"column":7}},"type":"if","locations":[{"start":{"line":166,"column":6},"end":{"line":173,"column":7}},{"start":{"line":171,"column":13},"end":{"line":173,"column":7}}],"line":166},"19":{"loc":{"start":{"line":174,"column":11},"end":{"line":178,"column":5}},"type":"if","locations":[{"start":{"line":174,"column":11},"end":{"line":178,"column":5}},{"start":{"line":176,"column":11},"end":{"line":178,"column":5}}],"line":174},"20":{"loc":{"start":{"line":176,"column":11},"end":{"line":178,"column":5}},"type":"if","locations":[{"start":{"line":176,"column":11},"end":{"line":178,"column":5}},{"start":{},"end":{}}],"line":176},"21":{"loc":{"start":{"line":181,"column":4},"end":{"line":192,"column":5}},"type":"if","locations":[{"start":{"line":181,"column":4},"end":{"line":192,"column":5}},{"start":{},"end":{}}],"line":181},"22":{"loc":{"start":{"line":184,"column":6},"end":{"line":190,"column":7}},"type":"if","locations":[{"start":{"line":184,"column":6},"end":{"line":190,"column":7}},{"start":{"line":188,"column":13},"end":{"line":190,"column":7}}],"line":184},"23":{"loc":{"start":{"line":184,"column":10},"end":{"line":184,"column":62}},"type":"binary-expr","locations":[{"start":{"line":184,"column":10},"end":{"line":184,"column":15}},{"start":{"line":184,"column":19},"end":{"line":184,"column":62}}],"line":184},"24":{"loc":{"start":{"line":195,"column":4},"end":{"line":217,"column":5}},"type":"if","locations":[{"start":{"line":195,"column":4},"end":{"line":217,"column":5}},{"start":{},"end":{}}],"line":195},"25":{"loc":{"start":{"line":220,"column":4},"end":{"line":223,"column":5}},"type":"if","locations":[{"start":{"line":220,"column":4},"end":{"line":223,"column":5}},{"start":{},"end":{}}],"line":220},"26":{"loc":{"start":{"line":224,"column":4},"end":{"line":227,"column":5}},"type":"if","locations":[{"start":{"line":224,"column":4},"end":{"line":227,"column":5}},{"start":{},"end":{}}],"line":224},"27":{"loc":{"start":{"line":228,"column":4},"end":{"line":231,"column":5}},"type":"if","locations":[{"start":{"line":228,"column":4},"end":{"line":231,"column":5}},{"start":{},"end":{}}],"line":228},"28":{"loc":{"start":{"line":232,"column":4},"end":{"line":235,"column":5}},"type":"if","locations":[{"start":{"line":232,"column":4},"end":{"line":235,"column":5}},{"start":{},"end":{}}],"line":232},"29":{"loc":{"start":{"line":236,"column":4},"end":{"line":239,"column":5}},"type":"if","locations":[{"start":{"line":236,"column":4},"end":{"line":239,"column":5}},{"start":{},"end":{}}],"line":236},"30":{"loc":{"start":{"line":240,"column":4},"end":{"line":243,"column":5}},"type":"if","locations":[{"start":{"line":240,"column":4},"end":{"line":243,"column":5}},{"start":{},"end":{}}],"line":240},"31":{"loc":{"start":{"line":246,"column":4},"end":{"line":250,"column":5}},"type":"if","locations":[{"start":{"line":246,"column":4},"end":{"line":250,"column":5}},{"start":{},"end":{}}],"line":246},"32":{"loc":{"start":{"line":266,"column":4},"end":{"line":283,"column":5}},"type":"if","locations":[{"start":{"line":266,"column":4},"end":{"line":283,"column":5}},{"start":{"line":269,"column":11},"end":{"line":283,"column":5}}],"line":266},"33":{"loc":{"start":{"line":269,"column":11},"end":{"line":283,"column":5}},"type":"if","locations":[{"start":{"line":269,"column":11},"end":{"line":283,"column":5}},{"start":{"line":279,"column":11},"end":{"line":283,"column":5}}],"line":269},"34":{"loc":{"start":{"line":272,"column":6},"end":{"line":278,"column":7}},"type":"if","locations":[{"start":{"line":272,"column":6},"end":{"line":278,"column":7}},{"start":{"line":275,"column":13},"end":{"line":278,"column":7}}],"line":272},"35":{"loc":{"start":{"line":272,"column":10},"end":{"line":272,"column":47}},"type":"binary-expr","locations":[{"start":{"line":272,"column":10},"end":{"line":272,"column":26}},{"start":{"line":272,"column":30},"end":{"line":272,"column":47}}],"line":272},"36":{"loc":{"start":{"line":287,"column":24},"end":{"line":287,"column":60}},"type":"binary-expr","locations":[{"start":{"line":287,"column":24},"end":{"line":287,"column":46}},{"start":{"line":287,"column":50},"end":{"line":287,"column":60}}],"line":287},"37":{"loc":{"start":{"line":288,"column":22},"end":{"line":288,"column":51}},"type":"binary-expr","locations":[{"start":{"line":288,"column":22},"end":{"line":288,"column":42}},{"start":{"line":288,"column":46},"end":{"line":288,"column":51}}],"line":288},"38":{"loc":{"start":{"line":293,"column":4},"end":{"line":333,"column":5}},"type":"if","locations":[{"start":{"line":293,"column":4},"end":{"line":333,"column":5}},{"start":{},"end":{}}],"line":293},"39":{"loc":{"start":{"line":339,"column":4},"end":{"line":348,"column":5}},"type":"if","locations":[{"start":{"line":339,"column":4},"end":{"line":348,"column":5}},{"start":{"line":341,"column":11},"end":{"line":348,"column":5}}],"line":339},"40":{"loc":{"start":{"line":341,"column":11},"end":{"line":348,"column":5}},"type":"if","locations":[{"start":{"line":341,"column":11},"end":{"line":348,"column":5}},{"start":{"line":343,"column":11},"end":{"line":348,"column":5}}],"line":341},"41":{"loc":{"start":{"line":343,"column":11},"end":{"line":348,"column":5}},"type":"if","locations":[{"start":{"line":343,"column":11},"end":{"line":348,"column":5}},{"start":{},"end":{}}],"line":343},"42":{"loc":{"start":{"line":345,"column":6},"end":{"line":347,"column":7}},"type":"if","locations":[{"start":{"line":345,"column":6},"end":{"line":347,"column":7}},{"start":{},"end":{}}],"line":345},"43":{"loc":{"start":{"line":355,"column":52},"end":{"line":355,"column":69}},"type":"default-arg","locations":[{"start":{"line":355,"column":64},"end":{"line":355,"column":69}}],"line":355},"44":{"loc":{"start":{"line":360,"column":4},"end":{"line":391,"column":5}},"type":"if","locations":[{"start":{"line":360,"column":4},"end":{"line":391,"column":5}},{"start":{"line":378,"column":11},"end":{"line":391,"column":5}}],"line":360},"45":{"loc":{"start":{"line":365,"column":6},"end":{"line":370,"column":7}},"type":"if","locations":[{"start":{"line":365,"column":6},"end":{"line":370,"column":7}},{"start":{},"end":{}}],"line":365},"46":{"loc":{"start":{"line":365,"column":10},"end":{"line":365,"column":32}},"type":"binary-expr","locations":[{"start":{"line":365,"column":10},"end":{"line":365,"column":20}},{"start":{"line":365,"column":24},"end":{"line":365,"column":32}}],"line":365},"47":{"loc":{"start":{"line":373,"column":6},"end":{"line":375,"column":7}},"type":"if","locations":[{"start":{"line":373,"column":6},"end":{"line":375,"column":7}},{"start":{},"end":{}}],"line":373},"48":{"loc":{"start":{"line":382,"column":6},"end":{"line":387,"column":7}},"type":"if","locations":[{"start":{"line":382,"column":6},"end":{"line":387,"column":7}},{"start":{},"end":{}}],"line":382},"49":{"loc":{"start":{"line":399,"column":4},"end":{"line":404,"column":5}},"type":"if","locations":[{"start":{"line":399,"column":4},"end":{"line":404,"column":5}},{"start":{},"end":{}}],"line":399},"50":{"loc":{"start":{"line":424,"column":4},"end":{"line":430,"column":5}},"type":"if","locations":[{"start":{"line":424,"column":4},"end":{"line":430,"column":5}},{"start":{"line":426,"column":11},"end":{"line":430,"column":5}}],"line":424},"51":{"loc":{"start":{"line":426,"column":11},"end":{"line":430,"column":5}},"type":"if","locations":[{"start":{"line":426,"column":11},"end":{"line":430,"column":5}},{"start":{"line":428,"column":11},"end":{"line":430,"column":5}}],"line":426},"52":{"loc":{"start":{"line":428,"column":11},"end":{"line":430,"column":5}},"type":"if","locations":[{"start":{"line":428,"column":11},"end":{"line":430,"column":5}},{"start":{},"end":{}}],"line":428},"53":{"loc":{"start":{"line":428,"column":15},"end":{"line":428,"column":44}},"type":"binary-expr","locations":[{"start":{"line":428,"column":15},"end":{"line":428,"column":33}},{"start":{"line":428,"column":37},"end":{"line":428,"column":44}}],"line":428}},"s":{"0":2,"1":2,"2":2,"3":35,"4":35,"5":35,"6":35,"7":34,"8":1,"9":1,"10":33,"11":2,"12":31,"13":3,"14":3,"15":3,"16":3,"17":3,"18":3,"19":2,"20":3,"21":28,"22":2,"23":2,"24":2,"25":2,"26":1,"27":1,"28":1,"29":2,"30":26,"31":2,"32":2,"33":2,"34":2,"35":1,"36":1,"37":1,"38":1,"39":2,"40":24,"41":2,"42":2,"43":2,"44":2,"45":1,"46":1,"47":1,"48":1,"49":2,"50":22,"51":2,"52":2,"53":2,"54":2,"55":2,"56":1,"57":1,"58":1,"59":1,"60":2,"61":20,"62":2,"63":2,"64":2,"65":2,"66":1,"67":1,"68":1,"69":1,"70":2,"71":18,"72":1,"73":1,"74":17,"75":1,"76":1,"77":16,"78":1,"79":1,"80":15,"81":2,"82":2,"83":2,"84":2,"85":2,"86":1,"87":2,"88":1,"89":1,"90":13,"91":1,"92":12,"93":1,"94":17,"95":2,"96":2,"97":2,"98":1,"99":1,"100":1,"101":1,"102":2,"103":15,"104":1,"105":1,"106":1,"107":1,"108":1,"109":14,"110":1,"111":1,"112":13,"113":1,"114":1,"115":12,"116":1,"117":1,"118":11,"119":1,"120":1,"121":10,"122":1,"123":1,"124":9,"125":1,"126":1,"127":8,"128":2,"129":2,"130":2,"131":12,"132":12,"133":12,"134":1,"135":1,"136":11,"137":3,"138":3,"139":2,"140":2,"141":1,"142":8,"143":8,"144":12,"145":12,"146":12,"147":12,"148":12,"149":1,"150":1,"151":1,"152":1,"153":1,"154":11,"155":11,"156":5,"157":6,"158":1,"159":5,"160":4,"161":4,"162":2,"163":10,"164":10,"165":3,"166":3,"167":3,"168":3,"169":1,"170":1,"171":2,"172":1,"173":2,"174":7,"175":7,"176":1,"177":1,"178":6,"179":6,"180":8,"181":8,"182":8,"183":8,"184":8,"185":1,"186":1,"187":7,"188":7,"189":7,"190":7,"191":7,"192":7,"193":3,"194":4,"195":1,"196":3,"197":2},"f":{"0":35,"1":1,"2":12,"3":10},"b":{"0":[1,33],"1":[2,31],"2":[3,28],"3":[2,1],"4":[2,26],"5":[1,1],"6":[2,24],"7":[1,1],"8":[2,22],"9":[1,1],"10":[2,20],"11":[1,1],"12":[2,18],"13":[1,1],"14":[1,17],"15":[1,16],"16":[1,15],"17":[2,13],"18":[1,1],"19":[1,12],"20":[1,11],"21":[2,15],"22":[1,1],"23":[2,1],"24":[1,14],"25":[1,13],"26":[1,12],"27":[1,11],"28":[1,10],"29":[1,9],"30":[1,8],"31":[2,6],"32":[1,11],"33":[3,8],"34":[2,1],"35":[3,2],"36":[12,2],"37":[12,12],"38":[1,11],"39":[5,6],"40":[1,5],"41":[4,1],"42":[2,2],"43":[10],"44":[3,7],"45":[1,2],"46":[3,2],"47":[1,1],"48":[1,6],"49":[1,7],"50":[3,4],"51":[1,3],"52":[2,1],"53":[3,3]},"_coverageSchema":"1a1c01bbd47fc00a2c39e90264f33305004495a9","hash":"9967ddee3c4cbe0c2ab14cd31f3c1223b4560337"}
,"/Users/moseslee/Desktop/Bird-Sighting-Bot/src/bot/handlers/commandHandlers.js": {"path":"/Users/moseslee/Desktop/Bird-Sighting-Bot/src/bot/handlers/commandHandlers.js","statementMap":{"0":{"start":{"line":5,"column":16},"end":{"line":5,"column":47}},"1":{"start":{"line":7,"column":0},"end":{"line":127,"column":2}},"2":{"start":{"line":9,"column":19},"end":{"line":9,"column":30}},"3":{"start":{"line":10,"column":21},"end":{"line":10,"column":52}},"4":{"start":{"line":12,"column":27},"end":{"line":33,"column":5}},"5":{"start":{"line":35,"column":4},"end":{"line":35,"column":51}},"6":{"start":{"line":39,"column":19},"end":{"line":39,"column":30}},"7":{"start":{"line":41,"column":24},"end":{"line":75,"column":5}},"8":{"start":{"line":77,"column":4},"end":{"line":77,"column":48}},"9":{"start":{"line":81,"column":19},"end":{"line":81,"column":30}},"10":{"start":{"line":83,"column":27},"end":{"line":123,"column":5}},"11":{"start":{"line":125,"column":4},"end":{"line":125,"column":51}}},"fnMap":{"0":{"name":"(anonymous_0)","decl":{"start":{"line":8,"column":2},"end":{"line":8,"column":3}},"loc":{"start":{"line":8,"column":25},"end":{"line":36,"column":3}},"line":8},"1":{"name":"(anonymous_1)","decl":{"start":{"line":38,"column":2},"end":{"line":38,"column":3}},"loc":{"start":{"line":38,"column":24},"end":{"line":78,"column":3}},"line":38},"2":{"name":"(anonymous_2)","decl":{"start":{"line":80,"column":2},"end":{"line":80,"column":3}},"loc":{"start":{"line":80,"column":27},"end":{"line":126,"column":3}},"line":80}},"branchMap":{"0":{"loc":{"start":{"line":10,"column":21},"end":{"line":10,"column":52}},"type":"binary-expr","locations":[{"start":{"line":10,"column":21},"end":{"line":10,"column":40}},{"start":{"line":10,"column":44},"end":{"line":10,"column":52}}],"line":10}},"s":{"0":2,"1":2,"2":8,"3":7,"4":7,"5":7,"6":4,"7":4,"8":4,"9":4,"10":4,"11":4},"f":{"0":8,"1":4,"2":4},"b":{"0":[7,1]},"_coverageSchema":"1a1c01bbd47fc00a2c39e90264f33305004495a9","hash":"d40fa8e1cd84d743e443e6bda474c2cf43d2fdb5"}
,"/Users/moseslee/Desktop/Bird-Sighting-Bot/src/bot/handlers/displayHandlers.js": {"path":"/Users/moseslee/Desktop/Bird-Sighting-Bot/src/bot/handlers/displayHandlers.js","statementMap":{"0":{"start":{"line":4,"column":16},"end":{"line":4,"column":47}},"1":{"start":{"line":5,"column":15},"end":{"line":5,"column":44}},"2":{"start":{"line":7,"column":0},"end":{"line":276,"column":2}},"3":{"start":{"line":9,"column":4},"end":{"line":12,"column":5}},"4":{"start":{"line":10,"column":6},"end":{"line":10,"column":83}},"5":{"start":{"line":11,"column":6},"end":{"line":11,"column":13}},"6":{"start":{"line":14,"column":23},"end":{"line":14,"column":75}},"7":{"start":{"line":15,"column":21},"end":{"line":15,"column":47}},"8":{"start":{"line":16,"column":19},"end":{"line":16,"column":80}},"9":{"start":{"line":17,"column":29},"end":{"line":17,"column":65}},"10":{"start":{"line":20,"column":4},"end":{"line":28,"column":5}},"11":{"start":{"line":21,"column":6},"end":{"line":21,"column":59}},"12":{"start":{"line":22,"column":11},"end":{"line":28,"column":5}},"13":{"start":{"line":23,"column":6},"end":{"line":23,"column":50}},"14":{"start":{"line":24,"column":11},"end":{"line":28,"column":5}},"15":{"start":{"line":25,"column":6},"end":{"line":25,"column":49}},"16":{"start":{"line":27,"column":6},"end":{"line":27,"column":59}},"17":{"start":{"line":30,"column":18},"end":{"line":30,"column":32}},"18":{"start":{"line":31,"column":4},"end":{"line":31,"column":40}},"19":{"start":{"line":32,"column":4},"end":{"line":32,"column":82}},"20":{"start":{"line":33,"column":4},"end":{"line":33,"column":58}},"21":{"start":{"line":35,"column":4},"end":{"line":37,"column":7}},"22":{"start":{"line":36,"column":6},"end":{"line":36,"column":102}},"23":{"start":{"line":40,"column":20},"end":{"line":40,"column":22}},"24":{"start":{"line":43,"column":19},"end":{"line":43,"column":21}},"25":{"start":{"line":46,"column":4},"end":{"line":49,"column":5}},"26":{"start":{"line":47,"column":6},"end":{"line":47,"column":73}},"27":{"start":{"line":48,"column":6},"end":{"line":48,"column":82}},"28":{"start":{"line":51,"column":4},"end":{"line":51,"column":83}},"29":{"start":{"line":54,"column":4},"end":{"line":57,"column":5}},"30":{"start":{"line":55,"column":6},"end":{"line":55,"column":82}},"31":{"start":{"line":56,"column":6},"end":{"line":56,"column":88}},"32":{"start":{"line":59,"column":4},"end":{"line":59,"column":25}},"33":{"start":{"line":62,"column":4},"end":{"line":64,"column":5}},"34":{"start":{"line":63,"column":6},"end":{"line":63,"column":81}},"35":{"start":{"line":67,"column":4},"end":{"line":67,"column":86}},"36":{"start":{"line":70,"column":4},"end":{"line":74,"column":7}},"37":{"start":{"line":76,"column":24},"end":{"line":78,"column":5}},"38":{"start":{"line":81,"column":4},"end":{"line":95,"column":5}},"39":{"start":{"line":82,"column":6},"end":{"line":94,"column":7}},"40":{"start":{"line":83,"column":8},"end":{"line":89,"column":11}},"41":{"start":{"line":90,"column":8},"end":{"line":90,"column":15}},"42":{"start":{"line":92,"column":8},"end":{"line":92,"column":72}},"43":{"start":{"line":97,"column":4},"end":{"line":100,"column":7}},"44":{"start":{"line":107,"column":4},"end":{"line":107,"column":80}},"45":{"start":{"line":107,"column":28},"end":{"line":107,"column":80}},"46":{"start":{"line":108,"column":4},"end":{"line":108,"column":70}},"47":{"start":{"line":108,"column":27},"end":{"line":108,"column":70}},"48":{"start":{"line":109,"column":4},"end":{"line":109,"column":70}},"49":{"start":{"line":109,"column":28},"end":{"line":109,"column":70}},"50":{"start":{"line":110,"column":4},"end":{"line":110,"column":56}},"51":{"start":{"line":118,"column":18},"end":{"line":118,"column":53}},"52":{"start":{"line":119,"column":32},"end":{"line":119,"column":64}},"53":{"start":{"line":120,"column":19},"end":{"line":120,"column":46}},"54":{"start":{"line":123,"column":23},"end":{"line":123,"column":32}},"55":{"start":{"line":124,"column":4},"end":{"line":154,"column":5}},"56":{"start":{"line":125,"column":18},"end":{"line":125,"column":48}},"57":{"start":{"line":126,"column":6},"end":{"line":128,"column":7}},"58":{"start":{"line":127,"column":8},"end":{"line":127,"column":86}},"59":{"start":{"line":129,"column":20},"end":{"line":129,"column":39}},"60":{"start":{"line":130,"column":6},"end":{"line":130,"column":38}},"61":{"start":{"line":132,"column":18},"end":{"line":132,"column":29}},"62":{"start":{"line":133,"column":6},"end":{"line":135,"column":7}},"63":{"start":{"line":134,"column":8},"end":{"line":134,"column":65}},"64":{"start":{"line":136,"column":23},"end":{"line":136,"column":47}},"65":{"start":{"line":137,"column":6},"end":{"line":137,"column":41}},"66":{"start":{"line":140,"column":6},"end":{"line":153,"column":7}},"67":{"start":{"line":141,"column":22},"end":{"line":141,"column":42}},"68":{"start":{"line":142,"column":25},"end":{"line":142,"column":33}},"69":{"start":{"line":143,"column":25},"end":{"line":143,"column":41}},"70":{"start":{"line":144,"column":35},"end":{"line":144,"column":54}},"71":{"start":{"line":145,"column":24},"end":{"line":145,"column":49}},"72":{"start":{"line":147,"column":8},"end":{"line":149,"column":9}},"73":{"start":{"line":148,"column":10},"end":{"line":148,"column":49}},"74":{"start":{"line":150,"column":8},"end":{"line":152,"column":9}},"75":{"start":{"line":151,"column":10},"end":{"line":151,"column":52}},"76":{"start":{"line":156,"column":14},"end":{"line":156,"column":30}},"77":{"start":{"line":157,"column":4},"end":{"line":157,"column":36}},"78":{"start":{"line":158,"column":4},"end":{"line":158,"column":26}},"79":{"start":{"line":159,"column":4},"end":{"line":159,"column":84}},"80":{"start":{"line":161,"column":14},"end":{"line":161,"column":15}},"81":{"start":{"line":162,"column":4},"end":{"line":190,"column":5}},"82":{"start":{"line":163,"column":6},"end":{"line":163,"column":61}},"83":{"start":{"line":165,"column":6},"end":{"line":177,"column":7}},"84":{"start":{"line":166,"column":8},"end":{"line":166,"column":55}},"85":{"start":{"line":169,"column":8},"end":{"line":176,"column":9}},"86":{"start":{"line":170,"column":30},"end":{"line":170,"column":47}},"87":{"start":{"line":171,"column":10},"end":{"line":175,"column":11}},"88":{"start":{"line":172,"column":12},"end":{"line":172,"column":77}},"89":{"start":{"line":174,"column":12},"end":{"line":174,"column":51}},"90":{"start":{"line":179,"column":6},"end":{"line":179,"column":18}},"91":{"start":{"line":180,"column":6},"end":{"line":180,"column":12}},"92":{"start":{"line":183,"column":6},"end":{"line":189,"column":7}},"93":{"start":{"line":184,"column":26},"end":{"line":184,"column":51}},"94":{"start":{"line":185,"column":8},"end":{"line":187,"column":9}},"95":{"start":{"line":186,"column":10},"end":{"line":186,"column":58}},"96":{"start":{"line":188,"column":8},"end":{"line":188,"column":14}},"97":{"start":{"line":192,"column":4},"end":{"line":192,"column":38}},"98":{"start":{"line":193,"column":4},"end":{"line":193,"column":36}},"99":{"start":{"line":195,"column":4},"end":{"line":195,"column":76}},"100":{"start":{"line":202,"column":31},"end":{"line":202,"column":35}},"101":{"start":{"line":203,"column":18},"end":{"line":203,"column":53}},"102":{"start":{"line":205,"column":17},"end":{"line":205,"column":45}},"103":{"start":{"line":206,"column":4},"end":{"line":206,"column":39}},"104":{"start":{"line":207,"column":4},"end":{"line":207,"column":29}},"105":{"start":{"line":208,"column":4},"end":{"line":208,"column":63}},"106":{"start":{"line":210,"column":21},"end":{"line":212,"column":5}},"107":{"start":{"line":211,"column":6},"end":{"line":211,"column":77}},"108":{"start":{"line":214,"column":21},"end":{"line":214,"column":23}},"109":{"start":{"line":215,"column":25},"end":{"line":215,"column":31}},"110":{"start":{"line":216,"column":22},"end":{"line":216,"column":23}},"111":{"start":{"line":218,"column":4},"end":{"line":226,"column":5}},"112":{"start":{"line":219,"column":6},"end":{"line":224,"column":7}},"113":{"start":{"line":220,"column":8},"end":{"line":220,"column":38}},"114":{"start":{"line":221,"column":8},"end":{"line":221,"column":22}},"115":{"start":{"line":222,"column":8},"end":{"line":222,"column":76}},"116":{"start":{"line":223,"column":8},"end":{"line":223,"column":53}},"117":{"start":{"line":225,"column":6},"end":{"line":225,"column":36}},"118":{"start":{"line":228,"column":4},"end":{"line":228,"column":49}},"119":{"start":{"line":229,"column":4},"end":{"line":229,"column":47}},"120":{"start":{"line":230,"column":4},"end":{"line":230,"column":34}},"121":{"start":{"line":232,"column":4},"end":{"line":234,"column":5}},"122":{"start":{"line":233,"column":6},"end":{"line":233,"column":78}},"123":{"start":{"line":241,"column":31},"end":{"line":241,"column":35}},"124":{"start":{"line":242,"column":18},"end":{"line":242,"column":53}},"125":{"start":{"line":244,"column":17},"end":{"line":244,"column":47}},"126":{"start":{"line":245,"column":4},"end":{"line":245,"column":39}},"127":{"start":{"line":246,"column":4},"end":{"line":246,"column":29}},"128":{"start":{"line":247,"column":4},"end":{"line":247,"column":63}},"129":{"start":{"line":249,"column":21},"end":{"line":251,"column":5}},"130":{"start":{"line":250,"column":6},"end":{"line":250,"column":77}},"131":{"start":{"line":253,"column":21},"end":{"line":253,"column":23}},"132":{"start":{"line":254,"column":25},"end":{"line":254,"column":31}},"133":{"start":{"line":255,"column":22},"end":{"line":255,"column":23}},"134":{"start":{"line":257,"column":4},"end":{"line":265,"column":5}},"135":{"start":{"line":258,"column":6},"end":{"line":263,"column":7}},"136":{"start":{"line":259,"column":8},"end":{"line":259,"column":38}},"137":{"start":{"line":260,"column":8},"end":{"line":260,"column":22}},"138":{"start":{"line":261,"column":8},"end":{"line":261,"column":78}},"139":{"start":{"line":262,"column":8},"end":{"line":262,"column":53}},"140":{"start":{"line":264,"column":6},"end":{"line":264,"column":36}},"141":{"start":{"line":267,"column":4},"end":{"line":267,"column":49}},"142":{"start":{"line":268,"column":4},"end":{"line":268,"column":60}},"143":{"start":{"line":269,"column":4},"end":{"line":269,"column":60}},"144":{"start":{"line":270,"column":4},"end":{"line":270,"column":34}},"145":{"start":{"line":272,"column":4},"end":{"line":274,"column":5}},"146":{"start":{"line":273,"column":6},"end":{"line":273,"column":78}}},"fnMap":{"0":{"name":"(anonymous_0)","decl":{"start":{"line":8,"column":2},"end":{"line":8,"column":3}},"loc":{"start":{"line":8,"column":122},"end":{"line":101,"column":3}},"line":8},"1":{"name":"(anonymous_1)","decl":{"start":{"line":35,"column":29},"end":{"line":35,"column":30}},"loc":{"start":{"line":35,"column":45},"end":{"line":37,"column":5}},"line":35},"2":{"name":"(anonymous_2)","decl":{"start":{"line":106,"column":2},"end":{"line":106,"column":3}},"loc":{"start":{"line":106,"column":33},"end":{"line":111,"column":3}},"line":106},"3":{"name":"(anonymous_3)","decl":{"start":{"line":117,"column":2},"end":{"line":117,"column":3}},"loc":{"start":{"line":117,"column":87},"end":{"line":196,"column":3}},"line":117},"4":{"name":"(anonymous_4)","decl":{"start":{"line":201,"column":2},"end":{"line":201,"column":3}},"loc":{"start":{"line":201,"column":88},"end":{"line":235,"column":3}},"line":201},"5":{"name":"(anonymous_5)","decl":{"start":{"line":210,"column":38},"end":{"line":210,"column":39}},"loc":{"start":{"line":211,"column":6},"end":{"line":211,"column":77}},"line":211},"6":{"name":"(anonymous_6)","decl":{"start":{"line":240,"column":2},"end":{"line":240,"column":3}},"loc":{"start":{"line":240,"column":91},"end":{"line":275,"column":3}},"line":240},"7":{"name":"(anonymous_7)","decl":{"start":{"line":249,"column":38},"end":{"line":249,"column":39}},"loc":{"start":{"line":250,"column":6},"end":{"line":250,"column":77}},"line":250}},"branchMap":{"0":{"loc":{"start":{"line":8,"column":75},"end":{"line":8,"column":83}},"type":"default-arg","locations":[{"start":{"line":8,"column":82},"end":{"line":8,"column":83}}],"line":8},"1":{"loc":{"start":{"line":8,"column":85},"end":{"line":8,"column":101}},"type":"default-arg","locations":[{"start":{"line":8,"column":97},"end":{"line":8,"column":101}}],"line":8},"2":{"loc":{"start":{"line":8,"column":103},"end":{"line":8,"column":120}},"type":"default-arg","locations":[{"start":{"line":8,"column":116},"end":{"line":8,"column":120}}],"line":8},"3":{"loc":{"start":{"line":9,"column":4},"end":{"line":12,"column":5}},"type":"if","locations":[{"start":{"line":9,"column":4},"end":{"line":12,"column":5}},{"start":{},"end":{}}],"line":9},"4":{"loc":{"start":{"line":9,"column":8},"end":{"line":9,"column":50}},"type":"binary-expr","locations":[{"start":{"line":9,"column":8},"end":{"line":9,"column":21}},{"start":{"line":9,"column":25},"end":{"line":9,"column":50}}],"line":9},"5":{"loc":{"start":{"line":20,"column":4},"end":{"line":28,"column":5}},"type":"if","locations":[{"start":{"line":20,"column":4},"end":{"line":28,"column":5}},{"start":{"line":22,"column":11},"end":{"line":28,"column":5}}],"line":20},"6":{"loc":{"start":{"line":22,"column":11},"end":{"line":28,"column":5}},"type":"if","locations":[{"start":{"line":22,"column":11},"end":{"line":28,"column":5}},{"start":{"line":24,"column":11},"end":{"line":28,"column":5}}],"line":22},"7":{"loc":{"start":{"line":24,"column":11},"end":{"line":28,"column":5}},"type":"if","locations":[{"start":{"line":24,"column":11},"end":{"line":28,"column":5}},{"start":{"line":26,"column":11},"end":{"line":28,"column":5}}],"line":24},"8":{"loc":{"start":{"line":46,"column":4},"end":{"line":49,"column":5}},"type":"if","locations":[{"start":{"line":46,"column":4},"end":{"line":49,"column":5}},{"start":{},"end":{}}],"line":46},"9":{"loc":{"start":{"line":54,"column":4},"end":{"line":57,"column":5}},"type":"if","locations":[{"start":{"line":54,"column":4},"end":{"line":57,"column":5}},{"start":{},"end":{}}],"line":54},"10":{"loc":{"start":{"line":62,"column":4},"end":{"line":64,"column":5}},"type":"if","locations":[{"start":{"line":62,"column":4},"end":{"line":64,"column":5}},{"start":{},"end":{}}],"line":62},"11":{"loc":{"start":{"line":81,"column":4},"end":{"line":95,"column":5}},"type":"if","locations":[{"start":{"line":81,"column":4},"end":{"line":95,"column":5}},{"start":{},"end":{}}],"line":81},"12":{"loc":{"start":{"line":107,"column":4},"end":{"line":107,"column":80}},"type":"if","locations":[{"start":{"line":107,"column":4},"end":{"line":107,"column":80}},{"start":{},"end":{}}],"line":107},"13":{"loc":{"start":{"line":108,"column":4},"end":{"line":108,"column":70}},"type":"if","locations":[{"start":{"line":108,"column":4},"end":{"line":108,"column":70}},{"start":{},"end":{}}],"line":108},"14":{"loc":{"start":{"line":109,"column":4},"end":{"line":109,"column":70}},"type":"if","locations":[{"start":{"line":109,"column":4},"end":{"line":109,"column":70}},{"start":{},"end":{}}],"line":109},"15":{"loc":{"start":{"line":117,"column":68},"end":{"line":117,"column":85}},"type":"default-arg","locations":[{"start":{"line":117,"column":81},"end":{"line":117,"column":85}}],"line":117},"16":{"loc":{"start":{"line":125,"column":18},"end":{"line":125,"column":48}},"type":"binary-expr","locations":[{"start":{"line":125,"column":18},"end":{"line":125,"column":33}},{"start":{"line":125,"column":37},"end":{"line":125,"column":48}}],"line":125},"17":{"loc":{"start":{"line":126,"column":6},"end":{"line":128,"column":7}},"type":"if","locations":[{"start":{"line":126,"column":6},"end":{"line":128,"column":7}},{"start":{},"end":{}}],"line":126},"18":{"loc":{"start":{"line":130,"column":21},"end":{"line":130,"column":37}},"type":"binary-expr","locations":[{"start":{"line":130,"column":21},"end":{"line":130,"column":32}},{"start":{"line":130,"column":36},"end":{"line":130,"column":37}}],"line":130},"19":{"loc":{"start":{"line":133,"column":6},"end":{"line":135,"column":7}},"type":"if","locations":[{"start":{"line":133,"column":6},"end":{"line":135,"column":7}},{"start":{},"end":{}}],"line":133},"20":{"loc":{"start":{"line":137,"column":24},"end":{"line":137,"column":40}},"type":"binary-expr","locations":[{"start":{"line":137,"column":24},"end":{"line":137,"column":35}},{"start":{"line":137,"column":39},"end":{"line":137,"column":40}}],"line":137},"21":{"loc":{"start":{"line":140,"column":6},"end":{"line":153,"column":7}},"type":"if","locations":[{"start":{"line":140,"column":6},"end":{"line":153,"column":7}},{"start":{},"end":{}}],"line":140},"22":{"loc":{"start":{"line":143,"column":25},"end":{"line":143,"column":41}},"type":"binary-expr","locations":[{"start":{"line":143,"column":25},"end":{"line":143,"column":33}},{"start":{"line":143,"column":37},"end":{"line":143,"column":41}}],"line":143},"23":{"loc":{"start":{"line":147,"column":8},"end":{"line":149,"column":9}},"type":"if","locations":[{"start":{"line":147,"column":8},"end":{"line":149,"column":9}},{"start":{},"end":{}}],"line":147},"24":{"loc":{"start":{"line":150,"column":8},"end":{"line":152,"column":9}},"type":"if","locations":[{"start":{"line":150,"column":8},"end":{"line":152,"column":9}},{"start":{},"end":{}}],"line":150},"25":{"loc":{"start":{"line":171,"column":10},"end":{"line":175,"column":11}},"type":"if","locations":[{"start":{"line":171,"column":10},"end":{"line":175,"column":11}},{"start":{"line":173,"column":17},"end":{"line":175,"column":11}}],"line":171},"26":{"loc":{"start":{"line":183,"column":6},"end":{"line":189,"column":7}},"type":"if","locations":[{"start":{"line":183,"column":6},"end":{"line":189,"column":7}},{"start":{},"end":{}}],"line":183},"27":{"loc":{"start":{"line":185,"column":8},"end":{"line":187,"column":9}},"type":"if","locations":[{"start":{"line":185,"column":8},"end":{"line":187,"column":9}},{"start":{},"end":{}}],"line":185},"28":{"loc":{"start":{"line":201,"column":69},"end":{"line":201,"column":86}},"type":"default-arg","locations":[{"start":{"line":201,"column":82},"end":{"line":201,"column":86}}],"line":201},"29":{"loc":{"start":{"line":219,"column":6},"end":{"line":224,"column":7}},"type":"if","locations":[{"start":{"line":219,"column":6},"end":{"line":224,"column":7}},{"start":{},"end":{}}],"line":219},"30":{"loc":{"start":{"line":240,"column":72},"end":{"line":240,"column":89}},"type":"default-arg","locations":[{"start":{"line":240,"column":85},"end":{"line":240,"column":89}}],"line":240},"31":{"loc":{"start":{"line":258,"column":6},"end":{"line":263,"column":7}},"type":"if","locations":[{"start":{"line":258,"column":6},"end":{"line":263,"column":7}},{"start":{},"end":{}}],"line":258}},"s":{"0":2,"1":2,"2":2,"3":19,"4":2,"5":2,"6":17,"7":17,"8":17,"9":17,"10":17,"11":1,"12":16,"13":1,"14":15,"15":1,"16":14,"17":17,"18":17,"19":17,"20":17,"21":17,"22":69,"23":17,"24":17,"25":17,"26":4,"27":4,"28":17,"29":17,"30":12,"31":12,"32":17,"33":17,"34":13,"35":17,"36":17,"37":17,"38":17,"39":2,"40":2,"41":1,"42":1,"43":16,"44":35,"45":1,"46":34,"47":1,"48":33,"49":1,"50":32,"51":14,"52":14,"53":14,"54":14,"55":14,"56":351,"57":351,"58":300,"59":351,"60":351,"61":351,"62":351,"63":349,"64":351,"65":351,"66":351,"67":350,"68":350,"69":350,"70":350,"71":350,"72":350,"73":348,"74":350,"75":349,"76":14,"77":14,"78":14,"79":14,"80":14,"81":14,"82":68,"83":68,"84":117,"85":117,"86":116,"87":116,"88":115,"89":1,"90":68,"91":68,"92":68,"93":3,"94":3,"95":2,"96":3,"97":14,"98":14,"99":14,"100":8,"101":8,"102":8,"103":8,"104":8,"105":8,"106":8,"107":96,"108":8,"109":8,"110":8,"111":8,"112":96,"113":7,"114":7,"115":7,"116":7,"117":96,"118":8,"119":8,"120":8,"121":8,"122":15,"123":8,"124":8,"125":8,"126":8,"127":8,"128":8,"129":8,"130":73,"131":8,"132":8,"133":8,"134":8,"135":73,"136":4,"137":4,"138":4,"139":4,"140":73,"141":8,"142":8,"143":8,"144":8,"145":8,"146":12},"f":{"0":19,"1":69,"2":35,"3":14,"4":8,"5":96,"6":8,"7":73},"b":{"0":[2],"1":[16],"2":[17],"3":[2,17],"4":[19,18],"5":[1,16],"6":[1,15],"7":[1,14],"8":[4,13],"9":[12,5],"10":[13,4],"11":[2,15],"12":[1,34],"13":[1,33],"14":[1,32],"15":[1],"16":[351,2],"17":[300,51],"18":[351,6],"19":[349,2],"20":[351,6],"21":[350,1],"22":[350,1],"23":[348,2],"24":[349,1],"25":[115,1],"26":[3,65],"27":[2,1],"28":[2],"29":[7,89],"30":[2],"31":[4,69]},"_coverageSchema":"1a1c01bbd47fc00a2c39e90264f33305004495a9","hash":"8ceb68ff58b1ffb859a205ff0f7ab34bdcee83a5"}
,"/Users/moseslee/Desktop/Bird-Sighting-Bot/src/bot/handlers/hotspotHandlers.js": {"path":"/Users/moseslee/Desktop/Bird-Sighting-Bot/src/bot/handlers/hotspotHandlers.js","statementMap":{"0":{"start":{"line":4,"column":25},"end":{"line":4,"column":59}},"1":{"start":{"line":5,"column":16},"end":{"line":5,"column":47}},"2":{"start":{"line":7,"column":0},"end":{"line":70,"column":2}},"3":{"start":{"line":9,"column":19},"end":{"line":9,"column":30}},"4":{"start":{"line":10,"column":22},"end":{"line":10,"column":38}},"5":{"start":{"line":12,"column":4},"end":{"line":24,"column":5}},"6":{"start":{"line":13,"column":6},"end":{"line":13,"column":74}},"7":{"start":{"line":14,"column":6},"end":{"line":22,"column":8}},"8":{"start":{"line":23,"column":6},"end":{"line":23,"column":13}},"9":{"start":{"line":26,"column":23},"end":{"line":26,"column":46}},"10":{"start":{"line":27,"column":4},"end":{"line":27,"column":116}},"11":{"start":{"line":29,"column":4},"end":{"line":68,"column":5}},"12":{"start":{"line":30,"column":23},"end":{"line":30,"column":81}},"13":{"start":{"line":32,"column":6},"end":{"line":35,"column":7}},"14":{"start":{"line":33,"column":8},"end":{"line":33,"column":87}},"15":{"start":{"line":34,"column":8},"end":{"line":34,"column":15}},"16":{"start":{"line":37,"column":20},"end":{"line":37,"column":75}},"17":{"start":{"line":38,"column":6},"end":{"line":38,"column":42}},"18":{"start":{"line":39,"column":6},"end":{"line":39,"column":62}},"19":{"start":{"line":41,"column":6},"end":{"line":47,"column":9}},"20":{"start":{"line":42,"column":8},"end":{"line":42,"column":60}},"21":{"start":{"line":43,"column":8},"end":{"line":45,"column":9}},"22":{"start":{"line":44,"column":10},"end":{"line":44,"column":74}},"23":{"start":{"line":46,"column":8},"end":{"line":46,"column":24}},"24":{"start":{"line":49,"column":6},"end":{"line":49,"column":59}},"25":{"start":{"line":50,"column":6},"end":{"line":50,"column":64}},"26":{"start":{"line":53,"column":6},"end":{"line":53,"column":71}},"27":{"start":{"line":56,"column":22},"end":{"line":59,"column":9}},"28":{"start":{"line":56,"column":57},"end":{"line":59,"column":8}},"29":{"start":{"line":61,"column":6},"end":{"line":63,"column":9}},"30":{"start":{"line":65,"column":6},"end":{"line":67,"column":8}}},"fnMap":{"0":{"name":"(anonymous_0)","decl":{"start":{"line":8,"column":2},"end":{"line":8,"column":3}},"loc":{"start":{"line":8,"column":35},"end":{"line":69,"column":3}},"line":8},"1":{"name":"(anonymous_1)","decl":{"start":{"line":41,"column":36},"end":{"line":41,"column":37}},"loc":{"start":{"line":41,"column":53},"end":{"line":47,"column":7}},"line":41},"2":{"name":"(anonymous_2)","decl":{"start":{"line":56,"column":47},"end":{"line":56,"column":48}},"loc":{"start":{"line":56,"column":57},"end":{"line":59,"column":8}},"line":56}},"branchMap":{"0":{"loc":{"start":{"line":12,"column":4},"end":{"line":24,"column":5}},"type":"if","locations":[{"start":{"line":12,"column":4},"end":{"line":24,"column":5}},{"start":{},"end":{}}],"line":12},"1":{"loc":{"start":{"line":32,"column":6},"end":{"line":35,"column":7}},"type":"if","locations":[{"start":{"line":32,"column":6},"end":{"line":35,"column":7}},{"start":{},"end":{}}],"line":32},"2":{"loc":{"start":{"line":32,"column":10},"end":{"line":32,"column":59}},"type":"binary-expr","locations":[{"start":{"line":32,"column":10},"end":{"line":32,"column":34}},{"start":{"line":32,"column":38},"end":{"line":32,"column":59}}],"line":32},"3":{"loc":{"start":{"line":43,"column":8},"end":{"line":45,"column":9}},"type":"if","locations":[{"start":{"line":43,"column":8},"end":{"line":45,"column":9}},{"start":{},"end":{}}],"line":43},"4":{"loc":{"start":{"line":57,"column":52},"end":{"line":57,"column":89}},"type":"cond-expr","locations":[{"start":{"line":57,"column":79},"end":{"line":57,"column":84}},{"start":{"line":57,"column":87},"end":{"line":57,"column":89}}],"line":57}},"s":{"0":2,"1":2,"2":2,"3":15,"4":15,"5":15,"6":3,"7":3,"8":3,"9":12,"10":12,"11":12,"12":12,"13":11,"14":3,"15":3,"16":8,"17":8,"18":8,"19":8,"20":26,"21":26,"22":25,"23":26,"24":8,"25":8,"26":8,"27":8,"28":18,"29":8,"30":1},"f":{"0":15,"1":26,"2":18},"b":{"0":[3,12],"1":[3,8],"2":[11,10],"3":[25,1],"4":[1,17]},"_coverageSchema":"1a1c01bbd47fc00a2c39e90264f33305004495a9","hash":"74403e0518d1f355bf9a13682edaaba45922f7b5"}
,"/Users/moseslee/Desktop/Bird-Sighting-Bot/src/bot/handlers/index.js": {"path":"/Users/moseslee/Desktop/Bird-Sighting-Bot/src/bot/handlers/index.js","statementMap":{"0":{"start":{"line":7,"column":0},"end":{"line":17,"column":2}}},"fnMap":{},"branchMap":{},"s":{"0":1},"f":{},"b":{},"_coverageSchema":"1a1c01bbd47fc00a2c39e90264f33305004495a9","hash":"6e9e1ae70586edb9f34def2391b7056016157a21"}
,"/Users/moseslee/Desktop/Bird-Sighting-Bot/src/bot/handlers/messageHandler.js": {"path":"/Users/moseslee/Desktop/Bird-Sighting-Bot/src/bot/handlers/messageHandler.js","statementMap":{"0":{"start":{"line":4,"column":25},"end":{"line":4,"column":59}},"1":{"start":{"line":6,"column":0},"end":{"line":77,"column":2}},"2":{"start":{"line":9,"column":4},"end":{"line":9,"column":58}},"3":{"start":{"line":9,"column":51},"end":{"line":9,"column":58}},"4":{"start":{"line":11,"column":19},"end":{"line":11,"column":30}},"5":{"start":{"line":12,"column":22},"end":{"line":12,"column":49}},"6":{"start":{"line":14,"column":4},"end":{"line":14,"column":27}},"7":{"start":{"line":14,"column":20},"end":{"line":14,"column":27}},"8":{"start":{"line":16,"column":17},"end":{"line":16,"column":33}},"9":{"start":{"line":17,"column":4},"end":{"line":17,"column":22}},"10":{"start":{"line":17,"column":15},"end":{"line":17,"column":22}},"11":{"start":{"line":20,"column":23},"end":{"line":20,"column":41}},"12":{"start":{"line":22,"column":4},"end":{"line":75,"column":5}},"13":{"start":{"line":24,"column":8},"end":{"line":24,"column":39}},"14":{"start":{"line":26,"column":8},"end":{"line":30,"column":9}},"15":{"start":{"line":27,"column":10},"end":{"line":27,"column":66}},"16":{"start":{"line":29,"column":10},"end":{"line":29,"column":78}},"17":{"start":{"line":31,"column":8},"end":{"line":31,"column":14}},"18":{"start":{"line":33,"column":8},"end":{"line":33,"column":39}},"19":{"start":{"line":35,"column":8},"end":{"line":39,"column":9}},"20":{"start":{"line":36,"column":10},"end":{"line":36,"column":64}},"21":{"start":{"line":38,"column":10},"end":{"line":38,"column":76}},"22":{"start":{"line":40,"column":8},"end":{"line":40,"column":14}},"23":{"start":{"line":42,"column":8},"end":{"line":42,"column":66}},"24":{"start":{"line":43,"column":8},"end":{"line":43,"column":14}},"25":{"start":{"line":45,"column":8},"end":{"line":45,"column":39}},"26":{"start":{"line":46,"column":8},"end":{"line":46,"column":80}},"27":{"start":{"line":47,"column":8},"end":{"line":47,"column":14}},"28":{"start":{"line":49,"column":8},"end":{"line":49,"column":39}},"29":{"start":{"line":51,"column":8},"end":{"line":55,"column":9}},"30":{"start":{"line":52,"column":10},"end":{"line":52,"column":62}},"31":{"start":{"line":54,"column":10},"end":{"line":54,"column":57}},"32":{"start":{"line":56,"column":8},"end":{"line":56,"column":14}},"33":{"start":{"line":59,"column":8},"end":{"line":59,"column":77}},"34":{"start":{"line":60,"column":8},"end":{"line":60,"column":14}},"35":{"start":{"line":63,"column":8},"end":{"line":63,"column":39}},"36":{"start":{"line":64,"column":24},"end":{"line":64,"column":38}},"37":{"start":{"line":65,"column":8},"end":{"line":73,"column":9}},"38":{"start":{"line":66,"column":10},"end":{"line":66,"column":128}},"39":{"start":{"line":68,"column":27},"end":{"line":68,"column":56}},"40":{"start":{"line":69,"column":25},"end":{"line":69,"column":61}},"41":{"start":{"line":70,"column":10},"end":{"line":72,"column":11}},"42":{"start":{"line":71,"column":12},"end":{"line":71,"column":152}},"43":{"start":{"line":74,"column":8},"end":{"line":74,"column":14}}},"fnMap":{"0":{"name":"(anonymous_0)","decl":{"start":{"line":7,"column":2},"end":{"line":7,"column":3}},"loc":{"start":{"line":7,"column":27},"end":{"line":76,"column":3}},"line":7}},"branchMap":{"0":{"loc":{"start":{"line":9,"column":4},"end":{"line":9,"column":58}},"type":"if","locations":[{"start":{"line":9,"column":4},"end":{"line":9,"column":58}},{"start":{},"end":{}}],"line":9},"1":{"loc":{"start":{"line":9,"column":8},"end":{"line":9,"column":49}},"type":"binary-expr","locations":[{"start":{"line":9,"column":8},"end":{"line":9,"column":33}},{"start":{"line":9,"column":37},"end":{"line":9,"column":49}}],"line":9},"2":{"loc":{"start":{"line":14,"column":4},"end":{"line":14,"column":27}},"type":"if","locations":[{"start":{"line":14,"column":4},"end":{"line":14,"column":27}},{"start":{},"end":{}}],"line":14},"3":{"loc":{"start":{"line":17,"column":4},"end":{"line":17,"column":22}},"type":"if","locations":[{"start":{"line":17,"column":4},"end":{"line":17,"column":22}},{"start":{},"end":{}}],"line":17},"4":{"loc":{"start":{"line":22,"column":4},"end":{"line":75,"column":5}},"type":"switch","locations":[{"start":{"line":23,"column":6},"end":{"line":31,"column":14}},{"start":{"line":32,"column":6},"end":{"line":40,"column":14}},{"start":{"line":41,"column":6},"end":{"line":43,"column":14}},{"start":{"line":44,"column":6},"end":{"line":47,"column":14}},{"start":{"line":48,"column":6},"end":{"line":56,"column":14}},{"start":{"line":57,"column":6},"end":{"line":60,"column":14}},{"start":{"line":61,"column":6},"end":{"line":74,"column":14}}],"line":22},"5":{"loc":{"start":{"line":26,"column":8},"end":{"line":30,"column":9}},"type":"if","locations":[{"start":{"line":26,"column":8},"end":{"line":30,"column":9}},{"start":{"line":28,"column":15},"end":{"line":30,"column":9}}],"line":26},"6":{"loc":{"start":{"line":35,"column":8},"end":{"line":39,"column":9}},"type":"if","locations":[{"start":{"line":35,"column":8},"end":{"line":39,"column":9}},{"start":{"line":37,"column":15},"end":{"line":39,"column":9}}],"line":35},"7":{"loc":{"start":{"line":51,"column":8},"end":{"line":55,"column":9}},"type":"if","locations":[{"start":{"line":51,"column":8},"end":{"line":55,"column":9}},{"start":{"line":53,"column":15},"end":{"line":55,"column":9}}],"line":51},"8":{"loc":{"start":{"line":65,"column":8},"end":{"line":73,"column":9}},"type":"if","locations":[{"start":{"line":65,"column":8},"end":{"line":73,"column":9}},{"start":{"line":67,"column":15},"end":{"line":73,"column":9}}],"line":65},"9":{"loc":{"start":{"line":65,"column":12},"end":{"line":65,"column":75}},"type":"binary-expr","locations":[{"start":{"line":65,"column":12},"end":{"line":65,"column":26}},{"start":{"line":65,"column":30},"end":{"line":65,"column":41}},{"start":{"line":65,"column":45},"end":{"line":65,"column":75}}],"line":65},"10":{"loc":{"start":{"line":70,"column":10},"end":{"line":72,"column":11}},"type":"if","locations":[{"start":{"line":70,"column":10},"end":{"line":72,"column":11}},{"start":{},"end":{}}],"line":70}},"s":{"0":2,"1":2,"2":20,"3":2,"4":18,"5":18,"6":18,"7":2,"8":16,"9":16,"10":2,"11":14,"12":14,"13":2,"14":2,"15":1,"16":1,"17":2,"18":2,"19":2,"20":1,"21":1,"22":2,"23":1,"24":1,"25":1,"26":1,"27":1,"28":2,"29":2,"30":1,"31":1,"32":2,"33":1,"34":1,"35":5,"36":5,"37":5,"38":3,"39":2,"40":2,"41":2,"42":1,"43":5},"f":{"0":20},"b":{"0":[2,18],"1":[20,19],"2":[2,16],"3":[2,14],"4":[2,2,1,1,2,1,5],"5":[1,1],"6":[1,1],"7":[1,1],"8":[3,2],"9":[5,4,3],"10":[1,1]},"_coverageSchema":"1a1c01bbd47fc00a2c39e90264f33305004495a9","hash":"8acd8f3cda37e3e3b6bc6a5fd6ba4ebff8e82a19"}
[...]
t":{"line":502,"column":9},"end":{"line":502,"column":32}},"loc":{"start":{"line":502,"column":65},"end":{"line":512,"column":1}},"line":502}},"branchMap":{"0":{"loc":{"start":{"line":202,"column":2},"end":{"line":208,"column":3}},"type":"if","locations":[{"start":{"line":202,"column":2},"end":{"line":208,"column":3}},{"start":{},"end":{}}],"line":202},"1":{"loc":{"start":{"line":204,"column":4},"end":{"line":204,"column":70}},"type":"if","locations":[{"start":{"line":204,"column":4},"end":{"line":204,"column":70}},{"start":{},"end":{}}],"line":204},"2":{"loc":{"start":{"line":207,"column":4},"end":{"line":207,"column":72}},"type":"if","locations":[{"start":{"line":207,"column":4},"end":{"line":207,"column":72}},{"start":{},"end":{}}],"line":207},"3":{"loc":{"start":{"line":224,"column":9},"end":{"line":224,"column":40}},"type":"cond-expr","locations":[{"start":{"line":224,"column":18},"end":{"line":224,"column":30}},{"start":{"line":224,"column":33},"end":{"line":224,"column":40}}],"line":224},"4":{"loc":{"start":{"line":241,"column":12},"end":{"line":241,"column":61}},"type":"binary-expr","locations":[{"start":{"line":241,"column":12},"end":{"line":241,"column":53}},{"start":{"line":241,"column":57},"end":{"line":241,"column":61}}],"line":241},"5":{"loc":{"start":{"line":242,"column":12},"end":{"line":242,"column":63}},"type":"binary-expr","locations":[{"start":{"line":242,"column":12},"end":{"line":242,"column":55}},{"start":{"line":242,"column":59},"end":{"line":242,"column":63}}],"line":242},"6":{"loc":{"start":{"line":290,"column":12},"end":{"line":290,"column":61}},"type":"binary-expr","locations":[{"start":{"line":290,"column":12},"end":{"line":290,"column":53}},{"start":{"line":290,"column":57},"end":{"line":290,"column":61}}],"line":290},"7":{"loc":{"start":{"line":291,"column":12},"end":{"line":291,"column":63}},"type":"binary-expr","locations":[{"start":{"line":291,"column":12},"end":{"line":291,"column":55}},{"start":{"line":291,"column":59},"end":{"line":291,"column":63}}],"line":291},"8":{"loc":{"start":{"line":309,"column":2},"end":{"line":375,"column":3}},"type":"switch","locations":[{"start":{"line":310,"column":4},"end":{"line":316,"column":8}},{"start":{"line":318,"column":4},"end":{"line":326,"column":8}},{"start":{"line":328,"column":4},"end":{"line":336,"column":8}},{"start":{"line":338,"column":4},"end":{"line":346,"column":8}},{"start":{"line":348,"column":4},"end":{"line":356,"column":8}},{"start":{"line":358,"column":4},"end":{"line":366,"column":8}},{"start":{"line":368,"column":4},"end":{"line":374,"column":8}}],"line":309},"9":{"loc":{"start":{"line":385,"column":2},"end":{"line":385,"column":28}},"type":"if","locations":[{"start":{"line":385,"column":2},"end":{"line":385,"column":28}},{"start":{},"end":{}}],"line":385},"10":{"loc":{"start":{"line":391,"column":2},"end":{"line":394,"column":3}},"type":"if","locations":[{"start":{"line":391,"column":2},"end":{"line":394,"column":3}},{"start":{},"end":{}}],"line":391},"11":{"loc":{"start":{"line":398,"column":2},"end":{"line":401,"column":3}},"type":"if","locations":[{"start":{"line":398,"column":2},"end":{"line":401,"column":3}},{"start":{},"end":{}}],"line":398},"12":{"loc":{"start":{"line":405,"column":2},"end":{"line":408,"column":3}},"type":"if","locations":[{"start":{"line":405,"column":2},"end":{"line":408,"column":3}},{"start":{},"end":{}}],"line":405},"13":{"loc":{"start":{"line":457,"column":9},"end":{"line":457,"column":59}},"type":"binary-expr","locations":[{"start":{"line":457,"column":9},"end":{"line":457,"column":33}},{"start":{"line":457,"column":37},"end":{"line":457,"column":59}}],"line":457},"14":{"loc":{"start":{"line":466,"column":2},"end":{"line":466,"column":33}},"type":"if","locations":[{"start":{"line":466,"column":2},"end":{"line":466,"column":33}},{"start":{},"end":{}}],"line":466},"15":{"loc":{"start":{"line":470,"column":19},"end":{"line":470,"column":38}},"type":"binary-expr","locations":[{"start":{"line":470,"column":19},"end":{"line":470,"column":27}},{"start":{"line":470,"column":31},"end":{"line":470,"column":38}}],"line":470},"16":{"loc":{"start":{"line":486,"column":2},"end":{"line":486,"column":63}},"type":"if","locations":[{"start":{"line":486,"column":2},"end":{"line":486,"column":63}},{"start":{},"end":{}}],"line":486},"17":{"loc":{"start":{"line":486,"column":6},"end":{"line":486,"column":51}},"type":"binary-expr","locations":[{"start":{"line":486,"column":6},"end":{"line":486,"column":19}},{"start":{"line":486,"column":23},"end":{"line":486,"column":51}}],"line":486},"18":{"loc":{"start":{"line":489,"column":4},"end":{"line":489,"column":33}},"type":"if","locations":[{"start":{"line":489,"column":4},"end":{"line":489,"column":33}},{"start":{},"end":{}}],"line":489},"19":{"loc":{"start":{"line":491,"column":11},"end":{"line":491,"column":64}},"type":"binary-expr","locations":[{"start":{"line":491,"column":11},"end":{"line":491,"column":18}},{"start":{"line":491,"column":22},"end":{"line":491,"column":64}}],"line":491},"20":{"loc":{"start":{"line":507,"column":2},"end":{"line":509,"column":3}},"type":"if","locations":[{"start":{"line":507,"column":2},"end":{"line":509,"column":3}},{"start":{},"end":{}}],"line":507}},"s":{"0":8,"1":168,"2":157,"3":157,"4":153,"5":4,"6":4,"7":3,"8":12,"9":106,"10":106,"11":106,"12":106,"13":738,"14":106,"15":41,"16":41,"17":41,"18":41,"19":41,"20":41,"21":121,"22":41,"23":49,"24":104,"25":104,"26":104,"27":9,"28":9,"29":9,"30":4,"31":4,"32":4,"33":3,"34":4,"35":9,"36":4,"37":38,"38":38,"39":38,"40":38,"41":38,"42":13,"43":5,"44":5,"45":5,"46":5,"47":5,"48":5,"49":5,"50":5,"51":5,"52":5,"53":5,"54":5,"55":4,"56":4,"57":4,"58":1,"59":22,"60":2,"61":20,"62":20,"63":20,"64":14,"65":14,"66":6,"67":6,"68":1,"69":1,"70":5,"71":5,"72":1,"73":1,"74":4,"75":5,"76":5,"77":9,"78":9,"79":9,"80":9,"81":18,"82":18,"83":18,"84":18,"85":29,"86":29,"87":28,"88":2,"89":26,"90":26,"91":26,"92":26,"93":26,"94":26,"95":11,"96":2,"97":9,"98":27,"99":3,"100":24,"101":24,"102":4,"103":4,"104":4,"105":4,"106":1,"107":3,"108":8},"f":{"0":168,"1":106,"2":738,"3":41,"4":41,"5":121,"6":49,"7":104,"8":9,"9":4,"10":3,"11":9,"12":38,"13":22,"14":5,"15":9,"16":18,"17":29,"18":28,"19":11,"20":27,"21":4},"b":{"0":[157,11],"1":[153,4],"2":[3,1],"3":[105,1],"4":[41,1],"5":[41,1],"6":[4,1],"7":[4,1],"8":[13,5,5,5,5,4,1],"9":[2,20],"10":[14,6],"11":[1,5],"12":[1,4],"13":[29,16],"14":[2,26],"15":[26,1],"16":[2,9],"17":[11,10],"18":[3,24],"19":[24,24],"20":[1,3]},"_coverageSchema":"1a1c01bbd47fc00a2c39e90264f33305004495a9","hash":"2a6816075bb84751e0d508b529578905e4d7b859"}
,"/Users/moseslee/Desktop/Bird-Sighting-Bot/src/utils/logger.js": {"path":"/Users/moseslee/Desktop/Bird-Sighting-Bot/src/utils/logger.js","statementMap":{"0":{"start":{"line":13,"column":45},"end":{"line":13,"column":63}},"1":{"start":{"line":15,"column":21},"end":{"line":15,"column":51}},"2":{"start":{"line":17,"column":15},"end":{"line":34,"column":2}},"3":{"start":{"line":29,"column":26},"end":{"line":29,"column":84}},"4":{"start":{"line":30,"column":12},"end":{"line":30,"column":64}},"5":{"start":{"line":36,"column":0},"end":{"line":36,"column":24}}},"fnMap":{"0":{"name":"(anonymous_0)","decl":{"start":{"line":28,"column":58},"end":{"line":28,"column":59}},"loc":{"start":{"line":28,"column":111},"end":{"line":31,"column":11}},"line":28}},"branchMap":{"0":{"loc":{"start":{"line":18,"column":9},"end":{"line":18,"column":67}},"type":"binary-expr","locations":[{"start":{"line":18,"column":9},"end":{"line":18,"column":30}},{"start":{"line":18,"column":35},"end":{"line":18,"column":66}}],"line":18},"1":{"loc":{"start":{"line":18,"column":35},"end":{"line":18,"column":66}},"type":"cond-expr","locations":[{"start":{"line":18,"column":50},"end":{"line":18,"column":56}},{"start":{"line":18,"column":59},"end":{"line":18,"column":66}}],"line":18},"2":{"loc":{"start":{"line":26,"column":14},"end":{"line":31,"column":13}},"type":"cond-expr","locations":[{"start":{"line":27,"column":10},"end":{"line":27,"column":39}},{"start":{"line":28,"column":10},"end":{"line":31,"column":13}}],"line":26},"3":{"loc":{"start":{"line":29,"column":26},"end":{"line":29,"column":84}},"type":"cond-expr","locations":[{"start":{"line":29,"column":53},"end":{"line":29,"column":79}},{"start":{"line":29,"column":82},"end":{"line":29,"column":84}}],"line":29}},"s":{"0":9,"1":9,"2":9,"3":62,"4":62,"5":9},"f":{"0":62},"b":{"0":[9,8],"1":[1,7],"2":[1,8],"3":[15,47]},"_coverageSchema":"1a1c01bbd47fc00a2c39e90264f33305004495a9","hash":"2a5d9d58cc67b7aaf7f937a089bb0de14f6c1ed2"}
,"/Users/moseslee/Desktop/Bird-Sighting-Bot/src/utils/markdown.js": {"path":"/Users/moseslee/Desktop/Bird-Sighting-Bot/src/utils/markdown.js","statementMap":{"0":{"start":{"line":22,"column":2},"end":{"line":22,"column":23}},"1":{"start":{"line":22,"column":13},"end":{"line":22,"column":23}},"2":{"start":{"line":23,"column":2},"end":{"line":23,"column":52}},"3":{"start":{"line":27,"column":12},"end":{"line":27,"column":26}},"4":{"start":{"line":29,"column":0},"end":{"line":29,"column":41}}},"fnMap":{"0":{"name":"escapeMarkdown","decl":{"start":{"line":21,"column":9},"end":{"line":21,"column":23}},"loc":{"start":{"line":21,"column":30},"end":{"line":24,"column":1}},"line":21}},"branchMap":{"0":{"loc":{"start":{"line":22,"column":2},"end":{"line":22,"column":23}},"type":"if","locations":[{"start":{"line":22,"column":2},"end":{"line":22,"column":23}},{"start":{},"end":{}}],"line":22}},"s":{"0":666,"1":3,"2":663,"3":10,"4":10},"f":{"0":666},"b":{"0":[3,663]},"_coverageSchema":"1a1c01bbd47fc00a2c39e90264f33305004495a9","hash":"b18601bff6f2b6a5ad3d68f3dd1d30ea2ef68dd8"}
,"/Users/moseslee/Desktop/Bird-Sighting-Bot/src/utils/regionCodes.js": {"path":"/Users/moseslee/Desktop/Bird-Sighting-Bot/src/utils/regionCodes.js","statementMap":{"0":{"start":{"line":2,"column":23},"end":{"line":282,"column":1}},"1":{"start":{"line":290,"column":2},"end":{"line":290,"column":26}},"2":{"start":{"line":290,"column":14},"end":{"line":290,"column":26}},"3":{"start":{"line":292,"column":18},"end":{"line":292,"column":30}},"4":{"start":{"line":295,"column":2},"end":{"line":297,"column":3}},"5":{"start":{"line":296,"column":4},"end":{"line":296,"column":33}},"6":{"start":{"line":300,"column":21},"end":{"line":300,"column":42}},"7":{"start":{"line":301,"column":2},"end":{"line":303,"column":3}},"8":{"start":{"line":302,"column":4},"end":{"line":302,"column":38}},"9":{"start":{"line":306,"column":2},"end":{"line":310,"column":3}},"10":{"start":{"line":307,"column":4},"end":{"line":309,"column":5}},"11":{"start":{"line":308,"column":6},"end":{"line":308,"column":18}},"12":{"start":{"line":313,"column":2},"end":{"line":313,"column":31}},"13":{"start":{"line":322,"column":20},"end":{"line":322,"column":38}},"14":{"start":{"line":323,"column":2},"end":{"line":327,"column":3}},"15":{"start":{"line":324,"column":4},"end":{"line":326,"column":5}},"16":{"start":{"line":325,"column":6},"end":{"line":325,"column":58}},"17":{"start":{"line":328,"column":2},"end":{"line":328,"column":14}},"18":{"start":{"line":336,"column":2},"end":{"line":348,"column":2}},"19":{"start":{"line":351,"column":0},"end":{"line":356,"column":2}}},"fnMap":{"0":{"name":"toRegionCode","decl":{"start":{"line":289,"column":9},"end":{"line":289,"column":21}},"loc":{"start":{"line":289,"column":29},"end":{"line":314,"column":1}},"line":289},"1":{"name":"getLocationName","decl":{"start":{"line":321,"column":9},"end":{"line":321,"column":24}},"loc":{"start":{"line":321,"column":31},"end":{"line":329,"column":1}},"line":321},"2":{"name":"getPopularLocations","decl":{"start":{"line":335,"column":9},"end":{"line":335,"column":28}},"loc":{"start":{"line":335,"column":31},"end":{"line":349,"column":1}},"line":335}},"branchMap":{"0":{"loc":{"start":{"line":290,"column":2},"end":{"line":290,"column":26}},"type":"if","locations":[{"start":{"line":290,"column":2},"end":{"line":290,"column":26}},{"start":{},"end":{}}],"line":290},"1":{"loc":{"start":{"line":295,"column":2},"end":{"line":297,"column":3}},"type":"if","locations":[{"start":{"line":295,"column":2},"end":{"line":297,"column":3}},{"start":{},"end":{}}],"line":295},"2":{"loc":{"start":{"line":301,"column":2},"end":{"line":303,"column":3}},"type":"if","locations":[{"start":{"line":301,"column":2},"end":{"line":303,"column":3}},{"start":{},"end":{}}],"line":301},"3":{"loc":{"start":{"line":307,"column":4},"end":{"line":309,"column":5}},"type":"if","locations":[{"start":{"line":307,"column":4},"end":{"line":309,"column":5}},{"start":{},"end":{}}],"line":307},"4":{"loc":{"start":{"line":307,"column":8},"end":{"line":307,"column":62}},"type":"binary-expr","locations":[{"start":{"line":307,"column":8},"end":{"line":307,"column":33}},{"start":{"line":307,"column":37},"end":{"line":307,"column":62}}],"line":307},"5":{"loc":{"start":{"line":324,"column":4},"end":{"line":326,"column":5}},"type":"if","locations":[{"start":{"line":324,"column":4},"end":{"line":326,"column":5}},{"start":{},"end":{}}],"line":324}},"s":{"0":8,"1":77,"2":2,"3":75,"4":75,"5":9,"6":66,"7":66,"8":52,"9":14,"10":2635,"11":4,"12":10,"13":5,"14":5,"15":409,"16":4,"17":1,"18":9,"19":8},"f":{"0":77,"1":5,"2":9},"b":{"0":[2,75],"1":[9,66],"2":[52,14],"3":[4,2631],"4":[2635,2632],"5":[4,405]},"_coverageSchema":"1a1c01bbd47fc00a2c39e90264f33305004495a9","hash":"eedc58afd2a74a98ac62387404f4197801b5c209"}
,"/Users/moseslee/Desktop/Bird-Sighting-Bot/src/utils/speciesCodes.js": {"path":"/Users/moseslee/Desktop/Bird-Sighting-Bot/src/utils/speciesCodes.js","statementMap":{"0":{"start":{"line":6,"column":19},"end":{"line":295,"column":1}},"1":{"start":{"line":302,"column":2},"end":{"line":302,"column":27}},"2":{"start":{"line":302,"column":14},"end":{"line":302,"column":27}},"3":{"start":{"line":304,"column":21},"end":{"line":304,"column":47}},"4":{"start":{"line":307,"column":2},"end":{"line":309,"column":3}},"5":{"start":{"line":308,"column":4},"end":{"line":308,"column":22}},"6":{"start":{"line":312,"column":2},"end":{"line":314,"column":3}},"7":{"start":{"line":313,"column":4},"end":{"line":313,"column":34}},"8":{"start":{"line":317,"column":2},"end":{"line":321,"column":3}},"9":{"start":{"line":318,"column":4},"end":{"line":320,"column":5}},"10":{"start":{"line":319,"column":6},"end":{"line":319,"column":18}},"11":{"start":{"line":324,"column":2},"end":{"line":324,"column":20}},"12":{"start":{"line":331,"column":2},"end":{"line":331,"column":25}},"13":{"start":{"line":331,"column":13},"end":{"line":331,"column":25}},"14":{"start":{"line":332,"column":21},"end":{"line":332,"column":39}},"15":{"start":{"line":334,"column":2},"end":{"line":339,"column":3}},"16":{"start":{"line":335,"column":4},"end":{"line":338,"column":5}},"17":{"start":{"line":337,"column":6},"end":{"line":337,"column":88}},"18":{"start":{"line":337,"column":38},"end":{"line":337,"column":76}},"19":{"start":{"line":340,"column":2},"end":{"line":340,"column":28}},"20":{"start":{"line":347,"column":2},"end":{"line":347,"column":24}},"21":{"start":{"line":347,"column":14},"end":{"line":347,"column":24}},"22":{"start":{"line":349,"column":21},"end":{"line":349,"column":47}},"23":{"start":{"line":350,"column":18},"end":{"line":350,"column":20}},"24":{"start":{"line":352,"column":2},"end":{"line":356,"column":3}},"25":{"start":{"line":353,"column":4},"end":{"line":355,"column":5}},"26":{"start":{"line":354,"column":6},"end":{"line":354,"column":35}},"27":{"start":{"line":359,"column":15},"end":{"line":359,"column":24}},"28":{"start":{"line":360,"column":2},"end":{"line":364,"column":18}},"29":{"start":{"line":361,"column":4},"end":{"line":361,"column":39}},"30":{"start":{"line":361,"column":26},"end":{"line":361,"column":39}},"31":{"start":{"line":362,"column":4},"end":{"line":362,"column":21}},"32":{"start":{"line":363,"column":4},"end":{"line":363,"column":16}},"33":{"start":{"line":371,"column":2},"end":{"line":377,"column":54}},"34":{"start":{"line":380,"column":0},"end":{"line":386,"column":2}}},"fnMap":{"0":{"name":"toSpeciesCode","decl":{"start":{"line":301,"column":9},"end":{"line":301,"column":22}},"loc":{"start":{"line":301,"column":30},"end":{"line":325,"column":1}},"line":301},"1":{"name":"getSpeciesName","decl":{"start":{"line":330,"column":9},"end":{"line":330,"column":23}},"loc":{"start":{"line":330,"column":30},"end":{"line":341,"column":1}},"line":330},"2":{"name":"(anonymous_2)","decl":{"start":{"line":337,"column":33},"end":{"line":337,"column":34}},"loc":{"start":{"line":337,"column":38},"end":{"line":337,"column":76}},"line":337},"3":{"name":"searchSpecies","decl":{"start":{"line":346,"column":9},"end":{"line":346,"column":22}},"loc":{"start":{"line":346,"column":30},"end":{"line":365,"column":1}},"line":346},"4":{"name":"(anonymous_4)","decl":{"start":{"line":360,"column":24},"end":{"line":360,"column":25}},"loc":{"start":{"line":360,"column":29},"end":{"line":364,"column":3}},"line":360},"5":{"name":"getPopularSpecies","decl":{"start":{"line":370,"column":9},"end":{"line":370,"column":26}},"loc":{"start":{"line":370,"column":29},"end":{"line":378,"column":1}},"line":370}},"branchMap":{"0":{"loc":{"start":{"line":302,"column":2},"end":{"line":302,"column":27}},"type":"if","locations":[{"start":{"line":302,"column":2},"end":{"line":302,"column":27}},{"start":{},"end":{}}],"line":302},"1":{"loc":{"start":{"line":307,"column":2},"end":{"line":309,"column":3}},"type":"if","locations":[{"start":{"line":307,"column":2},"end":{"line":309,"column":3}},{"start":{},"end":{}}],"line":307},"2":{"loc":{"start":{"line":307,"column":6},"end":{"line":307,"column":57}},"type":"binary-expr","locations":[{"start":{"line":307,"column":6},"end":{"line":307,"column":28}},{"start":{"line":307,"column":32},"end":{"line":307,"column":57}}],"line":307},"3":{"loc":{"start":{"line":312,"column":2},"end":{"line":314,"column":3}},"type":"if","locations":[{"start":{"line":312,"column":2},"end":{"line":314,"column":3}},{"start":{},"end":{}}],"line":312},"4":{"loc":{"start":{"line":318,"column":4},"end":{"line":320,"column":5}},"type":"if","locations":[{"start":{"line":318,"column":4},"end":{"line":320,"column":5}},{"start":{},"end":{}}],"line":318},"5":{"loc":{"start":{"line":318,"column":8},"end":{"line":318,"column":66}},"type":"binary-expr","locations":[{"start":{"line":318,"column":8},"end":{"line":318,"column":35}},{"start":{"line":318,"column":39},"end":{"line":318,"column":66}}],"line":318},"6":{"loc":{"start":{"line":331,"column":2},"end":{"line":331,"column":25}},"type":"if","locations":[{"start":{"line":331,"column":2},"end":{"line":331,"column":25}},{"start":{},"end":{}}],"line":331},"7":{"loc":{"start":{"line":335,"column":4},"end":{"line":338,"column":5}},"type":"if","locations":[{"start":{"line":335,"column":4},"end":{"line":338,"column":5}},{"start":{},"end":{}}],"line":335},"8":{"loc":{"start":{"line":347,"column":2},"end":{"line":347,"column":24}},"type":"if","locations":[{"start":{"line":347,"column":2},"end":{"line":347,"column":24}},{"start":{},"end":{}}],"line":347},"9":{"loc":{"start":{"line":353,"column":4},"end":{"line":355,"column":5}},"type":"if","locations":[{"start":{"line":353,"column":4},"end":{"line":355,"column":5}},{"start":{},"end":{}}],"line":353},"10":{"loc":{"start":{"line":361,"column":4},"end":{"line":361,"column":39}},"type":"if","locations":[{"start":{"line":361,"column":4},"end":{"line":361,"column":39}},{"start":{},"end":{}}],"line":361}},"s":{"0":1,"1":14,"2":2,"3":12,"4":12,"5":4,"6":8,"7":4,"8":4,"9":238,"10":3,"11":1,"12":5,"13":2,"14":3,"15":3,"16":357,"17":2,"18":4,"19":1,"20":6,"21":2,"22":4,"23":4,"24":4,"25":940,"26":180,"27":4,"28":4,"29":180,"30":56,"31":124,"32":124,"33":3,"34":1},"f":{"0":14,"1":5,"2":4,"3":6,"4":180,"5":3},"b":{"0":[2,12],"1":[4,8],"2":[12,4],"3":[4,4],"4":[3,235],"5":[238,237],"6":[2,3],"7":[2,355],"8":[2,4],"9":[180,760],"10":[56,124]},"_coverageSchema":"1a1c01bbd47fc00a2c39e90264f33305004495a9","hash":"0a8485f4a1a1053115249538eda3600265792f54"}
}
