TN:
SF:src/bot/telegramBot.js
FN:27,(anonymous_0)
FN:58,(anonymous_1)
FN:67,(anonymous_2)
FN:70,(anonymous_3)
FN:76,(anonymous_4)
FN:80,(anonymous_5)
FN:94,(anonymous_6)
FN:97,(anonymous_7)
FN:97,(anonymous_8)
FN:134,(anonymous_9)
FN:135,(anonymous_10)
FN:136,(anonymous_11)
FN:137,(anonymous_12)
FN:138,(anonymous_13)
FN:139,(anonymous_14)
FN:140,(anonymous_15)
FN:141,(anonymous_16)
FN:144,(anonymous_17)
FN:147,(anonymous_18)
FN:150,(anonymous_19)
FN:157,(anonymous_20)
FN:175,(anonymous_21)
FN:182,(anonymous_22)
FN:190,(anonymous_23)
FNF:24
FNH:24
FNDA:54,(anonymous_0)
FNDA:54,(anonymous_1)
FNDA:2,(anonymous_2)
FNDA:2,(anonymous_3)
FNDA:1,(anonymous_4)
FNDA:54,(anonymous_5)
FNDA:54,(anonymous_6)
FNDA:594,(anonymous_7)
FNDA:17,(anonymous_8)
FNDA:5,(anonymous_9)
FNDA:1,(anonymous_10)
FNDA:1,(anonymous_11)
FNDA:1,(anonymous_12)
FNDA:1,(anonymous_13)
FNDA:1,(anonymous_14)
FNDA:1,(anonymous_15)
FNDA:1,(anonymous_16)
FNDA:1,(anonymous_17)
FNDA:1,(anonymous_18)
FNDA:1,(anonymous_19)
FNDA:20,(anonymous_20)
FNDA:4,(anonymous_21)
FNDA:1,(anonymous_22)
FNDA:111,(anonymous_23)
DA:8,1
DA:9,1
DA:10,1
DA:11,1
DA:24,1
DA:28,54
DA:29,54
DA:30,54
DA:32,54
DA:34,54
DA:35,54
DA:36,54
DA:37,54
DA:38,54
DA:39,54
DA:42,54
DA:43,54
DA:44,54
DA:47,54
DA:48,54
DA:50,54
DA:51,54
DA:59,54
DA:60,1
DA:62,53
DA:67,54
DA:68,2
DA:70,54
DA:71,2
DA:77,1
DA:82,54
DA:97,594
DA:98,17
DA:100,17
DA:101,17
DA:102,17
DA:103,2
DA:104,2
DA:105,2
DA:107,15
DA:109,5
DA:111,5
DA:112,5
DA:113,5
DA:116,5
DA:117,3
DA:134,54
DA:135,54
DA:136,54
DA:137,54
DA:138,54
DA:139,54
DA:140,54
DA:141,54
DA:144,54
DA:147,54
DA:150,54
DA:152,54
DA:158,20
DA:159,20
DA:164,4
DA:166,4
DA:167,1
DA:176,4
DA:177,2
DA:178,2
DA:183,1
DA:191,111
DA:192,111
DA:194,111
DA:196,22
DA:197,22
DA:200,89
DA:201,89
DA:202,5
DA:204,84
DA:210,1
DA:222,1
LF:78
LH:78
BRDA:27,0,0,52
BRDA:30,1,0,54
BRDA:30,1,1,53
BRDA:59,2,0,1
BRDA:59,2,1,53
BRDA:68,3,0,2
BRDA:68,3,1,1
BRDA:71,4,0,2
BRDA:71,4,1,1
BRDA:101,5,0,17
BRDA:101,5,1,4
BRDA:101,5,2,2
BRDA:102,6,0,2
BRDA:102,6,1,15
BRDA:102,7,0,17
BRDA:102,7,1,15
BRDA:113,8,0,5
BRDA:113,8,1,3
BRDA:113,8,2,2
BRDA:116,9,0,3
BRDA:116,9,1,2
BRDA:157,10,0,14
BRDA:166,11,0,1
BRDA:166,11,1,3
BRDA:176,12,0,2
BRDA:176,12,1,2
BRDA:194,13,0,22
BRDA:194,13,1,89
BRDA:194,14,0,111
BRDA:194,14,1,90
BRDA:201,15,0,5
BRDA:201,15,1,84
BRF:32
BRH:32
end_of_record
TN:
SF:src/bot/handlers/callbackHandlers.js
FN:16,(anonymous_0)
FN:164,(anonymous_1)
FN:256,(anonymous_2)
FN:354,(anonymous_3)
FNF:4
FNH:4
FNDA:35,(anonymous_0)
FNDA:1,(anonymous_1)
FNDA:12,(anonymous_2)
FNDA:10,(anonymous_3)
DA:4,2
DA:13,2
DA:15,2
DA:17,35
DA:18,35
DA:19,35
DA:22,35
DA:25,34
DA:26,1
DA:27,1
DA:31,33
DA:33,2
DA:36,31
DA:37,3
DA:38,3
DA:39,3
DA:41,3
DA:42,3
DA:44,3
DA:46,2
DA:48,3
DA:52,28
DA:53,2
DA:54,2
DA:55,2
DA:57,2
DA:58,1
DA:59,1
DA:65,1
DA:67,2
DA:71,26
DA:72,2
DA:73,2
DA:74,2
DA:76,2
DA:77,1
DA:78,1
DA:79,1
DA:81,1
DA:83,2
DA:87,24
DA:88,2
DA:89,2
DA:90,2
DA:92,2
DA:93,1
DA:94,1
DA:95,1
DA:97,1
DA:99,2
DA:103,22
DA:104,2
DA:105,2
DA:107,2
DA:108,2
DA:110,2
DA:112,1
DA:114,1
DA:119,1
DA:123,1
DA:125,2
DA:129,20
DA:130,2
DA:131,2
DA:132,2
DA:134,2
DA:135,1
DA:136,1
DA:137,1
DA:139,1
DA:141,2
DA:145,18
DA:146,1
DA:147,1
DA:150,17
DA:151,1
DA:152,1
DA:153,16
DA:154,1
DA:155,1
DA:156,15
DA:158,2
DA:159,2
DA:160,2
DA:163,2
DA:164,2
DA:166,2
DA:167,1
DA:172,1
DA:174,13
DA:175,1
DA:176,12
DA:177,1
DA:181,17
DA:182,2
DA:183,2
DA:184,2
DA:185,1
DA:186,1
DA:187,1
DA:189,1
DA:191,2
DA:195,15
DA:196,1
DA:197,1
DA:200,1
DA:213,1
DA:216,1
DA:220,14
DA:221,1
DA:222,1
DA:224,13
DA:225,1
DA:226,1
DA:228,12
DA:229,1
DA:230,1
DA:232,11
DA:233,1
DA:234,1
DA:236,10
DA:237,1
DA:238,1
DA:240,9
DA:241,1
DA:242,1
DA:246,8
DA:247,2
DA:248,2
DA:249,2
DA:258,12
DA:260,12
DA:266,12
DA:267,1
DA:268,1
DA:269,11
DA:271,3
DA:272,3
DA:273,2
DA:274,2
DA:277,1
DA:281,8
DA:282,8
DA:286,12
DA:287,12
DA:288,12
DA:291,12
DA:293,12
DA:295,1
DA:303,1
DA:322,1
DA:331,1
DA:332,1
DA:336,11
DA:339,11
DA:340,5
DA:341,6
DA:342,1
DA:343,5
DA:344,4
DA:345,4
DA:346,2
DA:355,10
DA:360,10
DA:361,3
DA:362,3
DA:363,3
DA:365,3
DA:366,1
DA:369,1
DA:373,2
DA:374,1
DA:377,2
DA:380,7
DA:382,7
DA:383,1
DA:386,1
DA:389,6
DA:390,6
DA:394,8
DA:395,8
DA:396,8
DA:397,8
DA:399,8
DA:400,1
DA:403,1
DA:407,7
DA:408,7
DA:411,7
DA:413,7
DA:421,7
DA:424,7
DA:425,3
DA:426,4
DA:427,1
DA:428,3
DA:429,2
LF:197
LH:197
BRDA:25,0,0,1
BRDA:25,0,1,33
BRDA:31,1,0,2
BRDA:31,1,1,31
BRDA:36,2,0,3
BRDA:36,2,1,28
BRDA:44,3,0,2
BRDA:44,3,1,1
BRDA:52,4,0,2
BRDA:52,4,1,26
BRDA:57,5,0,1
BRDA:57,5,1,1
BRDA:71,6,0,2
BRDA:71,6,1,24
BRDA:76,7,0,1
BRDA:76,7,1,1
BRDA:87,8,0,2
BRDA:87,8,1,22
BRDA:92,9,0,1
BRDA:92,9,1,1
BRDA:103,10,0,2
BRDA:103,10,1,20
BRDA:110,11,0,1
BRDA:110,11,1,1
BRDA:129,12,0,2
BRDA:129,12,1,18
BRDA:134,13,0,1
BRDA:134,13,1,1
BRDA:145,14,0,1
BRDA:145,14,1,17
BRDA:150,15,0,1
BRDA:150,15,1,16
BRDA:153,16,0,1
BRDA:153,16,1,15
BRDA:156,17,0,2
BRDA:156,17,1,13
BRDA:166,18,0,1
BRDA:166,18,1,1
BRDA:174,19,0,1
BRDA:174,19,1,12
BRDA:176,20,0,1
BRDA:176,20,1,11
BRDA:181,21,0,2
BRDA:181,21,1,15
BRDA:184,22,0,1
BRDA:184,22,1,1
BRDA:184,23,0,2
BRDA:184,23,1,1
BRDA:195,24,0,1
BRDA:195,24,1,14
BRDA:220,25,0,1
BRDA:220,25,1,13
BRDA:224,26,0,1
BRDA:224,26,1,12
BRDA:228,27,0,1
BRDA:228,27,1,11
BRDA:232,28,0,1
BRDA:232,28,1,10
BRDA:236,29,0,1
BRDA:236,29,1,9
BRDA:240,30,0,1
BRDA:240,30,1,8
BRDA:246,31,0,2
BRDA:246,31,1,6
BRDA:266,32,0,1
BRDA:266,32,1,11
BRDA:269,33,0,3
BRDA:269,33,1,8
BRDA:272,34,0,2
BRDA:272,34,1,1
BRDA:272,35,0,3
BRDA:272,35,1,2
BRDA:287,36,0,12
BRDA:287,36,1,2
BRDA:288,37,0,12
BRDA:288,37,1,12
BRDA:293,38,0,1
BRDA:293,38,1,11
BRDA:339,39,0,5
BRDA:339,39,1,6
BRDA:341,40,0,1
BRDA:341,40,1,5
BRDA:343,41,0,4
BRDA:343,41,1,1
BRDA:345,42,0,2
BRDA:345,42,1,2
BRDA:355,43,0,10
BRDA:360,44,0,3
BRDA:360,44,1,7
BRDA:365,45,0,1
BRDA:365,45,1,2
BRDA:365,46,0,3
BRDA:365,46,1,2
BRDA:373,47,0,1
BRDA:373,47,1,1
BRDA:382,48,0,1
BRDA:382,48,1,6
BRDA:399,49,0,1
BRDA:399,49,1,7
BRDA:424,50,0,3
BRDA:424,50,1,4
BRDA:426,51,0,1
BRDA:426,51,1,3
BRDA:428,52,0,2
BRDA:428,52,1,1
BRDA:428,53,0,3
BRDA:428,53,1,3
BRF:107
BRH:107
end_of_record
TN:
SF:src/bot/handlers/commandHandlers.js
FN:8,(anonymous_0)
FN:38,(anonymous_1)
FN:80,(anonymous_2)
FNF:3
FNH:3
FNDA:8,(anonymous_0)
FNDA:4,(anonymous_1)
FNDA:4,(anonymous_2)
DA:5,2
DA:7,2
DA:9,8
DA:10,7
DA:12,7
DA:35,7
DA:39,4
DA:41,4
DA:77,4
DA:81,4
DA:83,4
DA:125,4
LF:12
LH:12
BRDA:10,0,0,7
BRDA:10,0,1,1
BRF:2
BRH:2
end_of_record
TN:
SF:src/bot/handlers/displayHandlers.js
FN:8,(anonymous_0)
FN:35,(anonymous_1)
FN:106,(anonymous_2)
FN:117,(anonymous_3)
FN:201,(anonymous_4)
FN:210,(anonymous_5)
FN:240,(anonymous_6)
FN:249,(anonymous_7)
FNF:8
FNH:8
FNDA:19,(anonymous_0)
FNDA:69,(anonymous_1)
FNDA:35,(anonymous_2)
FNDA:14,(anonymous_3)
FNDA:8,(anonymous_4)
FNDA:96,(anonymous_5)
FNDA:8,(anonymous_6)
FNDA:73,(anonymous_7)
DA:4,2
DA:5,2
DA:7,2
DA:9,19
DA:10,2
DA:11,2
DA:14,17
DA:15,17
DA:16,17
DA:17,17
DA:20,17
DA:21,1
DA:22,16
DA:23,1
DA:24,15
DA:25,1
DA:27,14
DA:30,17
DA:31,17
DA:32,17
DA:33,17
DA:35,17
DA:36,69
DA:40,17
DA:43,17
DA:46,17
DA:47,4
DA:48,4
DA:51,17
DA:54,17
DA:55,12
DA:56,12
DA:59,17
DA:62,17
DA:63,13
DA:67,17
DA:70,17
DA:76,17
DA:81,17
DA:82,2
DA:83,2
DA:90,1
DA:92,1
DA:97,16
DA:107,35
DA:108,34
DA:109,33
DA:110,32
DA:118,14
DA:119,14
DA:120,14
DA:123,14
DA:124,14
DA:125,351
DA:126,351
DA:127,300
DA:129,351
DA:130,351
DA:132,351
DA:133,351
DA:134,349
DA:136,351
DA:137,351
DA:140,351
DA:141,350
DA:142,350
DA:143,350
DA:144,350
DA:145,350
DA:147,350
DA:148,348
DA:150,350
DA:151,349
DA:156,14
DA:157,14
DA:158,14
DA:159,14
DA:161,14
DA:162,14
DA:163,68
DA:165,68
DA:166,117
DA:169,117
DA:170,116
DA:171,116
DA:172,115
DA:174,1
DA:179,68
DA:180,68
DA:183,68
DA:184,3
DA:185,3
DA:186,2
DA:188,3
DA:192,14
DA:193,14
DA:195,14
DA:202,8
DA:203,8
DA:205,8
DA:206,8
DA:207,8
DA:208,8
DA:210,8
DA:211,96
DA:214,8
DA:215,8
DA:216,8
DA:218,8
DA:219,96
DA:220,7
DA:221,7
DA:222,7
DA:223,7
DA:225,96
DA:228,8
DA:229,8
DA:230,8
DA:232,8
DA:233,15
DA:241,8
DA:242,8
DA:244,8
DA:245,8
DA:246,8
DA:247,8
DA:249,8
DA:250,73
DA:253,8
DA:254,8
DA:255,8
DA:257,8
DA:258,73
DA:259,4
DA:260,4
DA:261,4
DA:262,4
DA:264,73
DA:267,8
DA:268,8
DA:269,8
DA:270,8
DA:272,8
DA:273,12
LF:144
LH:144
BRDA:8,0,0,2
BRDA:8,1,0,16
BRDA:8,2,0,17
BRDA:9,3,0,2
BRDA:9,3,1,17
BRDA:9,4,0,19
BRDA:9,4,1,18
BRDA:20,5,0,1
BRDA:20,5,1,16
BRDA:22,6,0,1
BRDA:22,6,1,15
BRDA:24,7,0,1
BRDA:24,7,1,14
BRDA:46,8,0,4
BRDA:46,8,1,13
BRDA:54,9,0,12
BRDA:54,9,1,5
BRDA:62,10,0,13
BRDA:62,10,1,4
BRDA:81,11,0,2
BRDA:81,11,1,15
BRDA:107,12,0,1
BRDA:107,12,1,34
BRDA:108,13,0,1
BRDA:108,13,1,33
BRDA:109,14,0,1
BRDA:109,14,1,32
BRDA:117,15,0,1
BRDA:125,16,0,351
BRDA:125,16,1,2
BRDA:126,17,0,300
BRDA:126,17,1,51
BRDA:130,18,0,351
BRDA:130,18,1,6
BRDA:133,19,0,349
BRDA:133,19,1,2
BRDA:137,20,0,351
BRDA:137,20,1,6
BRDA:140,21,0,350
BRDA:140,21,1,1
BRDA:143,22,0,350
BRDA:143,22,1,1
BRDA:147,23,0,348
BRDA:147,23,1,2
BRDA:150,24,0,349
BRDA:150,24,1,1
BRDA:171,25,0,115
BRDA:171,25,1,1
BRDA:183,26,0,3
BRDA:183,26,1,65
BRDA:185,27,0,2
BRDA:185,27,1,1
BRDA:201,28,0,2
BRDA:219,29,0,7
BRDA:219,29,1,89
BRDA:240,30,0,2
BRDA:258,31,0,4
BRDA:258,31,1,69
BRF:58
BRH:58
end_of_record
TN:
SF:src/bot/handlers/hotspotHandlers.js
FN:8,(anonymous_0)
FN:41,(anonymous_1)
FN:56,(anonymous_2)
FNF:3
FNH:3
FNDA:15,(anonymous_0)
FNDA:26,(anonymous_1)
FNDA:18,(anonymous_2)
DA:4,2
DA:5,2
DA:7,2
DA:9,15
DA:10,15
DA:12,15
DA:13,3
DA:14,3
DA:23,3
DA:26,12
DA:27,12
DA:29,12
DA:30,12
DA:32,11
DA:33,3
DA:34,3
DA:37,8
DA:38,8
DA:39,8
DA:41,8
DA:42,26
DA:43,26
DA:44,25
DA:46,26
DA:49,8
DA:50,8
DA:53,8
DA:56,18
DA:61,8
DA:65,1
LF:30
LH:30
BRDA:12,0,0,3
BRDA:12,0,1,12
BRDA:32,1,0,3
BRDA:32,1,1,8
BRDA:32,2,0,11
BRDA:32,2,1,10
BRDA:43,3,0,25
BRDA:43,3,1,1
BRDA:57,4,0,1
BRDA:57,4,1,17
BRF:10
BRH:10
end_of_record
TN:
SF:src/bot/handlers/index.js
FNF:0
FNH:0
DA:7,1
LF:1
LH:1
BRF:0
BRH:0
end_of_record
TN:
SF:src/bot/handlers/messageHandler.js
FN:7,(anonymous_0)
FNF:1
FNH:1
FNDA:20,(anonymous_0)
DA:4,2
DA:6,2
DA:9,20
DA:11,18
DA:12,18
DA:14,18
DA:16,16
DA:17,16
DA:20,14
DA:22,14
DA:24,2
DA:26,2
DA:27,1
DA:29,1
DA:31,2
DA:33,2
DA:35,2
DA:36,1
DA:38,1
DA:40,2
DA:42,1
DA:43,1
DA:45,1
DA:46,1
DA:47,1
DA:49,2
DA:51,2
DA:52,1
DA:54,1
DA:56,2
DA:59,1
DA:60,1
DA:63,5
DA:64,5
DA:65,5
DA:66,3
DA:68,2
DA:69,2
DA:70,2
DA:71,1
DA:74,5
LF:41
LH:41
BRDA:9,0,0,2
BRDA:9,0,1,18
BRDA:9,1,0,20
BRDA:9,1,1,19
BRDA:14,2,0,2
BRDA:14,2,1,16
BRDA:17,3,0,2
BRDA:17,3,1,14
BRDA:22,4,0,2
BRDA:22,4,1,2
BRDA:22,4,2,1
BRDA:22,4,3,1
BRDA:22,4,4,2
BRDA:22,4,5,1
BRDA:22,4,6,5
BRDA:26,5,0,1
BRDA:26,5,1,1
BRDA:35,6,0,1
BRDA:35,6,1,1
BRDA:51,7,0,1
BRDA:51,7,1,1
BRDA:65,8,0,3
BRDA:65,8,1,2
BRDA:65,9,0,5
BRDA:65,9,1,4
BRDA:65,9,2,3
BRDA:70,10,0,1
BRDA:70,10,1,1
BRF:28
BRH:28
end_of_record
TN:
SF:src/bot/handlers/nearbyHandlers.js
FN:10,(anonymous_0)
FN:28,(anonymous_1)
FN:68,(anonymous_2)
FN:119,(anonymous_3)
FNF:4
FNH:4
FNDA:6,(anonymous_0)
FNDA:8,(anonymous_1)
FNDA:20,(anonymous_2)
FNDA:10,(anonymous_3)
DA:5,2
DA:6,2
DA:7,2
DA:9,2
DA:11,6
DA:12,6
DA:14,6
DA:29,8
DA:30,8
DA:31,8
DA:32,8
DA:35,8
DA:41,8
DA:43,8
DA:57,8
DA:69,20
DA:71,20
DA:72,20
DA:73,20
DA:75,20
DA:76,20
DA:78,4
DA:81,20
DA:82,20
DA:84,4
DA:87,20
DA:89,20
DA:92,20
DA:93,11
DA:94,11
DA:102,11
DA:111,11
DA:113,9
DA:117,19
DA:118,6
DA:119,6
DA:120,10
DA:121,10
DA:122,9
DA:124,10
DA:126,6
DA:130,19
DA:142,1
DA:143,1
LF:44
LH:44
BRDA:12,0,0,6
BRDA:12,0,1,4
BRDA:12,0,2,2
BRDA:30,1,0,8
BRDA:30,1,1,3
BRDA:30,1,2,1
BRDA:76,2,0,20
BRDA:76,2,1,1
BRDA:82,3,0,20
BRDA:82,3,1,1
BRDA:89,4,0,20
BRDA:89,4,1,10
BRDA:92,5,0,11
BRDA:92,5,1,9
BRDA:105,6,0,11
BRDA:105,6,1,10
BRDA:117,7,0,6
BRDA:117,7,1,13
BRDA:117,8,0,19
BRDA:117,8,1,19
BRDA:121,9,0,9
BRDA:121,9,1,1
BRF:22
BRH:22
end_of_record
TN:
SF:src/bot/handlers/notableHandlers.js
FN:11,(anonymous_0)
FN:41,(anonymous_1)
FNF:2
FNH:2
FNDA:10,(anonymous_0)
FNDA:16,(anonymous_1)
DA:5,2
DA:6,2
DA:7,2
DA:8,2
DA:10,2
DA:12,10
DA:13,10
DA:14,10
DA:16,10
DA:17,7
DA:18,7
DA:27,7
DA:28,7
DA:29,7
DA:33,3
DA:34,2
DA:36,1
DA:37,1
DA:42,16
DA:43,16
DA:46,16
DA:47,16
DA:50,16
DA:51,2
DA:52,2
DA:53,2
DA:56,14
DA:57,14
DA:59,14
DA:60,14
DA:62,14
DA:66,14
DA:67,2
DA:69,12
DA:73,13
DA:74,2
DA:84,13
DA:94,1
DA:95,1
DA:99,1
DA:100,1
DA:104,15
DA:105,2
DA:106,2
DA:107,2
DA:108,2
DA:111,13
DA:112,13
DA:115,13
DA:124,13
LF:50
LH:50
BRDA:13,0,0,10
BRDA:13,0,1,3
BRDA:13,0,2,1
BRDA:16,1,0,7
BRDA:16,1,1,3
BRDA:33,2,0,2
BRDA:33,2,1,1
BRDA:41,3,0,1
BRDA:41,4,0,9
BRDA:41,5,0,11
BRDA:41,6,0,14
BRDA:42,7,0,16
BRDA:42,7,1,2
BRDA:50,8,0,2
BRDA:50,8,1,14
BRDA:50,9,0,16
BRDA:50,9,1,2
BRDA:53,10,0,2
BRDA:53,10,1,1
BRDA:56,11,0,14
BRDA:56,11,1,10
BRDA:57,12,0,14
BRDA:57,12,1,10
BRDA:59,13,0,2
BRDA:59,13,1,12
BRDA:66,14,0,2
BRDA:66,14,1,12
BRDA:73,15,0,2
BRDA:73,15,1,11
BRDA:73,16,0,13
BRDA:73,16,1,2
BRDA:104,17,0,2
BRDA:104,17,1,13
BRDA:104,18,0,15
BRDA:104,18,1,14
BRDA:112,19,0,12
BRDA:112,19,1,1
BRDA:118,20,0,13
BRDA:118,20,1,12
BRF:39
BRH:39
end_of_record
TN:
SF:src/bot/handlers/sightingsHandlers.js
FN:12,(anonymous_0)
FN:47,(anonymous_1)
FN:48,(anonymous_2)
FN:75,(anonymous_3)
FN:115,(anonymous_4)
FN:119,(anonymous_5)
FN:142,(anonymous_6)
FN:153,(anonymous_7)
FN:205,(anonymous_8)
FNF:9
FNH:9
FNDA:8,(anonymous_0)
FNDA:12,(anonymous_1)
FNDA:24,(anonymous_2)
FNDA:3,(anonymous_3)
FNDA:3,(anonymous_4)
FNDA:11,(anonymous_5)
FNDA:2,(anonymous_6)
FNDA:5,(anonymous_7)
FNDA:16,(anonymous_8)
DA:5,2
DA:6,2
DA:7,2
DA:8,2
DA:9,2
DA:11,2
DA:13,8
DA:14,8
DA:15,8
DA:17,8
DA:18,6
DA:19,6
DA:29,6
DA:30,6
DA:31,6
DA:35,2
DA:36,1
DA:38,1
DA:39,1
DA:48,24
DA:49,12
DA:50,12
DA:52,12
DA:53,2
DA:56,2
DA:59,10
DA:61,10
DA:63,10
DA:64,10
DA:65,8
DA:67,8
DA:69,6
DA:71,6
DA:73,6
DA:74,2
DA:75,2
DA:76,3
DA:77,3
DA:78,3
DA:80,2
DA:82,4
DA:85,6
DA:88,6
DA:89,6
DA:92,2
DA:94,1
DA:95,1
DA:101,1
DA:104,2
DA:105,2
DA:108,2
DA:116,3
DA:117,3
DA:119,3
DA:120,11
DA:121,11
DA:128,3
DA:134,3
DA:143,2
DA:144,2
DA:145,1
DA:146,1
DA:154,5
DA:156,5
DA:163,5
DA:182,5
DA:192,5
DA:200,5
DA:206,16
DA:207,16
DA:210,16
DA:211,16
DA:214,16
DA:215,2
DA:216,2
DA:217,2
DA:220,14
DA:221,14
DA:223,14
DA:224,14
DA:226,14
DA:228,14
DA:229,2
DA:231,12
DA:235,13
DA:236,2
DA:243,13
DA:248,13
DA:258,1
DA:259,1
DA:263,1
DA:264,1
DA:268,15
DA:269,2
DA:270,2
DA:271,2
DA:272,2
DA:275,13
DA:278,13
DA:287,13
LF:100
LH:100
BRDA:14,0,0,8
BRDA:14,0,1,3
BRDA:14,0,2,1
BRDA:17,1,0,6
BRDA:17,1,1,2
BRDA:35,2,0,1
BRDA:35,2,1,1
BRDA:52,3,0,2
BRDA:52,3,1,10
BRDA:52,4,0,12
BRDA:52,4,1,11
BRDA:67,5,0,6
BRDA:67,5,1,2
BRDA:67,6,0,8
BRDA:67,6,1,8
BRDA:73,7,0,2
BRDA:73,7,1,4
BRDA:73,8,0,6
BRDA:73,8,1,6
BRDA:77,9,0,2
BRDA:77,9,1,1
BRDA:92,10,0,1
BRDA:92,10,1,1
BRDA:120,11,0,2
BRDA:120,11,1,9
BRDA:144,12,0,1
BRDA:144,12,1,1
BRDA:153,13,0,4
BRDA:154,14,0,4
BRDA:154,15,0,5
BRDA:205,16,0,1
BRDA:205,17,0,9
BRDA:205,18,0,11
BRDA:205,19,0,14
BRDA:206,20,0,16
BRDA:206,20,1,2
BRDA:214,21,0,2
BRDA:214,21,1,14
BRDA:214,22,0,16
BRDA:214,22,1,2
BRDA:217,23,0,2
BRDA:217,23,1,1
BRDA:220,24,0,14
BRDA:220,24,1,10
BRDA:221,25,0,14
BRDA:221,25,1,10
BRDA:223,26,0,2
BRDA:223,26,1,12
BRDA:228,27,0,2
BRDA:228,27,1,12
BRDA:235,28,0,2
BRDA:235,28,1,11
BRDA:235,29,0,13
BRDA:235,29,1,2
BRDA:268,30,0,2
BRDA:268,30,1,13
BRDA:268,31,0,15
BRDA:268,31,1,14
BRDA:275,32,0,12
BRDA:275,32,1,1
BRDA:281,33,0,13
BRDA:281,33,1,12
BRF:62
BRH:62
end_of_record
TN:
SF:src/bot/handlers/speciesHandlers.js
FN:12,(anonymous_0)
FN:46,(anonymous_1)
FN:79,(anonymous_2)
FN:100,(anonymous_3)
FN:102,(anonymous_4)
FN:140,(anonymous_5)
FN:225,(anonymous_6)
FNF:7
FNH:7
FNDA:8,(anonymous_0)
FNDA:6,(anonymous_1)
FNDA:2,(anonymous_2)
FNDA:6,(anonymous_3)
FNDA:12,(anonymous_4)
FNDA:14,(anonymous_5)
FNDA:4,(anonymous_6)
DA:5,2
DA:6,2
DA:7,2
DA:8,2
DA:9,2
DA:11,2
DA:13,8
DA:14,8
DA:15,8
DA:17,8
DA:18,6
DA:19,6
DA:34,6
DA:38,2
DA:39,1
DA:42,1
DA:47,6
DA:49,6
DA:51,6
DA:52,5
DA:54,5
DA:55,1
DA:58,1
DA:61,4
DA:64,4
DA:73,4
DA:74,4
DA:75,4
DA:77,4
DA:78,1
DA:79,1
DA:80,2
DA:82,1
DA:85,4
DA:86,4
DA:87,4
DA:88,4
DA:89,4
DA:90,4
DA:91,4
DA:93,4
DA:95,1
DA:96,1
DA:102,12
DA:103,6
DA:104,6
DA:106,6
DA:107,2
DA:110,2
DA:114,4
DA:116,4
DA:117,4
DA:119,3
DA:120,1
DA:123,1
DA:126,2
DA:129,2
DA:135,1
DA:136,1
DA:141,14
DA:144,14
DA:145,14
DA:147,14
DA:149,14
DA:152,14
DA:154,11
DA:155,10
DA:158,3
DA:160,3
DA:161,1
DA:162,1
DA:165,1
DA:168,2
DA:169,2
DA:173,12
DA:174,2
DA:181,12
DA:182,2
DA:183,2
DA:186,2
DA:189,10
DA:191,10
DA:192,10
DA:193,10
DA:203,10
DA:212,10
DA:214,1
DA:215,1
DA:216,1
DA:226,4
DA:228,4
DA:233,4
DA:252,4
DA:260,4
LF:94
LH:94
BRDA:14,0,0,8
BRDA:14,0,1,3
BRDA:14,0,2,1
BRDA:17,1,0,6
BRDA:17,1,1,2
BRDA:38,2,0,1
BRDA:38,2,1,1
BRDA:54,3,0,1
BRDA:54,3,1,4
BRDA:54,4,0,5
BRDA:54,4,1,5
BRDA:77,5,0,1
BRDA:77,5,1,3
BRDA:106,6,0,2
BRDA:106,6,1,4
BRDA:106,7,0,6
BRDA:106,7,1,5
BRDA:119,8,0,1
BRDA:119,8,1,2
BRDA:119,9,0,3
BRDA:119,9,1,3
BRDA:140,10,0,1
BRDA:140,11,0,9
BRDA:144,12,0,14
BRDA:144,12,1,9
BRDA:145,13,0,14
BRDA:145,13,1,9
BRDA:152,14,0,11
BRDA:152,14,1,3
BRDA:160,15,0,1
BRDA:160,15,1,2
BRDA:173,16,0,2
BRDA:173,16,1,10
BRDA:173,17,0,12
BRDA:173,17,1,2
BRDA:181,18,0,2
BRDA:181,18,1,10
BRDA:181,19,0,12
BRDA:181,19,1,11
BRDA:206,20,0,10
BRDA:206,20,1,9
BRF:41
BRH:41
end_of_record
TN:
SF:src/services/ebirdService.js
FN:7,(anonymous_0)
FN:26,(anonymous_1)
FN:44,(anonymous_2)
FN:65,(anonymous_3)
FN:94,(anonymous_4)
FN:117,(anonymous_5)
FN:140,(anonymous_6)
FN:166,(anonymous_7)
FN:189,(anonymous_8)
FN:197,(anonymous_9)
FN:204,(anonymous_10)
FN:227,(anonymous_11)
FN:263,(anonymous_12)
FN:281,(anonymous_13)
FN:294,(anonymous_14)
FN:297,(anonymous_15)
FN:308,(anonymous_16)
FN:319,(anonymous_17)
FN:362,(anonymous_18)
FN:371,(anonymous_19)
FN:391,(anonymous_20)
FN:414,(anonymous_21)
FN:436,(anonymous_22)
FN:458,(anonymous_23)
FN:485,(anonymous_24)
FN:491,(anonymous_25)
FN:509,(anonymous_26)
FN:523,(anonymous_27)
FNF:28
FNH:28
FNDA:104,(anonymous_0)
FNDA:3,(anonymous_1)
FNDA:20,(anonymous_2)
FNDA:6,(anonymous_3)
FNDA:3,(anonymous_4)
FNDA:6,(anonymous_5)
FNDA:3,(anonymous_6)
FNDA:2,(anonymous_7)
FNDA:16,(anonymous_8)
FNDA:88,(anonymous_9)
FNDA:212,(anonymous_10)
FNDA:5,(anonymous_11)
FNDA:30,(anonymous_12)
FNDA:22,(anonymous_13)
FNDA:27,(anonymous_14)
FNDA:73,(anonymous_15)
FNDA:20,(anonymous_16)
FNDA:57,(anonymous_17)
FNDA:6,(anonymous_18)
FNDA:28,(anonymous_19)
FNDA:3,(anonymous_20)
FNDA:3,(anonymous_21)
FNDA:48,(anonymous_22)
FNDA:44,(anonymous_23)
FNDA:10,(anonymous_24)
FNDA:56,(anonymous_25)
FNDA:8,(anonymous_26)
FNDA:50,(anonymous_27)
DA:1,1
DA:2,1
DA:3,1
DA:4,1
DA:8,104
DA:9,104
DA:10,104
DA:18,104
DA:19,104
DA:20,104
DA:27,3
DA:28,3
DA:29,3
DA:32,2
DA:33,2
DA:34,2
DA:36,1
DA:45,20
DA:46,20
DA:47,11
DA:50,9
DA:53,8
DA:54,8
DA:55,8
DA:66,6
DA:68,6
DA:69,6
DA:71,6
DA:77,4
DA:79,2
DA:80,2
DA:81,1
DA:83,2
DA:95,3
DA:96,3
DA:103,2
DA:105,1
DA:106,1
DA:118,6
DA:119,6
DA:124,4
DA:126,2
DA:127,2
DA:141,3
DA:142,3
DA:151,2
DA:153,1
DA:154,1
DA:167,2
DA:168,2
DA:177,1
DA:179,1
DA:180,1
DA:190,16
DA:192,16
DA:194,15
DA:197,15
DA:198,88
DA:199,88
DA:200,88
DA:204,15
DA:205,212
DA:206,212
DA:207,212
DA:208,210
DA:209,208
DA:212,15
DA:214,1
DA:215,1
DA:228,5
DA:230,5
DA:232,5
DA:233,1
DA:237,4
DA:238,4
DA:241,4
DA:243,3
DA:253,1
DA:254,1
DA:264,30
DA:265,30
DA:266,27
DA:268,3
DA:269,3
DA:282,22
DA:283,22
DA:285,21
DA:286,2
DA:290,19
DA:291,19
DA:294,27
DA:297,19
DA:298,73
DA:299,73
DA:302,73
DA:303,58
DA:307,15
DA:308,14
DA:309,20
DA:312,14
DA:315,1
DA:319,19
DA:326,57
DA:327,57
DA:328,57
DA:329,53
DA:332,49
DA:333,49
DA:334,49
DA:335,45
DA:338,43
DA:339,43
DA:340,43
DA:341,41
DA:344,40
DA:345,40
DA:346,40
DA:349,19
DA:351,1
DA:352,1
DA:363,6
DA:364,6
DA:366,5
DA:367,1
DA:371,4
DA:372,28
DA:373,28
DA:374,28
DA:377,4
DA:379,1
DA:380,1
DA:392,3
DA:393,3
DA:394,3
DA:400,2
DA:402,1
DA:403,1
DA:415,3
DA:416,3
DA:423,2
DA:425,1
DA:426,1
DA:437,48
DA:440,46
DA:441,46
DA:442,46
DA:445,46
DA:448,46
DA:449,46
DA:459,44
DA:460,44
DA:461,44
DA:462,44
DA:463,44
DA:464,44
DA:467,44
DA:468,38
DA:469,38
DA:473,44
DA:474,37
DA:477,44
DA:486,10
DA:487,2
DA:490,8
DA:491,8
DA:493,56
DA:494,56
DA:495,2
DA:497,54
DA:498,54
DA:510,8
DA:511,2
DA:515,6
DA:518,6
DA:519,6
DA:520,6
DA:521,6
DA:523,6
DA:524,50
DA:527,50
DA:528,3
DA:529,3
DA:531,50
DA:535,6
DA:536,6
DA:539,6
DA:543,1
LF:187
LH:187
BRDA:46,0,0,11
BRDA:46,0,1,9
BRDA:46,1,0,20
BRDA:46,1,1,12
BRDA:46,1,2,12
BRDA:65,2,0,5
BRDA:65,3,0,5
BRDA:80,4,0,1
BRDA:80,4,1,1
BRDA:94,5,0,2
BRDA:94,6,0,2
BRDA:117,7,0,1
BRDA:140,8,0,2
BRDA:140,9,0,2
BRDA:140,10,0,2
BRDA:166,11,0,1
BRDA:166,12,0,1
BRDA:198,13,0,88
BRDA:198,13,1,1
BRDA:199,14,0,88
BRDA:199,14,1,2
BRDA:200,15,0,88
BRDA:200,15,1,18
BRDA:207,16,0,2
BRDA:207,16,1,210
BRDA:207,17,0,212
BRDA:207,17,1,206
BRDA:208,18,0,2
BRDA:208,18,1,208
BRDA:208,19,0,210
BRDA:208,19,1,6
BRDA:227,20,0,4
BRDA:232,21,0,1
BRDA:232,21,1,4
BRDA:232,22,0,5
BRDA:232,22,1,5
BRDA:281,23,0,21
BRDA:285,24,0,2
BRDA:285,24,1,19
BRDA:285,25,0,21
BRDA:285,25,1,20
BRDA:298,26,0,73
BRDA:298,26,1,3
BRDA:302,27,0,58
BRDA:302,27,1,15
BRDA:307,28,0,14
BRDA:307,28,1,1
BRDA:328,29,0,4
BRDA:328,29,1,53
BRDA:328,30,0,57
BRDA:328,30,1,4
BRDA:329,31,0,4
BRDA:329,31,1,49
BRDA:329,32,0,53
BRDA:329,32,1,53
BRDA:334,33,0,4
BRDA:334,33,1,45
BRDA:334,34,0,49
BRDA:334,34,1,35
BRDA:335,35,0,2
BRDA:335,35,1,43
BRDA:335,36,0,45
BRDA:335,36,1,14
BRDA:340,37,0,2
BRDA:340,37,1,41
BRDA:340,38,0,43
BRDA:340,38,1,41
BRDA:341,39,0,1
BRDA:341,39,1,40
BRDA:341,40,0,41
BRDA:341,40,1,2
BRDA:344,41,0,40
BRDA:344,41,1,4
BRDA:345,42,0,40
BRDA:345,42,1,2
BRDA:362,43,0,2
BRDA:366,44,0,1
BRDA:366,44,1,4
BRDA:366,45,0,5
BRDA:366,45,1,5
BRDA:372,46,0,28
BRDA:372,46,1,1
BRDA:373,47,0,28
BRDA:373,47,1,4
BRDA:391,48,0,2
BRDA:391,49,0,2
BRDA:414,50,0,2
BRDA:437,51,0,2
BRDA:437,51,1,46
BRDA:442,52,0,46
BRDA:442,52,1,6
BRDA:449,53,0,40
BRDA:449,53,1,6
BRDA:467,54,0,38
BRDA:467,54,1,6
BRDA:468,55,0,37
BRDA:468,55,1,1
BRDA:473,56,0,37
BRDA:473,56,1,7
BRDA:486,57,0,2
BRDA:486,57,1,8
BRDA:486,58,0,10
BRDA:486,58,1,9
BRDA:493,59,0,56
BRDA:493,59,1,4
BRDA:493,60,0,56
BRDA:493,60,1,49
BRDA:494,61,0,2
BRDA:494,61,1,54
BRDA:509,62,0,1
BRDA:509,63,0,5
BRDA:510,64,0,2
BRDA:510,64,1,6
BRDA:510,65,0,8
BRDA:510,65,1,7
BRDA:527,66,0,3
BRDA:527,66,1,47
BRDA:535,67,0,6
BRF:118
BRH:118
end_of_record
TN:
SF:src/services/sessionStore.js
FN:18,(anonymous_0)
FN:26,(anonymous_1)
FN:27,(anonymous_2)
FN:33,(anonymous_3)
FN:43,(anonymous_4)
FN:63,(anonymous_5)
FN:97,(anonymous_6)
FN:106,_mapToObj
FN:114,_objToMap
FNF:9
FNH:9
FNDA:19,(anonymous_0)
FNDA:4,(anonymous_1)
FNDA:1,(anonymous_2)
FNDA:43,(anonymous_3)
FNDA:7,(anonymous_4)
FNDA:7,(anonymous_5)
FNDA:4,(anonymous_6)
FNDA:14,_mapToObj
FNDA:6,_objToMap
DA:10,19
DA:11,19
DA:12,19
DA:14,19
DA:15,19
DA:19,19
DA:27,4
DA:29,4
DA:30,4
DA:34,43
DA:35,3
DA:36,3
DA:44,7
DA:45,7
DA:53,7
DA:54,6
DA:56,1
DA:64,7
DA:65,7
DA:67,6
DA:68,6
DA:71,5
DA:72,5
DA:73,5
DA:74,1
DA:75,1
DA:76,1
DA:79,4
DA:80,3
DA:82,4
DA:83,3
DA:86,4
DA:91,1
DA:92,1
DA:98,4
DA:99,4
DA:107,14
DA:108,14
DA:109,8
DA:111,14
DA:115,6
DA:116,8
DA:121,19
LF:43
LH:43
BRDA:29,0,0,3
BRDA:29,0,1,1
BRDA:34,1,0,3
BRDA:34,1,1,40
BRDA:65,2,0,1
BRDA:65,2,1,6
BRDA:73,3,0,1
BRDA:73,3,1,4
BRDA:79,4,0,3
BRDA:79,4,1,1
BRDA:82,5,0,3
BRDA:82,5,1,1
BRDA:99,6,0,3
BRDA:99,6,1,1
BRF:14
BRH:14
end_of_record
TN:
SF:src/services/sheetsService.js
FN:15,(anonymous_0)
FN:25,(anonymous_1)
FN:52,(anonymous_2)
FN:74,(anonymous_3)
FN:127,(anonymous_4)
FNF:5
FNH:5
FNDA:26,(anonymous_0)
FNDA:71,(anonymous_1)
FNDA:18,(anonymous_2)
FNDA:88,(anonymous_3)
FNDA:71,(anonymous_4)
DA:10,26
DA:11,26
DA:12,26
DA:16,26
DA:17,26
DA:18,26
DA:19,26
DA:26,71
DA:27,67
DA:28,48
DA:29,48
DA:32,19
DA:33,19
DA:34,19
DA:38,18
DA:39,18
DA:41,18
DA:42,18
DA:43,18
DA:45,1
DA:53,18
DA:64,18
DA:66,18
DA:67,18
DA:72,15
DA:73,15
DA:74,88
DA:76,15
DA:78,4
DA:82,4
DA:88,4
DA:91,3
DA:92,2
DA:93,2
DA:101,1
DA:108,1
DA:111,1
DA:128,71
DA:129,71
DA:130,71
DA:131,22
DA:134,20
DA:135,20
DA:136,24
DA:138,20
DA:140,20
DA:151,20
DA:159,19
DA:163,1
DA:169,26
LF:50
LH:50
BRDA:26,0,0,4
BRDA:26,0,1,67
BRDA:27,1,0,48
BRDA:27,1,1,19
BRDA:27,2,0,67
BRDA:27,2,1,19
BRDA:72,3,0,15
BRDA:72,3,1,2
BRDA:73,4,0,15
BRDA:73,4,1,11
BRDA:76,5,0,4
BRDA:76,5,1,11
BRDA:91,6,0,2
BRDA:91,6,1,1
BRDA:130,7,0,49
BRDA:130,7,1,22
BRDA:131,8,0,2
BRDA:131,8,1,20
BRDA:131,9,0,22
BRDA:131,9,1,21
BRDA:136,10,0,22
BRDA:136,10,1,2
BRDA:142,11,0,20
BRDA:142,11,1,1
BRDA:144,12,0,20
BRDA:144,12,1,1
BRDA:145,13,0,20
BRDA:145,13,1,1
BRF:28
BRH:28
end_of_record
TN:
SF:src/utils/dateUtils.js
FN:201,resolveTimezone
FN:219,getTimezoneAbbr
FN:223,(anonymous_2)
FN:232,getRegionTime
FN:241,(anonymous_4)
FN:242,(anonymous_5)
FN:250,getLocalNow
FN:259,getStartOfDay
FN:270,getEndOfDay
FN:282,formatLocalTime
FN:290,(anonymous_10)
FN:291,(anonymous_11)
FN:301,getDatePreset
FN:384,parseDate
FN:419,daysBetween
FN:429,daysBackFromToday
FN:441,formatDateDDMMYYYY
FN:455,isDateInRange
FN:465,parseEBirdDate
FN:485,filterObservationsByDateRange
FN:488,(anonymous_20)
FN:502,getDateRangeDescription
FNF:22
FNH:22
FNDA:168,resolveTimezone
FNDA:106,getTimezoneAbbr
FNDA:738,(anonymous_2)
FNDA:41,getRegionTime
FNDA:41,(anonymous_4)
FNDA:121,(anonymous_5)
FNDA:49,getLocalNow
FNDA:104,getStartOfDay
FNDA:9,getEndOfDay
FNDA:4,formatLocalTime
FNDA:3,(anonymous_10)
FNDA:9,(anonymous_11)
FNDA:38,getDatePreset
FNDA:22,parseDate
FNDA:5,daysBetween
FNDA:9,daysBackFromToday
FNDA:18,formatDateDDMMYYYY
FNDA:29,isDateInRange
FNDA:28,parseEBirdDate
FNDA:11,filterObservationsByDateRange
FNDA:27,(anonymous_20)
FNDA:4,getDateRangeDescription
DA:11,8
DA:202,168
DA:203,157
DA:204,157
DA:206,4
DA:207,4
DA:210,12
DA:220,106
DA:221,106
DA:222,106
DA:223,738
DA:224,106
DA:233,41
DA:234,41
DA:235,41
DA:241,41
DA:242,121
DA:243,41
DA:251,49
DA:260,104
DA:261,104
DA:262,104
DA:271,9
DA:272,9
DA:273,9
DA:283,4
DA:284,4
DA:290,4
DA:291,9
DA:292,4
DA:302,38
DA:303,38
DA:304,38
DA:307,38
DA:309,38
DA:311,13
DA:319,5
DA:320,5
DA:321,5
DA:329,5
DA:330,5
DA:331,5
DA:339,5
DA:340,5
DA:341,5
DA:349,5
DA:350,5
DA:351,5
DA:359,4
DA:360,4
DA:361,4
DA:369,1
DA:385,22
DA:387,20
DA:390,20
DA:391,20
DA:392,14
DA:393,14
DA:397,6
DA:398,6
DA:399,1
DA:400,1
DA:404,5
DA:405,5
DA:406,1
DA:407,1
DA:410,4
DA:420,5
DA:421,5
DA:430,9
DA:431,9
DA:432,9
DA:433,9
DA:442,18
DA:443,18
DA:444,18
DA:445,18
DA:456,29
DA:457,29
DA:466,28
DA:468,26
DA:469,26
DA:470,26
DA:472,26
DA:473,26
DA:475,26
DA:486,11
DA:488,9
DA:489,27
DA:490,24
DA:491,24
DA:503,4
DA:504,4
DA:505,4
DA:507,4
DA:508,1
DA:511,3
DA:514,8
LF:98
LH:98
BRDA:202,0,0,157
BRDA:202,0,1,11
BRDA:204,1,0,153
BRDA:204,1,1,4
BRDA:207,2,0,3
BRDA:207,2,1,1
BRDA:224,3,0,105
BRDA:224,3,1,1
BRDA:241,4,0,41
BRDA:241,4,1,1
BRDA:242,5,0,41
BRDA:242,5,1,1
BRDA:290,6,0,4
BRDA:290,6,1,1
BRDA:291,7,0,4
BRDA:291,7,1,1
BRDA:309,8,0,13
BRDA:309,8,1,5
BRDA:309,8,2,5
BRDA:309,8,3,5
BRDA:309,8,4,5
BRDA:309,8,5,4
BRDA:309,8,6,1
BRDA:385,9,0,2
BRDA:385,9,1,20
BRDA:391,10,0,14
BRDA:391,10,1,6
BRDA:398,11,0,1
BRDA:398,11,1,5
BRDA:405,12,0,1
BRDA:405,12,1,4
BRDA:457,13,0,29
BRDA:457,13,1,16
BRDA:466,14,0,2
BRDA:466,14,1,26
BRDA:470,15,0,26
BRDA:470,15,1,1
BRDA:486,16,0,2
BRDA:486,16,1,9
BRDA:486,17,0,11
BRDA:486,17,1,10
BRDA:489,18,0,3
BRDA:489,18,1,24
BRDA:491,19,0,24
BRDA:491,19,1,24
BRDA:507,20,0,1
BRDA:507,20,1,3
BRF:47
BRH:47
end_of_record
TN:
SF:src/utils/logger.js
FN:28,(anonymous_0)
FNF:1
FNH:1
FNDA:62,(anonymous_0)
DA:13,9
DA:15,9
DA:17,9
DA:29,62
DA:30,62
DA:36,9
LF:6
LH:6
BRDA:18,0,0,9
BRDA:18,0,1,8
BRDA:18,1,0,1
BRDA:18,1,1,7
BRDA:26,2,0,1
BRDA:26,2,1,8
BRDA:29,3,0,15
BRDA:29,3,1,47
BRF:8
BRH:8
end_of_record
TN:
SF:src/utils/markdown.js
FN:21,escapeMarkdown
FNF:1
FNH:1
FNDA:666,escapeMarkdown
DA:22,666
DA:23,663
DA:27,10
DA:29,10
LF:4
LH:4
BRDA:22,0,0,3
BRDA:22,0,1,663
BRF:2
BRH:2
end_of_record
TN:
SF:src/utils/regionCodes.js
FN:289,toRegionCode
FN:321,getLocationName
FN:335,getPopularLocations
FNF:3
FNH:3
FNDA:77,toRegionCode
FNDA:5,getLocationName
FNDA:9,getPopularLocations
DA:2,8
DA:290,77
DA:292,75
DA:295,75
DA:296,9
DA:300,66
DA:301,66
DA:302,52
DA:306,14
DA:307,2635
DA:308,4
DA:313,10
DA:322,5
DA:323,5
DA:324,409
DA:325,4
DA:328,1
DA:336,9
DA:351,8
LF:19
LH:19
BRDA:290,0,0,2
BRDA:290,0,1,75
BRDA:295,1,0,9
BRDA:295,1,1,66
BRDA:301,2,0,52
BRDA:301,2,1,14
BRDA:307,3,0,4
BRDA:307,3,1,2631
BRDA:307,4,0,2635
BRDA:307,4,1,2632
BRDA:324,5,0,4
BRDA:324,5,1,405
BRF:12
BRH:12
end_of_record
TN:
SF:src/utils/speciesCodes.js
FN:301,toSpeciesCode
FN:330,getSpeciesName
FN:337,(anonymous_2)
FN:346,searchSpecies
FN:360,(anonymous_4)
FN:370,getPopularSpecies
FNF:6
FNH:6
FNDA:14,toSpeciesCode
FNDA:5,getSpeciesName
FNDA:4,(anonymous_2)
FNDA:6,searchSpecies
FNDA:180,(anonymous_4)
FNDA:3,getPopularSpecies
DA:6,1
DA:302,14
DA:304,12
DA:307,12
DA:308,4
DA:312,8
DA:313,4
DA:317,4
DA:318,238
DA:319,3
DA:324,1
DA:331,5
DA:332,3
DA:334,3
DA:335,357
DA:337,4
DA:340,1
DA:347,6
DA:349,4
DA:350,4
DA:352,4
DA:353,940
DA:354,180
DA:359,4
DA:360,4
DA:361,180
DA:362,124
DA:363,124
DA:371,3
DA:380,1
LF:30
LH:30
BRDA:302,0,0,2
BRDA:302,0,1,12
BRDA:307,1,0,4
BRDA:307,1,1,8
BRDA:307,2,0,12
BRDA:307,2,1,4
BRDA:312,3,0,4
BRDA:312,3,1,4
BRDA:318,4,0,3
BRDA:318,4,1,235
BRDA:318,5,0,238
BRDA:318,5,1,237
BRDA:331,6,0,2
BRDA:331,6,1,3
BRDA:335,7,0,2
BRDA:335,7,1,355
BRDA:347,8,0,2
BRDA:347,8,1,4
BRDA:353,9,0,180
BRDA:353,9,1,760
BRDA:361,10,0,56
BRDA:361,10,1,124
BRF:22
BRH:22
end_of_record
